{
  "stats": {
    "suites": 1,
    "tests": 3,
    "passes": 0,
    "pending": 0,
    "failures": 3,
    "start": "2023-10-13T03:50:48.112Z",
    "end": "2023-10-13T03:50:51.281Z",
    "duration": 3169,
    "testsRegistered": 3,
    "passPercent": 0,
    "pendingPercent": 0,
    "other": 0,
    "hasOther": false,
    "skipped": 0,
    "hasSkipped": false
  },
  "results": [
    {
      "uuid": "8214f435-b752-45b2-8843-3bbb3cf17a2f",
      "title": "",
      "fullFile": "cypress\\e2e\\features\\backend\\aa_upgrade_downgrade_usersubscription.feature",
      "file": "cypress\\e2e\\features\\backend\\aa_upgrade_downgrade_usersubscription.feature",
      "beforeHooks": [],
      "afterHooks": [],
      "tests": [],
      "suites": [
        {
          "uuid": "e93fd899-b417-405b-ad69-ed57fc332b40",
          "title": "Upgrade or downgrade usersubscription",
          "fullFile": "",
          "file": "",
          "beforeHooks": [],
          "afterHooks": [],
          "tests": [
            {
              "title": "Upgrade or downgrade usersubscription to any tier (example #1)",
              "fullTitle": "Upgrade or downgrade usersubscription Upgrade or downgrade usersubscription to any tier (example #1)",
              "timedOut": null,
              "duration": 1320,
              "state": "failed",
              "speed": null,
              "pass": false,
              "fail": true,
              "pending": false,
              "context": null,
              "code": "const state = window.testState;\nreturn cy\n  .then(() => state.onStartScenario(scenario, indexedSteps))\n  .then(() =>\n    resolveAndRunBeforeHooks.call(this, scenario.tags, state.feature.name)\n  )\n  .then(() =>\n    indexedSteps.forEach((step) =>\n      stepTest.call(this, state, step, rowData)\n    )\n  )\n  .then(() => state.onFinishScenario(scenario));",
              "err": {
                "message": "CypressError: `cy.request()` failed on:\n\nhttps://rmzwitktjd.execute-api.us-east-1.amazonaws.com/Prod/upgrade_downgrade_usersubscription\n\nThe response we received from your web server was:\n\n  > 400: Bad Request\n\nThis was considered a failure because the status code was not `2xx` or `3xx`.\n\nIf you do not want status codes to cause failures pass the option: `failOnStatusCode: false`\n\n-----------------------------------------------------------\n\nThe request we sent was:\n\nMethod: POST\nURL: https://rmzwitktjd.execute-api.us-east-1.amazonaws.com/Prod/upgrade_downgrade_usersubscription\nHeaders: {\n  \"Connection\": \"keep-alive\",\n  \"Authorization\": \"Bearer eyJraWQiOiJ6ZG0yZ2NvUkltVXBmODFNWk54QnlEN2tRMGpMUXpucnpLVjNpaUd0bTk0PSIsImFsZyI6IlJTMjU2In0.eyJzdWIiOiI0NGI4YzQxOC0yMGExLTcwZTAtZGVmYi0wMmRlZjUzZjkxOGMiLCJlbWFpbF92ZXJpZmllZCI6dHJ1ZSwiaXNzIjoiaHR0cHM6XC9cL2NvZ25pdG8taWRwLnVzLWVhc3QtMS5hbWF6b25hd3MuY29tXC91cy1lYXN0LTFfVWJDN0p0R2xZIiwiY29nbml0bzp1c2VybmFtZSI6IjQ0YjhjNDE4LTIwYTEtNzBlMC1kZWZiLTAyZGVmNTNmOTE4YyIsIm9yaWdpbl9qdGkiOiI1MGVmZDQ2ZS02ODI0LTQ3NjEtYWI5Ny1lYzJiOWFiMjY1YzAiLCJhdWQiOiI2MGh0Nms0azA2OW9pNjk2bWMza2ZscGloOSIsImV2ZW50X2lkIjoiYWM3YWNjMDgtNTVkOC00YTI5LTkwY2YtZjg2MzA2MTllZmM2IiwidG9rZW5fdXNlIjoiaWQiLCJhdXRoX3RpbWUiOjE2OTY5NzE5OTIsImV4cCI6MTY5NzI1NTQ0OCwiaWF0IjoxNjk3MTY5MDQ4LCJqdGkiOiIzN2I3YWJkOS0zY2RhLTQ0YTEtOGI0Yi0yNmVkOGJiNDJhYmQiLCJlbWFpbCI6ImFiZHVsbGF0aWYuYWtzdUBhYmV5aXMuY29tIn0.2ZrLmrQaowNdOXY6JIYxrRdF_PAUfbYshwWISR2QRl4vPN66ye_OlF0Gj_jlhV4C_euNfys6DBEKr4sdGNj1W6GPX2khF3yAXEYMvvyUaeJSaxPw6BSGnUyQJRT2oAGo8zn-sGT8Stv5ydfvMvUNVArJrumFHd_Hc9ilL6WHBeUJg3tVivNHFJyC9Ct5IJgCbfrJI53VeMlweFTdR8K0Yb0bigsQ62tuOme5TzYOW6in7PgNSshNsvObOsyOaNwgSPS3e82QCPUhm2MHjvh3NL6IgfkIZqoRJ4QLUoJs-AQs1IuGvLNKR38M1qprAt1qzVLRuBQ87C8eVdNd1vG0GQ\",\n  \"user-agent\": \"Mozilla/5.0 (Windows NT 10.0; Win64; x64) AppleWebKit/537.36 (KHTML, like Gecko) Cypress/13.3.1 Chrome/114.0.5735.289 Electron/25.8.4 Safari/537.36\",\n  \"accept\": \"*/*\",\n  \"accept-encoding\": \"gzip, deflate\",\n  \"content-type\": \"application/json\",\n  \"content-length\": 51\n}\nBody: {\"new_package_id\":\"price_1NyveXGRkOBpNhaCKR23bLoD\"}\n\n-----------------------------------------------------------\n\nThe response we got was:\n\nStatus: 400 - Bad Request\nHeaders: {\n  \"content-type\": \"application/json\",\n  \"content-length\": \"149\",\n  \"connection\": \"keep-alive\",\n  \"date\": \"Fri, 13 Oct 2023 03:50:48 GMT\",\n  \"x-amzn-requestid\": \"cb8f0c62-1bd2-4d2a-bcbb-ced0ba0fe1ea\",\n  \"x-amz-apigw-id\": \"MuK35HLlIAMFiSA=\",\n  \"x-amzn-trace-id\": \"Root=1-6528be98-63e53a8a019f0c711ad8ea24;Sampled=0;lineage=d08050fe:0\",\n  \"x-cache\": \"Error from cloudfront\",\n  \"via\": \"1.1 fa2ecff4e65c01748abe1c8c2a9dfb72.cloudfront.net (CloudFront)\",\n  \"x-amz-cf-pop\": \"JFK52-P3\",\n  \"x-amz-cf-id\": \"ojT1U-PmGHycXMWI2Dy_im33zPJNqHoAlLFwWZVdHB06eqCWM70b8Q==\"\n}\nBody: Could not determine which URL to request: Subscription instance has invalid ID: None, <class 'NoneType'>. ID should be of type `str` (or `unicode`)\n\n\nhttps://on.cypress.io/request",
                "estack": "CypressError: `cy.request()` failed on:\n\nhttps://rmzwitktjd.execute-api.us-east-1.amazonaws.com/Prod/upgrade_downgrade_usersubscription\n\nThe response we received from your web server was:\n\n  > 400: Bad Request\n\nThis was considered a failure because the status code was not `2xx` or `3xx`.\n\nIf you do not want status codes to cause failures pass the option: `failOnStatusCode: false`\n\n-----------------------------------------------------------\n\nThe request we sent was:\n\nMethod: POST\nURL: https://rmzwitktjd.execute-api.us-east-1.amazonaws.com/Prod/upgrade_downgrade_usersubscription\nHeaders: {\n  \"Connection\": \"keep-alive\",\n  \"Authorization\": \"Bearer eyJraWQiOiJ6ZG0yZ2NvUkltVXBmODFNWk54QnlEN2tRMGpMUXpucnpLVjNpaUd0bTk0PSIsImFsZyI6IlJTMjU2In0.eyJzdWIiOiI0NGI4YzQxOC0yMGExLTcwZTAtZGVmYi0wMmRlZjUzZjkxOGMiLCJlbWFpbF92ZXJpZmllZCI6dHJ1ZSwiaXNzIjoiaHR0cHM6XC9cL2NvZ25pdG8taWRwLnVzLWVhc3QtMS5hbWF6b25hd3MuY29tXC91cy1lYXN0LTFfVWJDN0p0R2xZIiwiY29nbml0bzp1c2VybmFtZSI6IjQ0YjhjNDE4LTIwYTEtNzBlMC1kZWZiLTAyZGVmNTNmOTE4YyIsIm9yaWdpbl9qdGkiOiI1MGVmZDQ2ZS02ODI0LTQ3NjEtYWI5Ny1lYzJiOWFiMjY1YzAiLCJhdWQiOiI2MGh0Nms0azA2OW9pNjk2bWMza2ZscGloOSIsImV2ZW50X2lkIjoiYWM3YWNjMDgtNTVkOC00YTI5LTkwY2YtZjg2MzA2MTllZmM2IiwidG9rZW5fdXNlIjoiaWQiLCJhdXRoX3RpbWUiOjE2OTY5NzE5OTIsImV4cCI6MTY5NzI1NTQ0OCwiaWF0IjoxNjk3MTY5MDQ4LCJqdGkiOiIzN2I3YWJkOS0zY2RhLTQ0YTEtOGI0Yi0yNmVkOGJiNDJhYmQiLCJlbWFpbCI6ImFiZHVsbGF0aWYuYWtzdUBhYmV5aXMuY29tIn0.2ZrLmrQaowNdOXY6JIYxrRdF_PAUfbYshwWISR2QRl4vPN66ye_OlF0Gj_jlhV4C_euNfys6DBEKr4sdGNj1W6GPX2khF3yAXEYMvvyUaeJSaxPw6BSGnUyQJRT2oAGo8zn-sGT8Stv5ydfvMvUNVArJrumFHd_Hc9ilL6WHBeUJg3tVivNHFJyC9Ct5IJgCbfrJI53VeMlweFTdR8K0Yb0bigsQ62tuOme5TzYOW6in7PgNSshNsvObOsyOaNwgSPS3e82QCPUhm2MHjvh3NL6IgfkIZqoRJ4QLUoJs-AQs1IuGvLNKR38M1qprAt1qzVLRuBQ87C8eVdNd1vG0GQ\",\n  \"user-agent\": \"Mozilla/5.0 (Windows NT 10.0; Win64; x64) AppleWebKit/537.36 (KHTML, like Gecko) Cypress/13.3.1 Chrome/114.0.5735.289 Electron/25.8.4 Safari/537.36\",\n  \"accept\": \"*/*\",\n  \"accept-encoding\": \"gzip, deflate\",\n  \"content-type\": \"application/json\",\n  \"content-length\": 51\n}\nBody: {\"new_package_id\":\"price_1NyveXGRkOBpNhaCKR23bLoD\"}\n\n-----------------------------------------------------------\n\nThe response we got was:\n\nStatus: 400 - Bad Request\nHeaders: {\n  \"content-type\": \"application/json\",\n  \"content-length\": \"149\",\n  \"connection\": \"keep-alive\",\n  \"date\": \"Fri, 13 Oct 2023 03:50:48 GMT\",\n  \"x-amzn-requestid\": \"cb8f0c62-1bd2-4d2a-bcbb-ced0ba0fe1ea\",\n  \"x-amz-apigw-id\": \"MuK35HLlIAMFiSA=\",\n  \"x-amzn-trace-id\": \"Root=1-6528be98-63e53a8a019f0c711ad8ea24;Sampled=0;lineage=d08050fe:0\",\n  \"x-cache\": \"Error from cloudfront\",\n  \"via\": \"1.1 fa2ecff4e65c01748abe1c8c2a9dfb72.cloudfront.net (CloudFront)\",\n  \"x-amz-cf-pop\": \"JFK52-P3\",\n  \"x-amz-cf-id\": \"ojT1U-PmGHycXMWI2Dy_im33zPJNqHoAlLFwWZVdHB06eqCWM70b8Q==\"\n}\nBody: Could not determine which URL to request: Subscription instance has invalid ID: None, <class 'NoneType'>. ID should be of type `str` (or `unicode`)\n\n\nhttps://on.cypress.io/request\n    at <unknown> (http://localhost:57412/__cypress/runner/cypress_runner.js:133251:72)\n    at tryCatcher (http://localhost:57412/__cypress/runner/cypress_runner.js:1807:23)\n    at Promise._settlePromiseFromHandler (http://localhost:57412/__cypress/runner/cypress_runner.js:1519:31)\n    at Promise._settlePromise (http://localhost:57412/__cypress/runner/cypress_runner.js:1576:18)\n    at Promise._settlePromise0 (http://localhost:57412/__cypress/runner/cypress_runner.js:1621:10)\n    at Promise._settlePromises (http://localhost:57412/__cypress/runner/cypress_runner.js:1701:18)\n    at _drainQueueStep (http://localhost:57412/__cypress/runner/cypress_runner.js:2407:12)\n    at _drainQueue (http://localhost:57412/__cypress/runner/cypress_runner.js:2400:9)\n    at Async._drainQueues (http://localhost:57412/__cypress/runner/cypress_runner.js:2416:5)\n    at Async.drainQueues (http://localhost:57412/__cypress/runner/cypress_runner.js:2286:14)\nFrom Your Spec Code:\n    at Context.eval (cypress/integration/step_definitions/backend/aa_token_generate.cy.js:8:16)",
                "diff": null
              },
              "uuid": "a26b0137-e222-4ff3-b263-a4920d2c8531",
              "parentUUID": "e93fd899-b417-405b-ad69-ed57fc332b40",
              "isHook": false,
              "skipped": false
            },
            {
              "title": "Upgrade or downgrade usersubscription to any tier (example #2)",
              "fullTitle": "Upgrade or downgrade usersubscription Upgrade or downgrade usersubscription to any tier (example #2)",
              "timedOut": null,
              "duration": 831,
              "state": "failed",
              "speed": null,
              "pass": false,
              "fail": true,
              "pending": false,
              "context": null,
              "code": "const state = window.testState;\nreturn cy\n  .then(() => state.onStartScenario(scenario, indexedSteps))\n  .then(() =>\n    resolveAndRunBeforeHooks.call(this, scenario.tags, state.feature.name)\n  )\n  .then(() =>\n    indexedSteps.forEach((step) =>\n      stepTest.call(this, state, step, rowData)\n    )\n  )\n  .then(() => state.onFinishScenario(scenario));",
              "err": {
                "message": "CypressError: `cy.request()` failed on:\n\nhttps://rmzwitktjd.execute-api.us-east-1.amazonaws.com/Prod/upgrade_downgrade_usersubscription\n\nThe response we received from your web server was:\n\n  > 400: Bad Request\n\nThis was considered a failure because the status code was not `2xx` or `3xx`.\n\nIf you do not want status codes to cause failures pass the option: `failOnStatusCode: false`\n\n-----------------------------------------------------------\n\nThe request we sent was:\n\nMethod: POST\nURL: https://rmzwitktjd.execute-api.us-east-1.amazonaws.com/Prod/upgrade_downgrade_usersubscription\nHeaders: {\n  \"Connection\": \"keep-alive\",\n  \"Authorization\": \"Bearer eyJraWQiOiJ6ZG0yZ2NvUkltVXBmODFNWk54QnlEN2tRMGpMUXpucnpLVjNpaUd0bTk0PSIsImFsZyI6IlJTMjU2In0.eyJzdWIiOiI0NGI4YzQxOC0yMGExLTcwZTAtZGVmYi0wMmRlZjUzZjkxOGMiLCJlbWFpbF92ZXJpZmllZCI6dHJ1ZSwiaXNzIjoiaHR0cHM6XC9cL2NvZ25pdG8taWRwLnVzLWVhc3QtMS5hbWF6b25hd3MuY29tXC91cy1lYXN0LTFfVWJDN0p0R2xZIiwiY29nbml0bzp1c2VybmFtZSI6IjQ0YjhjNDE4LTIwYTEtNzBlMC1kZWZiLTAyZGVmNTNmOTE4YyIsIm9yaWdpbl9qdGkiOiI1MGVmZDQ2ZS02ODI0LTQ3NjEtYWI5Ny1lYzJiOWFiMjY1YzAiLCJhdWQiOiI2MGh0Nms0azA2OW9pNjk2bWMza2ZscGloOSIsImV2ZW50X2lkIjoiYWM3YWNjMDgtNTVkOC00YTI5LTkwY2YtZjg2MzA2MTllZmM2IiwidG9rZW5fdXNlIjoiaWQiLCJhdXRoX3RpbWUiOjE2OTY5NzE5OTIsImV4cCI6MTY5NzI1NTQ0OSwiaWF0IjoxNjk3MTY5MDQ5LCJqdGkiOiI0ODNjNTliOS0yYTY0LTQ4NmItOTIzOS1hNmVkOGI3OGU0MzgiLCJlbWFpbCI6ImFiZHVsbGF0aWYuYWtzdUBhYmV5aXMuY29tIn0.lPx33HyVX7_g4llwbrFY9PeQDH1FLJciVGFj3zDMgX3-NVmfC4jRcXieH_zv_FbpkPcZGlWedboa9zO7yj01KjYG2AczZrwHSY77Cl73pJdwJEldCw5yJTRGvuM8a9JR0CiyYXyqm5AjKo3mYKa6vRMSybRRyujKISaI8i339rePl7H4Vk4D_V9SrxTUOgR6N2z--r_cCNrxECcz-dYJbkkN_rD3EX-xrbSD-alta1MUFZmO2UZmfE9P0EFcrlSofp7PGSiY2shsmClWOPEtHe3mZ5Aq1cNqcNTWvPQfKE8D0jVftIzF389TFwzwl41BrqRjN-1oBEHk0jW5YxfjZA\",\n  \"user-agent\": \"Mozilla/5.0 (Windows NT 10.0; Win64; x64) AppleWebKit/537.36 (KHTML, like Gecko) Cypress/13.3.1 Chrome/114.0.5735.289 Electron/25.8.4 Safari/537.36\",\n  \"accept\": \"*/*\",\n  \"accept-encoding\": \"gzip, deflate\",\n  \"content-type\": \"application/json\",\n  \"content-length\": 51\n}\nBody: {\"new_package_id\":\"price_1NyvhhGRkOBpNhaCbeUTjqoE\"}\n\n-----------------------------------------------------------\n\nThe response we got was:\n\nStatus: 400 - Bad Request\nHeaders: {\n  \"content-type\": \"application/json\",\n  \"content-length\": \"149\",\n  \"connection\": \"keep-alive\",\n  \"date\": \"Fri, 13 Oct 2023 03:50:50 GMT\",\n  \"x-amzn-requestid\": \"99bc2e5e-106f-4709-869e-99badb19bc9a\",\n  \"x-amz-apigw-id\": \"MuK4GGsWoAMFXzg=\",\n  \"x-amzn-trace-id\": \"Root=1-6528be99-6d801b59432d2f61375c3a41;Sampled=0;lineage=d08050fe:0\",\n  \"x-cache\": \"Error from cloudfront\",\n  \"via\": \"1.1 fa2ecff4e65c01748abe1c8c2a9dfb72.cloudfront.net (CloudFront)\",\n  \"x-amz-cf-pop\": \"JFK52-P3\",\n  \"x-amz-cf-id\": \"vQIGrSfGyEWjtu0ow4AeaOWE5xyn5nom68r8T-mM3SuWSQrYnczuiA==\"\n}\nBody: Could not determine which URL to request: Subscription instance has invalid ID: None, <class 'NoneType'>. ID should be of type `str` (or `unicode`)\n\n\nhttps://on.cypress.io/request",
                "estack": "CypressError: `cy.request()` failed on:\n\nhttps://rmzwitktjd.execute-api.us-east-1.amazonaws.com/Prod/upgrade_downgrade_usersubscription\n\nThe response we received from your web server was:\n\n  > 400: Bad Request\n\nThis was considered a failure because the status code was not `2xx` or `3xx`.\n\nIf you do not want status codes to cause failures pass the option: `failOnStatusCode: false`\n\n-----------------------------------------------------------\n\nThe request we sent was:\n\nMethod: POST\nURL: https://rmzwitktjd.execute-api.us-east-1.amazonaws.com/Prod/upgrade_downgrade_usersubscription\nHeaders: {\n  \"Connection\": \"keep-alive\",\n  \"Authorization\": \"Bearer eyJraWQiOiJ6ZG0yZ2NvUkltVXBmODFNWk54QnlEN2tRMGpMUXpucnpLVjNpaUd0bTk0PSIsImFsZyI6IlJTMjU2In0.eyJzdWIiOiI0NGI4YzQxOC0yMGExLTcwZTAtZGVmYi0wMmRlZjUzZjkxOGMiLCJlbWFpbF92ZXJpZmllZCI6dHJ1ZSwiaXNzIjoiaHR0cHM6XC9cL2NvZ25pdG8taWRwLnVzLWVhc3QtMS5hbWF6b25hd3MuY29tXC91cy1lYXN0LTFfVWJDN0p0R2xZIiwiY29nbml0bzp1c2VybmFtZSI6IjQ0YjhjNDE4LTIwYTEtNzBlMC1kZWZiLTAyZGVmNTNmOTE4YyIsIm9yaWdpbl9qdGkiOiI1MGVmZDQ2ZS02ODI0LTQ3NjEtYWI5Ny1lYzJiOWFiMjY1YzAiLCJhdWQiOiI2MGh0Nms0azA2OW9pNjk2bWMza2ZscGloOSIsImV2ZW50X2lkIjoiYWM3YWNjMDgtNTVkOC00YTI5LTkwY2YtZjg2MzA2MTllZmM2IiwidG9rZW5fdXNlIjoiaWQiLCJhdXRoX3RpbWUiOjE2OTY5NzE5OTIsImV4cCI6MTY5NzI1NTQ0OSwiaWF0IjoxNjk3MTY5MDQ5LCJqdGkiOiI0ODNjNTliOS0yYTY0LTQ4NmItOTIzOS1hNmVkOGI3OGU0MzgiLCJlbWFpbCI6ImFiZHVsbGF0aWYuYWtzdUBhYmV5aXMuY29tIn0.lPx33HyVX7_g4llwbrFY9PeQDH1FLJciVGFj3zDMgX3-NVmfC4jRcXieH_zv_FbpkPcZGlWedboa9zO7yj01KjYG2AczZrwHSY77Cl73pJdwJEldCw5yJTRGvuM8a9JR0CiyYXyqm5AjKo3mYKa6vRMSybRRyujKISaI8i339rePl7H4Vk4D_V9SrxTUOgR6N2z--r_cCNrxECcz-dYJbkkN_rD3EX-xrbSD-alta1MUFZmO2UZmfE9P0EFcrlSofp7PGSiY2shsmClWOPEtHe3mZ5Aq1cNqcNTWvPQfKE8D0jVftIzF389TFwzwl41BrqRjN-1oBEHk0jW5YxfjZA\",\n  \"user-agent\": \"Mozilla/5.0 (Windows NT 10.0; Win64; x64) AppleWebKit/537.36 (KHTML, like Gecko) Cypress/13.3.1 Chrome/114.0.5735.289 Electron/25.8.4 Safari/537.36\",\n  \"accept\": \"*/*\",\n  \"accept-encoding\": \"gzip, deflate\",\n  \"content-type\": \"application/json\",\n  \"content-length\": 51\n}\nBody: {\"new_package_id\":\"price_1NyvhhGRkOBpNhaCbeUTjqoE\"}\n\n-----------------------------------------------------------\n\nThe response we got was:\n\nStatus: 400 - Bad Request\nHeaders: {\n  \"content-type\": \"application/json\",\n  \"content-length\": \"149\",\n  \"connection\": \"keep-alive\",\n  \"date\": \"Fri, 13 Oct 2023 03:50:50 GMT\",\n  \"x-amzn-requestid\": \"99bc2e5e-106f-4709-869e-99badb19bc9a\",\n  \"x-amz-apigw-id\": \"MuK4GGsWoAMFXzg=\",\n  \"x-amzn-trace-id\": \"Root=1-6528be99-6d801b59432d2f61375c3a41;Sampled=0;lineage=d08050fe:0\",\n  \"x-cache\": \"Error from cloudfront\",\n  \"via\": \"1.1 fa2ecff4e65c01748abe1c8c2a9dfb72.cloudfront.net (CloudFront)\",\n  \"x-amz-cf-pop\": \"JFK52-P3\",\n  \"x-amz-cf-id\": \"vQIGrSfGyEWjtu0ow4AeaOWE5xyn5nom68r8T-mM3SuWSQrYnczuiA==\"\n}\nBody: Could not determine which URL to request: Subscription instance has invalid ID: None, <class 'NoneType'>. ID should be of type `str` (or `unicode`)\n\n\nhttps://on.cypress.io/request\n    at <unknown> (http://localhost:57412/__cypress/runner/cypress_runner.js:133251:72)\n    at tryCatcher (http://localhost:57412/__cypress/runner/cypress_runner.js:1807:23)\n    at Promise._settlePromiseFromHandler (http://localhost:57412/__cypress/runner/cypress_runner.js:1519:31)\n    at Promise._settlePromise (http://localhost:57412/__cypress/runner/cypress_runner.js:1576:18)\n    at Promise._settlePromise0 (http://localhost:57412/__cypress/runner/cypress_runner.js:1621:10)\n    at Promise._settlePromises (http://localhost:57412/__cypress/runner/cypress_runner.js:1701:18)\n    at _drainQueueStep (http://localhost:57412/__cypress/runner/cypress_runner.js:2407:12)\n    at _drainQueue (http://localhost:57412/__cypress/runner/cypress_runner.js:2400:9)\n    at Async._drainQueues (http://localhost:57412/__cypress/runner/cypress_runner.js:2416:5)\n    at Async.drainQueues (http://localhost:57412/__cypress/runner/cypress_runner.js:2286:14)\nFrom Your Spec Code:\n    at Context.eval (cypress/integration/step_definitions/backend/aa_token_generate.cy.js:8:16)",
                "diff": null
              },
              "uuid": "5d868b95-e5ed-4358-b296-de8e9685f5fa",
              "parentUUID": "e93fd899-b417-405b-ad69-ed57fc332b40",
              "isHook": false,
              "skipped": false
            },
            {
              "title": "Upgrade or downgrade usersubscription to any tier (example #3)",
              "fullTitle": "Upgrade or downgrade usersubscription Upgrade or downgrade usersubscription to any tier (example #3)",
              "timedOut": null,
              "duration": 718,
              "state": "failed",
              "speed": null,
              "pass": false,
              "fail": true,
              "pending": false,
              "context": null,
              "code": "const state = window.testState;\nreturn cy\n  .then(() => state.onStartScenario(scenario, indexedSteps))\n  .then(() =>\n    resolveAndRunBeforeHooks.call(this, scenario.tags, state.feature.name)\n  )\n  .then(() =>\n    indexedSteps.forEach((step) =>\n      stepTest.call(this, state, step, rowData)\n    )\n  )\n  .then(() => state.onFinishScenario(scenario));",
              "err": {
                "message": "CypressError: `cy.request()` failed on:\n\nhttps://rmzwitktjd.execute-api.us-east-1.amazonaws.com/Prod/upgrade_downgrade_usersubscription\n\nThe response we received from your web server was:\n\n  > 400: Bad Request\n\nThis was considered a failure because the status code was not `2xx` or `3xx`.\n\nIf you do not want status codes to cause failures pass the option: `failOnStatusCode: false`\n\n-----------------------------------------------------------\n\nThe request we sent was:\n\nMethod: POST\nURL: https://rmzwitktjd.execute-api.us-east-1.amazonaws.com/Prod/upgrade_downgrade_usersubscription\nHeaders: {\n  \"Connection\": \"keep-alive\",\n  \"Authorization\": \"Bearer eyJraWQiOiJ6ZG0yZ2NvUkltVXBmODFNWk54QnlEN2tRMGpMUXpucnpLVjNpaUd0bTk0PSIsImFsZyI6IlJTMjU2In0.eyJzdWIiOiI0NGI4YzQxOC0yMGExLTcwZTAtZGVmYi0wMmRlZjUzZjkxOGMiLCJlbWFpbF92ZXJpZmllZCI6dHJ1ZSwiaXNzIjoiaHR0cHM6XC9cL2NvZ25pdG8taWRwLnVzLWVhc3QtMS5hbWF6b25hd3MuY29tXC91cy1lYXN0LTFfVWJDN0p0R2xZIiwiY29nbml0bzp1c2VybmFtZSI6IjQ0YjhjNDE4LTIwYTEtNzBlMC1kZWZiLTAyZGVmNTNmOTE4YyIsIm9yaWdpbl9qdGkiOiI1MGVmZDQ2ZS02ODI0LTQ3NjEtYWI5Ny1lYzJiOWFiMjY1YzAiLCJhdWQiOiI2MGh0Nms0azA2OW9pNjk2bWMza2ZscGloOSIsImV2ZW50X2lkIjoiYWM3YWNjMDgtNTVkOC00YTI5LTkwY2YtZjg2MzA2MTllZmM2IiwidG9rZW5fdXNlIjoiaWQiLCJhdXRoX3RpbWUiOjE2OTY5NzE5OTIsImV4cCI6MTY5NzI1NTQ1MCwiaWF0IjoxNjk3MTY5MDUwLCJqdGkiOiI5YTM5YWM3YS0xZDlkLTRlMTYtYTFiZC02NWJmN2UyZmRkMGUiLCJlbWFpbCI6ImFiZHVsbGF0aWYuYWtzdUBhYmV5aXMuY29tIn0.MCmah6DQGpByMZ9YWUruOGzQSjG63B03fSpw8zJKKkVU9AZLtkXuy9YUTKhfdmRmDR99vwjdL5TrW6-A95-iNn4k-Qz31Id3VIQ45rlD7a5LvnZ3VbEOXLmYHVvjyHAqLtRzi2e3-xgj6NeNB5RmvyjKAj-364R1390FK-oqBwbFKJv-xb0JY89dgB0FPkfBXZqCl7yfMGRi2UOd5Q43tEjK-OeCrmfghidCsL8nH9U_SKD7ZiRNwTGyg7J2E2OrDFUIRh-PT2HkmX-L7EGfeqHQf9KntRtxE9FR9NAsP2xo7bkyb1FO4ZFhE1AgamxCMpcyDO_ippFda2BoQDDHmw\",\n  \"user-agent\": \"Mozilla/5.0 (Windows NT 10.0; Win64; x64) AppleWebKit/537.36 (KHTML, like Gecko) Cypress/13.3.1 Chrome/114.0.5735.289 Electron/25.8.4 Safari/537.36\",\n  \"accept\": \"*/*\",\n  \"accept-encoding\": \"gzip, deflate\",\n  \"content-type\": \"application/json\",\n  \"content-length\": 51\n}\nBody: {\"new_package_id\":\"price_1NyveXGRkOBpNhaCKR23bLoD\"}\n\n-----------------------------------------------------------\n\nThe response we got was:\n\nStatus: 400 - Bad Request\nHeaders: {\n  \"content-type\": \"application/json\",\n  \"content-length\": \"149\",\n  \"connection\": \"keep-alive\",\n  \"date\": \"Fri, 13 Oct 2023 03:50:50 GMT\",\n  \"x-amzn-requestid\": \"75982e1a-62b0-49f6-ab22-1b75b8061493\",\n  \"x-amz-apigw-id\": \"MuK4PGoGIAMFZsg=\",\n  \"x-amzn-trace-id\": \"Root=1-6528be9a-7fdcd14d2140a60d2909a495;Sampled=0;lineage=d08050fe:0\",\n  \"x-cache\": \"Error from cloudfront\",\n  \"via\": \"1.1 fa2ecff4e65c01748abe1c8c2a9dfb72.cloudfront.net (CloudFront)\",\n  \"x-amz-cf-pop\": \"JFK52-P3\",\n  \"x-amz-cf-id\": \"G6EoDEvJD1RwwK6vjZg3jn2DZIsjVWfLiWkdesEKbgkcwE2alKCNRQ==\"\n}\nBody: Could not determine which URL to request: Subscription instance has invalid ID: None, <class 'NoneType'>. ID should be of type `str` (or `unicode`)\n\n\nhttps://on.cypress.io/request",
                "estack": "CypressError: `cy.request()` failed on:\n\nhttps://rmzwitktjd.execute-api.us-east-1.amazonaws.com/Prod/upgrade_downgrade_usersubscription\n\nThe response we received from your web server was:\n\n  > 400: Bad Request\n\nThis was considered a failure because the status code was not `2xx` or `3xx`.\n\nIf you do not want status codes to cause failures pass the option: `failOnStatusCode: false`\n\n-----------------------------------------------------------\n\nThe request we sent was:\n\nMethod: POST\nURL: https://rmzwitktjd.execute-api.us-east-1.amazonaws.com/Prod/upgrade_downgrade_usersubscription\nHeaders: {\n  \"Connection\": \"keep-alive\",\n  \"Authorization\": \"Bearer eyJraWQiOiJ6ZG0yZ2NvUkltVXBmODFNWk54QnlEN2tRMGpMUXpucnpLVjNpaUd0bTk0PSIsImFsZyI6IlJTMjU2In0.eyJzdWIiOiI0NGI4YzQxOC0yMGExLTcwZTAtZGVmYi0wMmRlZjUzZjkxOGMiLCJlbWFpbF92ZXJpZmllZCI6dHJ1ZSwiaXNzIjoiaHR0cHM6XC9cL2NvZ25pdG8taWRwLnVzLWVhc3QtMS5hbWF6b25hd3MuY29tXC91cy1lYXN0LTFfVWJDN0p0R2xZIiwiY29nbml0bzp1c2VybmFtZSI6IjQ0YjhjNDE4LTIwYTEtNzBlMC1kZWZiLTAyZGVmNTNmOTE4YyIsIm9yaWdpbl9qdGkiOiI1MGVmZDQ2ZS02ODI0LTQ3NjEtYWI5Ny1lYzJiOWFiMjY1YzAiLCJhdWQiOiI2MGh0Nms0azA2OW9pNjk2bWMza2ZscGloOSIsImV2ZW50X2lkIjoiYWM3YWNjMDgtNTVkOC00YTI5LTkwY2YtZjg2MzA2MTllZmM2IiwidG9rZW5fdXNlIjoiaWQiLCJhdXRoX3RpbWUiOjE2OTY5NzE5OTIsImV4cCI6MTY5NzI1NTQ1MCwiaWF0IjoxNjk3MTY5MDUwLCJqdGkiOiI5YTM5YWM3YS0xZDlkLTRlMTYtYTFiZC02NWJmN2UyZmRkMGUiLCJlbWFpbCI6ImFiZHVsbGF0aWYuYWtzdUBhYmV5aXMuY29tIn0.MCmah6DQGpByMZ9YWUruOGzQSjG63B03fSpw8zJKKkVU9AZLtkXuy9YUTKhfdmRmDR99vwjdL5TrW6-A95-iNn4k-Qz31Id3VIQ45rlD7a5LvnZ3VbEOXLmYHVvjyHAqLtRzi2e3-xgj6NeNB5RmvyjKAj-364R1390FK-oqBwbFKJv-xb0JY89dgB0FPkfBXZqCl7yfMGRi2UOd5Q43tEjK-OeCrmfghidCsL8nH9U_SKD7ZiRNwTGyg7J2E2OrDFUIRh-PT2HkmX-L7EGfeqHQf9KntRtxE9FR9NAsP2xo7bkyb1FO4ZFhE1AgamxCMpcyDO_ippFda2BoQDDHmw\",\n  \"user-agent\": \"Mozilla/5.0 (Windows NT 10.0; Win64; x64) AppleWebKit/537.36 (KHTML, like Gecko) Cypress/13.3.1 Chrome/114.0.5735.289 Electron/25.8.4 Safari/537.36\",\n  \"accept\": \"*/*\",\n  \"accept-encoding\": \"gzip, deflate\",\n  \"content-type\": \"application/json\",\n  \"content-length\": 51\n}\nBody: {\"new_package_id\":\"price_1NyveXGRkOBpNhaCKR23bLoD\"}\n\n-----------------------------------------------------------\n\nThe response we got was:\n\nStatus: 400 - Bad Request\nHeaders: {\n  \"content-type\": \"application/json\",\n  \"content-length\": \"149\",\n  \"connection\": \"keep-alive\",\n  \"date\": \"Fri, 13 Oct 2023 03:50:50 GMT\",\n  \"x-amzn-requestid\": \"75982e1a-62b0-49f6-ab22-1b75b8061493\",\n  \"x-amz-apigw-id\": \"MuK4PGoGIAMFZsg=\",\n  \"x-amzn-trace-id\": \"Root=1-6528be9a-7fdcd14d2140a60d2909a495;Sampled=0;lineage=d08050fe:0\",\n  \"x-cache\": \"Error from cloudfront\",\n  \"via\": \"1.1 fa2ecff4e65c01748abe1c8c2a9dfb72.cloudfront.net (CloudFront)\",\n  \"x-amz-cf-pop\": \"JFK52-P3\",\n  \"x-amz-cf-id\": \"G6EoDEvJD1RwwK6vjZg3jn2DZIsjVWfLiWkdesEKbgkcwE2alKCNRQ==\"\n}\nBody: Could not determine which URL to request: Subscription instance has invalid ID: None, <class 'NoneType'>. ID should be of type `str` (or `unicode`)\n\n\nhttps://on.cypress.io/request\n    at <unknown> (http://localhost:57412/__cypress/runner/cypress_runner.js:133251:72)\n    at tryCatcher (http://localhost:57412/__cypress/runner/cypress_runner.js:1807:23)\n    at Promise._settlePromiseFromHandler (http://localhost:57412/__cypress/runner/cypress_runner.js:1519:31)\n    at Promise._settlePromise (http://localhost:57412/__cypress/runner/cypress_runner.js:1576:18)\n    at Promise._settlePromise0 (http://localhost:57412/__cypress/runner/cypress_runner.js:1621:10)\n    at Promise._settlePromises (http://localhost:57412/__cypress/runner/cypress_runner.js:1701:18)\n    at _drainQueueStep (http://localhost:57412/__cypress/runner/cypress_runner.js:2407:12)\n    at _drainQueue (http://localhost:57412/__cypress/runner/cypress_runner.js:2400:9)\n    at Async._drainQueues (http://localhost:57412/__cypress/runner/cypress_runner.js:2416:5)\n    at Async.drainQueues (http://localhost:57412/__cypress/runner/cypress_runner.js:2286:14)\nFrom Your Spec Code:\n    at Context.eval (cypress/integration/step_definitions/backend/aa_token_generate.cy.js:8:16)",
                "diff": null
              },
              "uuid": "e3bbd5ce-4e7f-46cc-8495-7041743da5ed",
              "parentUUID": "e93fd899-b417-405b-ad69-ed57fc332b40",
              "isHook": false,
              "skipped": false
            }
          ],
          "suites": [],
          "passes": [],
          "failures": [
            "a26b0137-e222-4ff3-b263-a4920d2c8531",
            "5d868b95-e5ed-4358-b296-de8e9685f5fa",
            "e3bbd5ce-4e7f-46cc-8495-7041743da5ed"
          ],
          "pending": [],
          "skipped": [],
          "duration": 2869,
          "root": false,
          "rootEmpty": false,
          "_timeout": 2000
        }
      ],
      "passes": [],
      "failures": [],
      "pending": [],
      "skipped": [],
      "duration": 0,
      "root": true,
      "rootEmpty": true,
      "_timeout": 2000
    }
  ],
  "meta": {
    "mocha": {
      "version": "7.0.1"
    },
    "mochawesome": {
      "options": {
        "quiet": true,
        "reportFilename": "mochawesome",
        "saveHtml": true,
        "saveJson": true,
        "consoleReporter": "spec",
        "useInlineDiffs": false,
        "code": true
      },
      "version": "7.1.3"
    },
    "marge": {
      "options": {
        "reportDir": "cypress/reports/mochawesome.json",
        "overwrite": false,
        "html": true,
        "quiet": true
      },
      "version": "6.2.0"
    }
  }
}