{
  "stats": {
    "suites": 1,
    "tests": 3,
    "passes": 0,
    "pending": 0,
    "failures": 3,
    "start": "2023-10-14T22:43:49.084Z",
    "end": "2023-10-14T22:43:55.656Z",
    "duration": 6572,
    "testsRegistered": 3,
    "passPercent": 0,
    "pendingPercent": 0,
    "other": 0,
    "hasOther": false,
    "skipped": 0,
    "hasSkipped": false
  },
  "results": [
    {
      "uuid": "dee11c8b-94ea-47d0-a638-ed2c17d3b7a8",
      "title": "",
      "fullFile": "cypress\\e2e\\features\\backend\\aa_upgrade_downgrade_usersubscription.feature",
      "file": "cypress\\e2e\\features\\backend\\aa_upgrade_downgrade_usersubscription.feature",
      "beforeHooks": [],
      "afterHooks": [],
      "tests": [],
      "suites": [
        {
          "uuid": "6a1c7901-bf99-4462-a3b0-9c8c975eebfb",
          "title": "Upgrade or downgrade usersubscription",
          "fullFile": "",
          "file": "",
          "beforeHooks": [],
          "afterHooks": [],
          "tests": [
            {
              "title": "Upgrade or downgrade usersubscription to any tier (example #1)",
              "fullTitle": "Upgrade or downgrade usersubscription Upgrade or downgrade usersubscription to any tier (example #1)",
              "timedOut": null,
              "duration": 4798,
              "state": "failed",
              "speed": null,
              "pass": false,
              "fail": true,
              "pending": false,
              "context": null,
              "code": "const state = window.testState;\nreturn cy\n  .then(() => state.onStartScenario(scenario, indexedSteps))\n  .then(() =>\n    resolveAndRunBeforeHooks.call(this, scenario.tags, state.feature.name)\n  )\n  .then(() =>\n    indexedSteps.forEach((step) =>\n      stepTest.call(this, state, step, rowData)\n    )\n  )\n  .then(() => state.onFinishScenario(scenario));",
              "err": {
                "message": "CypressError: `cy.request()` failed on:\n\nhttps://rmzwitktjd.execute-api.us-east-1.amazonaws.com/Prod/upgrade_downgrade_usersubscription\n\nThe response we received from your web server was:\n\n  > 400: Bad Request\n\nThis was considered a failure because the status code was not `2xx` or `3xx`.\n\nIf you do not want status codes to cause failures pass the option: `failOnStatusCode: false`\n\n-----------------------------------------------------------\n\nThe request we sent was:\n\nMethod: POST\nURL: https://rmzwitktjd.execute-api.us-east-1.amazonaws.com/Prod/upgrade_downgrade_usersubscription\nHeaders: {\n  \"Connection\": \"keep-alive\",\n  \"Authorization\": \"Bearer eyJraWQiOiJ6ZG0yZ2NvUkltVXBmODFNWk54QnlEN2tRMGpMUXpucnpLVjNpaUd0bTk0PSIsImFsZyI6IlJTMjU2In0.eyJzdWIiOiI0NGI4YzQxOC0yMGExLTcwZTAtZGVmYi0wMmRlZjUzZjkxOGMiLCJlbWFpbF92ZXJpZmllZCI6dHJ1ZSwiaXNzIjoiaHR0cHM6XC9cL2NvZ25pdG8taWRwLnVzLWVhc3QtMS5hbWF6b25hd3MuY29tXC91cy1lYXN0LTFfVWJDN0p0R2xZIiwiY29nbml0bzp1c2VybmFtZSI6IjQ0YjhjNDE4LTIwYTEtNzBlMC1kZWZiLTAyZGVmNTNmOTE4YyIsIm9yaWdpbl9qdGkiOiI1MGVmZDQ2ZS02ODI0LTQ3NjEtYWI5Ny1lYzJiOWFiMjY1YzAiLCJhdWQiOiI2MGh0Nms0azA2OW9pNjk2bWMza2ZscGloOSIsImV2ZW50X2lkIjoiYWM3YWNjMDgtNTVkOC00YTI5LTkwY2YtZjg2MzA2MTllZmM2IiwidG9rZW5fdXNlIjoiaWQiLCJhdXRoX3RpbWUiOjE2OTY5NzE5OTIsImV4cCI6MTY5NzQwOTgzMCwiaWF0IjoxNjk3MzIzNDMwLCJqdGkiOiI4ZGNlMzFmOC01OGZhLTQwZTEtOWQ1ZC1hZDk1Yzc2YjgzZTkiLCJlbWFpbCI6ImFiZHVsbGF0aWYuYWtzdUBhYmV5aXMuY29tIn0.0DAcyaaQsA0MRIGHaqDDMimgSWp9tDt749I2kJU5O-Dif_arWllirDY4cRKlX4Lb01jBCYg43xT_si__003iKrDghCL6DtelXDjOBS-SbUzUQ70gbuCNQCe3ERaEyURXjFLWDKR1nR15BTQf5fygs-0lqrtJRnPK7ZnIZxc5tzqLgTAJzuj0kEgK8qN5qNKb1GGI8R3MLNA9eyEA16awuPmNX57e4JzSNA0Q9_9pFGPK2ZArVrOixRvm9qTSXNAVmXQ0AyE4UHlp67_tjXuWVk0IGvIsCidoZEhSwBiFs-wlZYPHA9J7Wt8zgo8b-_LxE3FVwppRXUTL6B0QrFldeg\",\n  \"user-agent\": \"Mozilla/5.0 (Windows NT 10.0; Win64; x64) AppleWebKit/537.36 (KHTML, like Gecko) Cypress/13.3.1 Chrome/114.0.5735.289 Electron/25.8.4 Safari/537.36\",\n  \"accept\": \"*/*\",\n  \"accept-encoding\": \"gzip, deflate\",\n  \"content-type\": \"application/json\",\n  \"content-length\": 51\n}\nBody: {\"new_package_id\":\"price_1NyveXGRkOBpNhaCKR23bLoD\"}\n\n-----------------------------------------------------------\n\nThe response we got was:\n\nStatus: 400 - Bad Request\nHeaders: {\n  \"content-type\": \"application/json\",\n  \"content-length\": \"149\",\n  \"connection\": \"keep-alive\",\n  \"date\": \"Sat, 14 Oct 2023 22:43:53 GMT\",\n  \"x-amzn-requestid\": \"19d8795c-330f-4274-9b0f-50eea4a091d2\",\n  \"x-amz-apigw-id\": \"M0DyXHjaIAMFSUg=\",\n  \"x-amzn-trace-id\": \"Root=1-652b19a8-394979d921ff516e6beb0ff4;Sampled=0;lineage=d08050fe:0\",\n  \"x-cache\": \"Error from cloudfront\",\n  \"via\": \"1.1 7edae070a6a25cc68c970c1111701a20.cloudfront.net (CloudFront)\",\n  \"x-amz-cf-pop\": \"JFK50-P6\",\n  \"x-amz-cf-id\": \"WrAshTS8okGZ9JZt7IBqfYeak6n4ekmrGFFX_268vzkFCRLYp4_6CA==\"\n}\nBody: Could not determine which URL to request: Subscription instance has invalid ID: None, <class 'NoneType'>. ID should be of type `str` (or `unicode`)\n\n\nhttps://on.cypress.io/request",
                "estack": "CypressError: `cy.request()` failed on:\n\nhttps://rmzwitktjd.execute-api.us-east-1.amazonaws.com/Prod/upgrade_downgrade_usersubscription\n\nThe response we received from your web server was:\n\n  > 400: Bad Request\n\nThis was considered a failure because the status code was not `2xx` or `3xx`.\n\nIf you do not want status codes to cause failures pass the option: `failOnStatusCode: false`\n\n-----------------------------------------------------------\n\nThe request we sent was:\n\nMethod: POST\nURL: https://rmzwitktjd.execute-api.us-east-1.amazonaws.com/Prod/upgrade_downgrade_usersubscription\nHeaders: {\n  \"Connection\": \"keep-alive\",\n  \"Authorization\": \"Bearer eyJraWQiOiJ6ZG0yZ2NvUkltVXBmODFNWk54QnlEN2tRMGpMUXpucnpLVjNpaUd0bTk0PSIsImFsZyI6IlJTMjU2In0.eyJzdWIiOiI0NGI4YzQxOC0yMGExLTcwZTAtZGVmYi0wMmRlZjUzZjkxOGMiLCJlbWFpbF92ZXJpZmllZCI6dHJ1ZSwiaXNzIjoiaHR0cHM6XC9cL2NvZ25pdG8taWRwLnVzLWVhc3QtMS5hbWF6b25hd3MuY29tXC91cy1lYXN0LTFfVWJDN0p0R2xZIiwiY29nbml0bzp1c2VybmFtZSI6IjQ0YjhjNDE4LTIwYTEtNzBlMC1kZWZiLTAyZGVmNTNmOTE4YyIsIm9yaWdpbl9qdGkiOiI1MGVmZDQ2ZS02ODI0LTQ3NjEtYWI5Ny1lYzJiOWFiMjY1YzAiLCJhdWQiOiI2MGh0Nms0azA2OW9pNjk2bWMza2ZscGloOSIsImV2ZW50X2lkIjoiYWM3YWNjMDgtNTVkOC00YTI5LTkwY2YtZjg2MzA2MTllZmM2IiwidG9rZW5fdXNlIjoiaWQiLCJhdXRoX3RpbWUiOjE2OTY5NzE5OTIsImV4cCI6MTY5NzQwOTgzMCwiaWF0IjoxNjk3MzIzNDMwLCJqdGkiOiI4ZGNlMzFmOC01OGZhLTQwZTEtOWQ1ZC1hZDk1Yzc2YjgzZTkiLCJlbWFpbCI6ImFiZHVsbGF0aWYuYWtzdUBhYmV5aXMuY29tIn0.0DAcyaaQsA0MRIGHaqDDMimgSWp9tDt749I2kJU5O-Dif_arWllirDY4cRKlX4Lb01jBCYg43xT_si__003iKrDghCL6DtelXDjOBS-SbUzUQ70gbuCNQCe3ERaEyURXjFLWDKR1nR15BTQf5fygs-0lqrtJRnPK7ZnIZxc5tzqLgTAJzuj0kEgK8qN5qNKb1GGI8R3MLNA9eyEA16awuPmNX57e4JzSNA0Q9_9pFGPK2ZArVrOixRvm9qTSXNAVmXQ0AyE4UHlp67_tjXuWVk0IGvIsCidoZEhSwBiFs-wlZYPHA9J7Wt8zgo8b-_LxE3FVwppRXUTL6B0QrFldeg\",\n  \"user-agent\": \"Mozilla/5.0 (Windows NT 10.0; Win64; x64) AppleWebKit/537.36 (KHTML, like Gecko) Cypress/13.3.1 Chrome/114.0.5735.289 Electron/25.8.4 Safari/537.36\",\n  \"accept\": \"*/*\",\n  \"accept-encoding\": \"gzip, deflate\",\n  \"content-type\": \"application/json\",\n  \"content-length\": 51\n}\nBody: {\"new_package_id\":\"price_1NyveXGRkOBpNhaCKR23bLoD\"}\n\n-----------------------------------------------------------\n\nThe response we got was:\n\nStatus: 400 - Bad Request\nHeaders: {\n  \"content-type\": \"application/json\",\n  \"content-length\": \"149\",\n  \"connection\": \"keep-alive\",\n  \"date\": \"Sat, 14 Oct 2023 22:43:53 GMT\",\n  \"x-amzn-requestid\": \"19d8795c-330f-4274-9b0f-50eea4a091d2\",\n  \"x-amz-apigw-id\": \"M0DyXHjaIAMFSUg=\",\n  \"x-amzn-trace-id\": \"Root=1-652b19a8-394979d921ff516e6beb0ff4;Sampled=0;lineage=d08050fe:0\",\n  \"x-cache\": \"Error from cloudfront\",\n  \"via\": \"1.1 7edae070a6a25cc68c970c1111701a20.cloudfront.net (CloudFront)\",\n  \"x-amz-cf-pop\": \"JFK50-P6\",\n  \"x-amz-cf-id\": \"WrAshTS8okGZ9JZt7IBqfYeak6n4ekmrGFFX_268vzkFCRLYp4_6CA==\"\n}\nBody: Could not determine which URL to request: Subscription instance has invalid ID: None, <class 'NoneType'>. ID should be of type `str` (or `unicode`)\n\n\nhttps://on.cypress.io/request\n    at <unknown> (http://localhost:59307/__cypress/runner/cypress_runner.js:133251:72)\n    at tryCatcher (http://localhost:59307/__cypress/runner/cypress_runner.js:1807:23)\n    at Promise._settlePromiseFromHandler (http://localhost:59307/__cypress/runner/cypress_runner.js:1519:31)\n    at Promise._settlePromise (http://localhost:59307/__cypress/runner/cypress_runner.js:1576:18)\n    at Promise._settlePromise0 (http://localhost:59307/__cypress/runner/cypress_runner.js:1621:10)\n    at Promise._settlePromises (http://localhost:59307/__cypress/runner/cypress_runner.js:1701:18)\n    at _drainQueueStep (http://localhost:59307/__cypress/runner/cypress_runner.js:2407:12)\n    at _drainQueue (http://localhost:59307/__cypress/runner/cypress_runner.js:2400:9)\n    at Async._drainQueues (http://localhost:59307/__cypress/runner/cypress_runner.js:2416:5)\n    at Async.drainQueues (http://localhost:59307/__cypress/runner/cypress_runner.js:2286:14)\nFrom Your Spec Code:\n    at Context.eval (cypress/integration/step_definitions/backend/aa_token_generate.cy.js:8:16)",
                "diff": null
              },
              "uuid": "c1f73aa4-5ffb-47a6-8be2-3e56799dc317",
              "parentUUID": "6a1c7901-bf99-4462-a3b0-9c8c975eebfb",
              "isHook": false,
              "skipped": false
            },
            {
              "title": "Upgrade or downgrade usersubscription to any tier (example #2)",
              "fullTitle": "Upgrade or downgrade usersubscription Upgrade or downgrade usersubscription to any tier (example #2)",
              "timedOut": null,
              "duration": 764,
              "state": "failed",
              "speed": null,
              "pass": false,
              "fail": true,
              "pending": false,
              "context": null,
              "code": "const state = window.testState;\nreturn cy\n  .then(() => state.onStartScenario(scenario, indexedSteps))\n  .then(() =>\n    resolveAndRunBeforeHooks.call(this, scenario.tags, state.feature.name)\n  )\n  .then(() =>\n    indexedSteps.forEach((step) =>\n      stepTest.call(this, state, step, rowData)\n    )\n  )\n  .then(() => state.onFinishScenario(scenario));",
              "err": {
                "message": "CypressError: `cy.request()` failed on:\n\nhttps://rmzwitktjd.execute-api.us-east-1.amazonaws.com/Prod/upgrade_downgrade_usersubscription\n\nThe response we received from your web server was:\n\n  > 400: Bad Request\n\nThis was considered a failure because the status code was not `2xx` or `3xx`.\n\nIf you do not want status codes to cause failures pass the option: `failOnStatusCode: false`\n\n-----------------------------------------------------------\n\nThe request we sent was:\n\nMethod: POST\nURL: https://rmzwitktjd.execute-api.us-east-1.amazonaws.com/Prod/upgrade_downgrade_usersubscription\nHeaders: {\n  \"Connection\": \"keep-alive\",\n  \"Authorization\": \"Bearer eyJraWQiOiJ6ZG0yZ2NvUkltVXBmODFNWk54QnlEN2tRMGpMUXpucnpLVjNpaUd0bTk0PSIsImFsZyI6IlJTMjU2In0.eyJzdWIiOiI0NGI4YzQxOC0yMGExLTcwZTAtZGVmYi0wMmRlZjUzZjkxOGMiLCJlbWFpbF92ZXJpZmllZCI6dHJ1ZSwiaXNzIjoiaHR0cHM6XC9cL2NvZ25pdG8taWRwLnVzLWVhc3QtMS5hbWF6b25hd3MuY29tXC91cy1lYXN0LTFfVWJDN0p0R2xZIiwiY29nbml0bzp1c2VybmFtZSI6IjQ0YjhjNDE4LTIwYTEtNzBlMC1kZWZiLTAyZGVmNTNmOTE4YyIsIm9yaWdpbl9qdGkiOiI1MGVmZDQ2ZS02ODI0LTQ3NjEtYWI5Ny1lYzJiOWFiMjY1YzAiLCJhdWQiOiI2MGh0Nms0azA2OW9pNjk2bWMza2ZscGloOSIsImV2ZW50X2lkIjoiYWM3YWNjMDgtNTVkOC00YTI5LTkwY2YtZjg2MzA2MTllZmM2IiwidG9rZW5fdXNlIjoiaWQiLCJhdXRoX3RpbWUiOjE2OTY5NzE5OTIsImV4cCI6MTY5NzQwOTgzNCwiaWF0IjoxNjk3MzIzNDM0LCJqdGkiOiI4MDU3MDc1MC0zODMzLTQ2NGYtOWFmYS1mMzU5MjBhYzZlNTgiLCJlbWFpbCI6ImFiZHVsbGF0aWYuYWtzdUBhYmV5aXMuY29tIn0.RBBWWlgfPd1ddxB7uYhidLjp7VKYvUi5ICzBOzGEWuCg27fMzVKPX9-oJ3L5MxBlCDwQw1cqj9MuCmJkyPJKvSRfw3moKXiy0Zj1z51FnKQQL12Nlu2KEiSTcog0M8QjR6kC8Nr8mWuXKygCBQH7nG1k2PciUSsjebrLmtaesaPVPnJiUpqUTp58wbn45Gn3w4_ZCQWK8tNyeU0uGlNs2uHKF-MuTr41-kA_l4pyJY_5vjikXj4MMgt891fw1W1bu-DyMpm37lArVREYcI9-p9mCajzzBxqv1nuYWszloJ3aRTU846qcOPSlfJYPldw7XV_U2IEGrXy1qVdHywcYAg\",\n  \"user-agent\": \"Mozilla/5.0 (Windows NT 10.0; Win64; x64) AppleWebKit/537.36 (KHTML, like Gecko) Cypress/13.3.1 Chrome/114.0.5735.289 Electron/25.8.4 Safari/537.36\",\n  \"accept\": \"*/*\",\n  \"accept-encoding\": \"gzip, deflate\",\n  \"content-type\": \"application/json\",\n  \"content-length\": 51\n}\nBody: {\"new_package_id\":\"price_1NyvhhGRkOBpNhaCbeUTjqoE\"}\n\n-----------------------------------------------------------\n\nThe response we got was:\n\nStatus: 400 - Bad Request\nHeaders: {\n  \"content-type\": \"application/json\",\n  \"content-length\": \"149\",\n  \"connection\": \"keep-alive\",\n  \"date\": \"Sat, 14 Oct 2023 22:43:54 GMT\",\n  \"x-amzn-requestid\": \"e79aab8e-6cb4-4f48-8631-b7c40568601d\",\n  \"x-amz-apigw-id\": \"M0DyrFe2oAMFh4Q=\",\n  \"x-amzn-trace-id\": \"Root=1-652b19aa-2d795d9053d33b9d68fe0dd7;Sampled=0;lineage=d08050fe:0\",\n  \"x-cache\": \"Error from cloudfront\",\n  \"via\": \"1.1 7edae070a6a25cc68c970c1111701a20.cloudfront.net (CloudFront)\",\n  \"x-amz-cf-pop\": \"JFK50-P6\",\n  \"x-amz-cf-id\": \"xHBceCeayb8SBIkFrc7skU4HqVMDwsbYpl9q0_D7AmRn4AW99WgnEw==\"\n}\nBody: Could not determine which URL to request: Subscription instance has invalid ID: None, <class 'NoneType'>. ID should be of type `str` (or `unicode`)\n\n\nhttps://on.cypress.io/request",
                "estack": "CypressError: `cy.request()` failed on:\n\nhttps://rmzwitktjd.execute-api.us-east-1.amazonaws.com/Prod/upgrade_downgrade_usersubscription\n\nThe response we received from your web server was:\n\n  > 400: Bad Request\n\nThis was considered a failure because the status code was not `2xx` or `3xx`.\n\nIf you do not want status codes to cause failures pass the option: `failOnStatusCode: false`\n\n-----------------------------------------------------------\n\nThe request we sent was:\n\nMethod: POST\nURL: https://rmzwitktjd.execute-api.us-east-1.amazonaws.com/Prod/upgrade_downgrade_usersubscription\nHeaders: {\n  \"Connection\": \"keep-alive\",\n  \"Authorization\": \"Bearer eyJraWQiOiJ6ZG0yZ2NvUkltVXBmODFNWk54QnlEN2tRMGpMUXpucnpLVjNpaUd0bTk0PSIsImFsZyI6IlJTMjU2In0.eyJzdWIiOiI0NGI4YzQxOC0yMGExLTcwZTAtZGVmYi0wMmRlZjUzZjkxOGMiLCJlbWFpbF92ZXJpZmllZCI6dHJ1ZSwiaXNzIjoiaHR0cHM6XC9cL2NvZ25pdG8taWRwLnVzLWVhc3QtMS5hbWF6b25hd3MuY29tXC91cy1lYXN0LTFfVWJDN0p0R2xZIiwiY29nbml0bzp1c2VybmFtZSI6IjQ0YjhjNDE4LTIwYTEtNzBlMC1kZWZiLTAyZGVmNTNmOTE4YyIsIm9yaWdpbl9qdGkiOiI1MGVmZDQ2ZS02ODI0LTQ3NjEtYWI5Ny1lYzJiOWFiMjY1YzAiLCJhdWQiOiI2MGh0Nms0azA2OW9pNjk2bWMza2ZscGloOSIsImV2ZW50X2lkIjoiYWM3YWNjMDgtNTVkOC00YTI5LTkwY2YtZjg2MzA2MTllZmM2IiwidG9rZW5fdXNlIjoiaWQiLCJhdXRoX3RpbWUiOjE2OTY5NzE5OTIsImV4cCI6MTY5NzQwOTgzNCwiaWF0IjoxNjk3MzIzNDM0LCJqdGkiOiI4MDU3MDc1MC0zODMzLTQ2NGYtOWFmYS1mMzU5MjBhYzZlNTgiLCJlbWFpbCI6ImFiZHVsbGF0aWYuYWtzdUBhYmV5aXMuY29tIn0.RBBWWlgfPd1ddxB7uYhidLjp7VKYvUi5ICzBOzGEWuCg27fMzVKPX9-oJ3L5MxBlCDwQw1cqj9MuCmJkyPJKvSRfw3moKXiy0Zj1z51FnKQQL12Nlu2KEiSTcog0M8QjR6kC8Nr8mWuXKygCBQH7nG1k2PciUSsjebrLmtaesaPVPnJiUpqUTp58wbn45Gn3w4_ZCQWK8tNyeU0uGlNs2uHKF-MuTr41-kA_l4pyJY_5vjikXj4MMgt891fw1W1bu-DyMpm37lArVREYcI9-p9mCajzzBxqv1nuYWszloJ3aRTU846qcOPSlfJYPldw7XV_U2IEGrXy1qVdHywcYAg\",\n  \"user-agent\": \"Mozilla/5.0 (Windows NT 10.0; Win64; x64) AppleWebKit/537.36 (KHTML, like Gecko) Cypress/13.3.1 Chrome/114.0.5735.289 Electron/25.8.4 Safari/537.36\",\n  \"accept\": \"*/*\",\n  \"accept-encoding\": \"gzip, deflate\",\n  \"content-type\": \"application/json\",\n  \"content-length\": 51\n}\nBody: {\"new_package_id\":\"price_1NyvhhGRkOBpNhaCbeUTjqoE\"}\n\n-----------------------------------------------------------\n\nThe response we got was:\n\nStatus: 400 - Bad Request\nHeaders: {\n  \"content-type\": \"application/json\",\n  \"content-length\": \"149\",\n  \"connection\": \"keep-alive\",\n  \"date\": \"Sat, 14 Oct 2023 22:43:54 GMT\",\n  \"x-amzn-requestid\": \"e79aab8e-6cb4-4f48-8631-b7c40568601d\",\n  \"x-amz-apigw-id\": \"M0DyrFe2oAMFh4Q=\",\n  \"x-amzn-trace-id\": \"Root=1-652b19aa-2d795d9053d33b9d68fe0dd7;Sampled=0;lineage=d08050fe:0\",\n  \"x-cache\": \"Error from cloudfront\",\n  \"via\": \"1.1 7edae070a6a25cc68c970c1111701a20.cloudfront.net (CloudFront)\",\n  \"x-amz-cf-pop\": \"JFK50-P6\",\n  \"x-amz-cf-id\": \"xHBceCeayb8SBIkFrc7skU4HqVMDwsbYpl9q0_D7AmRn4AW99WgnEw==\"\n}\nBody: Could not determine which URL to request: Subscription instance has invalid ID: None, <class 'NoneType'>. ID should be of type `str` (or `unicode`)\n\n\nhttps://on.cypress.io/request\n    at <unknown> (http://localhost:59307/__cypress/runner/cypress_runner.js:133251:72)\n    at tryCatcher (http://localhost:59307/__cypress/runner/cypress_runner.js:1807:23)\n    at Promise._settlePromiseFromHandler (http://localhost:59307/__cypress/runner/cypress_runner.js:1519:31)\n    at Promise._settlePromise (http://localhost:59307/__cypress/runner/cypress_runner.js:1576:18)\n    at Promise._settlePromise0 (http://localhost:59307/__cypress/runner/cypress_runner.js:1621:10)\n    at Promise._settlePromises (http://localhost:59307/__cypress/runner/cypress_runner.js:1701:18)\n    at _drainQueueStep (http://localhost:59307/__cypress/runner/cypress_runner.js:2407:12)\n    at _drainQueue (http://localhost:59307/__cypress/runner/cypress_runner.js:2400:9)\n    at Async._drainQueues (http://localhost:59307/__cypress/runner/cypress_runner.js:2416:5)\n    at Async.drainQueues (http://localhost:59307/__cypress/runner/cypress_runner.js:2286:14)\nFrom Your Spec Code:\n    at Context.eval (cypress/integration/step_definitions/backend/aa_token_generate.cy.js:8:16)",
                "diff": null
              },
              "uuid": "45f20de2-e5f0-4520-b898-a2dc5ccfe6cf",
              "parentUUID": "6a1c7901-bf99-4462-a3b0-9c8c975eebfb",
              "isHook": false,
              "skipped": false
            },
            {
              "title": "Upgrade or downgrade usersubscription to any tier (example #3)",
              "fullTitle": "Upgrade or downgrade usersubscription Upgrade or downgrade usersubscription to any tier (example #3)",
              "timedOut": null,
              "duration": 723,
              "state": "failed",
              "speed": null,
              "pass": false,
              "fail": true,
              "pending": false,
              "context": null,
              "code": "const state = window.testState;\nreturn cy\n  .then(() => state.onStartScenario(scenario, indexedSteps))\n  .then(() =>\n    resolveAndRunBeforeHooks.call(this, scenario.tags, state.feature.name)\n  )\n  .then(() =>\n    indexedSteps.forEach((step) =>\n      stepTest.call(this, state, step, rowData)\n    )\n  )\n  .then(() => state.onFinishScenario(scenario));",
              "err": {
                "message": "CypressError: `cy.request()` failed on:\n\nhttps://rmzwitktjd.execute-api.us-east-1.amazonaws.com/Prod/upgrade_downgrade_usersubscription\n\nThe response we received from your web server was:\n\n  > 400: Bad Request\n\nThis was considered a failure because the status code was not `2xx` or `3xx`.\n\nIf you do not want status codes to cause failures pass the option: `failOnStatusCode: false`\n\n-----------------------------------------------------------\n\nThe request we sent was:\n\nMethod: POST\nURL: https://rmzwitktjd.execute-api.us-east-1.amazonaws.com/Prod/upgrade_downgrade_usersubscription\nHeaders: {\n  \"Connection\": \"keep-alive\",\n  \"Authorization\": \"Bearer eyJraWQiOiJ6ZG0yZ2NvUkltVXBmODFNWk54QnlEN2tRMGpMUXpucnpLVjNpaUd0bTk0PSIsImFsZyI6IlJTMjU2In0.eyJzdWIiOiI0NGI4YzQxOC0yMGExLTcwZTAtZGVmYi0wMmRlZjUzZjkxOGMiLCJlbWFpbF92ZXJpZmllZCI6dHJ1ZSwiaXNzIjoiaHR0cHM6XC9cL2NvZ25pdG8taWRwLnVzLWVhc3QtMS5hbWF6b25hd3MuY29tXC91cy1lYXN0LTFfVWJDN0p0R2xZIiwiY29nbml0bzp1c2VybmFtZSI6IjQ0YjhjNDE4LTIwYTEtNzBlMC1kZWZiLTAyZGVmNTNmOTE4YyIsIm9yaWdpbl9qdGkiOiI1MGVmZDQ2ZS02ODI0LTQ3NjEtYWI5Ny1lYzJiOWFiMjY1YzAiLCJhdWQiOiI2MGh0Nms0azA2OW9pNjk2bWMza2ZscGloOSIsImV2ZW50X2lkIjoiYWM3YWNjMDgtNTVkOC00YTI5LTkwY2YtZjg2MzA2MTllZmM2IiwidG9rZW5fdXNlIjoiaWQiLCJhdXRoX3RpbWUiOjE2OTY5NzE5OTIsImV4cCI6MTY5NzQwOTgzNSwiaWF0IjoxNjk3MzIzNDM1LCJqdGkiOiJhNWU2NzVlMC03MDg3LTQ3Y2UtOThjMi1jYTE2NWUzN2Q3ZmMiLCJlbWFpbCI6ImFiZHVsbGF0aWYuYWtzdUBhYmV5aXMuY29tIn0.VV6MyGZ_djJreoV8BLI4bRKl5CTi0y34Om7uWV_aOMKQ-uyhLlHaG46uD9Kypxe2OEst506hlIyrG_Alt6bKD4oYxaRwEAspr_NSDiUMqoyAfhHGavDD-V7IWIoRaPWp92nFsTs9R8_o6QS5S85970ZFdpD37PVlS8itkVuBokr0U_tdx67pIZfTwZ4IRWQQyy2POjULhbBKgdd2QbTwJTAJU9PoFLB42RjMsKgCBW8m-XvoivdgIxR6fZbgFKX8yeOlzwULWg_QF9CQOpmzAyFCdQ0KsE7ZdxWFz_EktFNmXx9PZgbrEM6jK83mw6xM5hRdks6kNgsmnf48OFCOpw\",\n  \"user-agent\": \"Mozilla/5.0 (Windows NT 10.0; Win64; x64) AppleWebKit/537.36 (KHTML, like Gecko) Cypress/13.3.1 Chrome/114.0.5735.289 Electron/25.8.4 Safari/537.36\",\n  \"accept\": \"*/*\",\n  \"accept-encoding\": \"gzip, deflate\",\n  \"content-type\": \"application/json\",\n  \"content-length\": 51\n}\nBody: {\"new_package_id\":\"price_1NyveXGRkOBpNhaCKR23bLoD\"}\n\n-----------------------------------------------------------\n\nThe response we got was:\n\nStatus: 400 - Bad Request\nHeaders: {\n  \"content-type\": \"application/json\",\n  \"content-length\": \"149\",\n  \"connection\": \"keep-alive\",\n  \"date\": \"Sat, 14 Oct 2023 22:43:55 GMT\",\n  \"x-amzn-requestid\": \"a4344a4a-1cef-4225-a08e-7b705d3bf129\",\n  \"x-amz-apigw-id\": \"M0DyzHfWIAMF14A=\",\n  \"x-amzn-trace-id\": \"Root=1-652b19ab-56e84924364caa1132a582ff;Sampled=0;lineage=d08050fe:0\",\n  \"x-cache\": \"Error from cloudfront\",\n  \"via\": \"1.1 7edae070a6a25cc68c970c1111701a20.cloudfront.net (CloudFront)\",\n  \"x-amz-cf-pop\": \"JFK50-P6\",\n  \"x-amz-cf-id\": \"xxy0de15tLIVpC3FNY3Y4xjJpKmWsD5ZSiVB2wbDINvTkUuF35sVCA==\"\n}\nBody: Could not determine which URL to request: Subscription instance has invalid ID: None, <class 'NoneType'>. ID should be of type `str` (or `unicode`)\n\n\nhttps://on.cypress.io/request",
                "estack": "CypressError: `cy.request()` failed on:\n\nhttps://rmzwitktjd.execute-api.us-east-1.amazonaws.com/Prod/upgrade_downgrade_usersubscription\n\nThe response we received from your web server was:\n\n  > 400: Bad Request\n\nThis was considered a failure because the status code was not `2xx` or `3xx`.\n\nIf you do not want status codes to cause failures pass the option: `failOnStatusCode: false`\n\n-----------------------------------------------------------\n\nThe request we sent was:\n\nMethod: POST\nURL: https://rmzwitktjd.execute-api.us-east-1.amazonaws.com/Prod/upgrade_downgrade_usersubscription\nHeaders: {\n  \"Connection\": \"keep-alive\",\n  \"Authorization\": \"Bearer eyJraWQiOiJ6ZG0yZ2NvUkltVXBmODFNWk54QnlEN2tRMGpMUXpucnpLVjNpaUd0bTk0PSIsImFsZyI6IlJTMjU2In0.eyJzdWIiOiI0NGI4YzQxOC0yMGExLTcwZTAtZGVmYi0wMmRlZjUzZjkxOGMiLCJlbWFpbF92ZXJpZmllZCI6dHJ1ZSwiaXNzIjoiaHR0cHM6XC9cL2NvZ25pdG8taWRwLnVzLWVhc3QtMS5hbWF6b25hd3MuY29tXC91cy1lYXN0LTFfVWJDN0p0R2xZIiwiY29nbml0bzp1c2VybmFtZSI6IjQ0YjhjNDE4LTIwYTEtNzBlMC1kZWZiLTAyZGVmNTNmOTE4YyIsIm9yaWdpbl9qdGkiOiI1MGVmZDQ2ZS02ODI0LTQ3NjEtYWI5Ny1lYzJiOWFiMjY1YzAiLCJhdWQiOiI2MGh0Nms0azA2OW9pNjk2bWMza2ZscGloOSIsImV2ZW50X2lkIjoiYWM3YWNjMDgtNTVkOC00YTI5LTkwY2YtZjg2MzA2MTllZmM2IiwidG9rZW5fdXNlIjoiaWQiLCJhdXRoX3RpbWUiOjE2OTY5NzE5OTIsImV4cCI6MTY5NzQwOTgzNSwiaWF0IjoxNjk3MzIzNDM1LCJqdGkiOiJhNWU2NzVlMC03MDg3LTQ3Y2UtOThjMi1jYTE2NWUzN2Q3ZmMiLCJlbWFpbCI6ImFiZHVsbGF0aWYuYWtzdUBhYmV5aXMuY29tIn0.VV6MyGZ_djJreoV8BLI4bRKl5CTi0y34Om7uWV_aOMKQ-uyhLlHaG46uD9Kypxe2OEst506hlIyrG_Alt6bKD4oYxaRwEAspr_NSDiUMqoyAfhHGavDD-V7IWIoRaPWp92nFsTs9R8_o6QS5S85970ZFdpD37PVlS8itkVuBokr0U_tdx67pIZfTwZ4IRWQQyy2POjULhbBKgdd2QbTwJTAJU9PoFLB42RjMsKgCBW8m-XvoivdgIxR6fZbgFKX8yeOlzwULWg_QF9CQOpmzAyFCdQ0KsE7ZdxWFz_EktFNmXx9PZgbrEM6jK83mw6xM5hRdks6kNgsmnf48OFCOpw\",\n  \"user-agent\": \"Mozilla/5.0 (Windows NT 10.0; Win64; x64) AppleWebKit/537.36 (KHTML, like Gecko) Cypress/13.3.1 Chrome/114.0.5735.289 Electron/25.8.4 Safari/537.36\",\n  \"accept\": \"*/*\",\n  \"accept-encoding\": \"gzip, deflate\",\n  \"content-type\": \"application/json\",\n  \"content-length\": 51\n}\nBody: {\"new_package_id\":\"price_1NyveXGRkOBpNhaCKR23bLoD\"}\n\n-----------------------------------------------------------\n\nThe response we got was:\n\nStatus: 400 - Bad Request\nHeaders: {\n  \"content-type\": \"application/json\",\n  \"content-length\": \"149\",\n  \"connection\": \"keep-alive\",\n  \"date\": \"Sat, 14 Oct 2023 22:43:55 GMT\",\n  \"x-amzn-requestid\": \"a4344a4a-1cef-4225-a08e-7b705d3bf129\",\n  \"x-amz-apigw-id\": \"M0DyzHfWIAMF14A=\",\n  \"x-amzn-trace-id\": \"Root=1-652b19ab-56e84924364caa1132a582ff;Sampled=0;lineage=d08050fe:0\",\n  \"x-cache\": \"Error from cloudfront\",\n  \"via\": \"1.1 7edae070a6a25cc68c970c1111701a20.cloudfront.net (CloudFront)\",\n  \"x-amz-cf-pop\": \"JFK50-P6\",\n  \"x-amz-cf-id\": \"xxy0de15tLIVpC3FNY3Y4xjJpKmWsD5ZSiVB2wbDINvTkUuF35sVCA==\"\n}\nBody: Could not determine which URL to request: Subscription instance has invalid ID: None, <class 'NoneType'>. ID should be of type `str` (or `unicode`)\n\n\nhttps://on.cypress.io/request\n    at <unknown> (http://localhost:59307/__cypress/runner/cypress_runner.js:133251:72)\n    at tryCatcher (http://localhost:59307/__cypress/runner/cypress_runner.js:1807:23)\n    at Promise._settlePromiseFromHandler (http://localhost:59307/__cypress/runner/cypress_runner.js:1519:31)\n    at Promise._settlePromise (http://localhost:59307/__cypress/runner/cypress_runner.js:1576:18)\n    at Promise._settlePromise0 (http://localhost:59307/__cypress/runner/cypress_runner.js:1621:10)\n    at Promise._settlePromises (http://localhost:59307/__cypress/runner/cypress_runner.js:1701:18)\n    at _drainQueueStep (http://localhost:59307/__cypress/runner/cypress_runner.js:2407:12)\n    at _drainQueue (http://localhost:59307/__cypress/runner/cypress_runner.js:2400:9)\n    at Async._drainQueues (http://localhost:59307/__cypress/runner/cypress_runner.js:2416:5)\n    at Async.drainQueues (http://localhost:59307/__cypress/runner/cypress_runner.js:2286:14)\nFrom Your Spec Code:\n    at Context.eval (cypress/integration/step_definitions/backend/aa_token_generate.cy.js:8:16)",
                "diff": null
              },
              "uuid": "3b1a3a17-2355-4e9d-93a1-0134c75b40d1",
              "parentUUID": "6a1c7901-bf99-4462-a3b0-9c8c975eebfb",
              "isHook": false,
              "skipped": false
            }
          ],
          "suites": [],
          "passes": [],
          "failures": [
            "c1f73aa4-5ffb-47a6-8be2-3e56799dc317",
            "45f20de2-e5f0-4520-b898-a2dc5ccfe6cf",
            "3b1a3a17-2355-4e9d-93a1-0134c75b40d1"
          ],
          "pending": [],
          "skipped": [],
          "duration": 6285,
          "root": false,
          "rootEmpty": false,
          "_timeout": 2000
        }
      ],
      "passes": [],
      "failures": [],
      "pending": [],
      "skipped": [],
      "duration": 0,
      "root": true,
      "rootEmpty": true,
      "_timeout": 2000
    }
  ],
  "meta": {
    "mocha": {
      "version": "7.0.1"
    },
    "mochawesome": {
      "options": {
        "quiet": true,
        "reportFilename": "mochawesome",
        "saveHtml": true,
        "saveJson": true,
        "consoleReporter": "spec",
        "useInlineDiffs": false,
        "code": true
      },
      "version": "7.1.3"
    },
    "marge": {
      "options": {
        "jsonDir": "cypress/reports/mochawesome.json",
        "overwrite": false,
        "html": true,
        "quiet": true
      },
      "version": "6.2.0"
    }
  }
}