{
  "stats": {
    "suites": 1,
    "tests": 3,
    "passes": 0,
    "pending": 0,
    "failures": 3,
    "start": "2023-10-13T04:00:54.568Z",
    "end": "2023-10-13T04:00:59.995Z",
    "duration": 5427,
    "testsRegistered": 3,
    "passPercent": 0,
    "pendingPercent": 0,
    "other": 0,
    "hasOther": false,
    "skipped": 0,
    "hasSkipped": false
  },
  "results": [
    {
      "uuid": "da2b00e2-4dad-4421-89cb-0a3c5a3436a2",
      "title": "",
      "fullFile": "cypress\\e2e\\features\\backend\\aa_upgrade_downgrade_usersubscription.feature",
      "file": "cypress\\e2e\\features\\backend\\aa_upgrade_downgrade_usersubscription.feature",
      "beforeHooks": [],
      "afterHooks": [],
      "tests": [],
      "suites": [
        {
          "uuid": "2c2addcd-88a3-45f6-9d1f-66ee9d910c18",
          "title": "Upgrade or downgrade usersubscription",
          "fullFile": "",
          "file": "",
          "beforeHooks": [],
          "afterHooks": [],
          "tests": [
            {
              "title": "Upgrade or downgrade usersubscription to any tier (example #1)",
              "fullTitle": "Upgrade or downgrade usersubscription Upgrade or downgrade usersubscription to any tier (example #1)",
              "timedOut": null,
              "duration": 3719,
              "state": "failed",
              "speed": null,
              "pass": false,
              "fail": true,
              "pending": false,
              "context": null,
              "code": "const state = window.testState;\nreturn cy\n  .then(() => state.onStartScenario(scenario, indexedSteps))\n  .then(() =>\n    resolveAndRunBeforeHooks.call(this, scenario.tags, state.feature.name)\n  )\n  .then(() =>\n    indexedSteps.forEach((step) =>\n      stepTest.call(this, state, step, rowData)\n    )\n  )\n  .then(() => state.onFinishScenario(scenario));",
              "err": {
                "message": "CypressError: `cy.request()` failed on:\n\nhttps://rmzwitktjd.execute-api.us-east-1.amazonaws.com/Prod/upgrade_downgrade_usersubscription\n\nThe response we received from your web server was:\n\n  > 400: Bad Request\n\nThis was considered a failure because the status code was not `2xx` or `3xx`.\n\nIf you do not want status codes to cause failures pass the option: `failOnStatusCode: false`\n\n-----------------------------------------------------------\n\nThe request we sent was:\n\nMethod: POST\nURL: https://rmzwitktjd.execute-api.us-east-1.amazonaws.com/Prod/upgrade_downgrade_usersubscription\nHeaders: {\n  \"Connection\": \"keep-alive\",\n  \"Authorization\": \"Bearer eyJraWQiOiJ6ZG0yZ2NvUkltVXBmODFNWk54QnlEN2tRMGpMUXpucnpLVjNpaUd0bTk0PSIsImFsZyI6IlJTMjU2In0.eyJzdWIiOiI0NGI4YzQxOC0yMGExLTcwZTAtZGVmYi0wMmRlZjUzZjkxOGMiLCJlbWFpbF92ZXJpZmllZCI6dHJ1ZSwiaXNzIjoiaHR0cHM6XC9cL2NvZ25pdG8taWRwLnVzLWVhc3QtMS5hbWF6b25hd3MuY29tXC91cy1lYXN0LTFfVWJDN0p0R2xZIiwiY29nbml0bzp1c2VybmFtZSI6IjQ0YjhjNDE4LTIwYTEtNzBlMC1kZWZiLTAyZGVmNTNmOTE4YyIsIm9yaWdpbl9qdGkiOiI1MGVmZDQ2ZS02ODI0LTQ3NjEtYWI5Ny1lYzJiOWFiMjY1YzAiLCJhdWQiOiI2MGh0Nms0azA2OW9pNjk2bWMza2ZscGloOSIsImV2ZW50X2lkIjoiYWM3YWNjMDgtNTVkOC00YTI5LTkwY2YtZjg2MzA2MTllZmM2IiwidG9rZW5fdXNlIjoiaWQiLCJhdXRoX3RpbWUiOjE2OTY5NzE5OTIsImV4cCI6MTY5NzI1NjA1NCwiaWF0IjoxNjk3MTY5NjU0LCJqdGkiOiI3YmM3ZWE1OS0yNjNjLTQ2NTctYjIyOS00NWI0NTVkNTI4MTgiLCJlbWFpbCI6ImFiZHVsbGF0aWYuYWtzdUBhYmV5aXMuY29tIn0.UXsBzdcJLaRQdbfTlhO8289CORXN_1QOIElePV7ziWLLNqsSb1_CXfgEW0l7iPH9rBPXn7MYusTqD0Qp48EFrdVuXfxlnJK63d4pYihIObG1Anto7xHMKBb1am0WcfwNqlXM3Ns2A1Uzw0-RTvGksrTQmYlba-vQb44kHSueh2wRQrnFY7OiDpemTfb6A1-L4Ekg3A1hGrK4-HxjnJAgdXYjivMvFr-x4CDHIn3JqS8VOT4dtApHpAyWEL9N36UXzNXar4_trMmwO2Mhlh3N9pxVpoAL6gXqJSP3h1mNNzrFQRCd70bjk-x3ESVg7ODjqtwsViHXdNoxm-tny_EiGw\",\n  \"user-agent\": \"Mozilla/5.0 (Windows NT 10.0; Win64; x64) AppleWebKit/537.36 (KHTML, like Gecko) Cypress/13.3.1 Chrome/114.0.5735.289 Electron/25.8.4 Safari/537.36\",\n  \"accept\": \"*/*\",\n  \"accept-encoding\": \"gzip, deflate\",\n  \"content-type\": \"application/json\",\n  \"content-length\": 51\n}\nBody: {\"new_package_id\":\"price_1NyveXGRkOBpNhaCKR23bLoD\"}\n\n-----------------------------------------------------------\n\nThe response we got was:\n\nStatus: 400 - Bad Request\nHeaders: {\n  \"content-type\": \"application/json\",\n  \"content-length\": \"149\",\n  \"connection\": \"keep-alive\",\n  \"date\": \"Fri, 13 Oct 2023 04:00:57 GMT\",\n  \"x-amzn-requestid\": \"5597e818-9d3e-4a66-8433-01029ab493bb\",\n  \"x-amz-apigw-id\": \"MuMW5FiPoAMF6aQ=\",\n  \"x-amzn-trace-id\": \"Root=1-6528c0f8-330bbeb71ac283132dabc07d;Sampled=0;lineage=d08050fe:0\",\n  \"x-cache\": \"Error from cloudfront\",\n  \"via\": \"1.1 79edbcc14c21322a469003752cc30af0.cloudfront.net (CloudFront)\",\n  \"x-amz-cf-pop\": \"JFK52-P3\",\n  \"x-amz-cf-id\": \"p3VjqsJzrk_HMH5Co7YO6jUrmwQ2tPg7NgAdV27eHYnTBbYO0JnWWw==\"\n}\nBody: Could not determine which URL to request: Subscription instance has invalid ID: None, <class 'NoneType'>. ID should be of type `str` (or `unicode`)\n\n\nhttps://on.cypress.io/request",
                "estack": "CypressError: `cy.request()` failed on:\n\nhttps://rmzwitktjd.execute-api.us-east-1.amazonaws.com/Prod/upgrade_downgrade_usersubscription\n\nThe response we received from your web server was:\n\n  > 400: Bad Request\n\nThis was considered a failure because the status code was not `2xx` or `3xx`.\n\nIf you do not want status codes to cause failures pass the option: `failOnStatusCode: false`\n\n-----------------------------------------------------------\n\nThe request we sent was:\n\nMethod: POST\nURL: https://rmzwitktjd.execute-api.us-east-1.amazonaws.com/Prod/upgrade_downgrade_usersubscription\nHeaders: {\n  \"Connection\": \"keep-alive\",\n  \"Authorization\": \"Bearer eyJraWQiOiJ6ZG0yZ2NvUkltVXBmODFNWk54QnlEN2tRMGpMUXpucnpLVjNpaUd0bTk0PSIsImFsZyI6IlJTMjU2In0.eyJzdWIiOiI0NGI4YzQxOC0yMGExLTcwZTAtZGVmYi0wMmRlZjUzZjkxOGMiLCJlbWFpbF92ZXJpZmllZCI6dHJ1ZSwiaXNzIjoiaHR0cHM6XC9cL2NvZ25pdG8taWRwLnVzLWVhc3QtMS5hbWF6b25hd3MuY29tXC91cy1lYXN0LTFfVWJDN0p0R2xZIiwiY29nbml0bzp1c2VybmFtZSI6IjQ0YjhjNDE4LTIwYTEtNzBlMC1kZWZiLTAyZGVmNTNmOTE4YyIsIm9yaWdpbl9qdGkiOiI1MGVmZDQ2ZS02ODI0LTQ3NjEtYWI5Ny1lYzJiOWFiMjY1YzAiLCJhdWQiOiI2MGh0Nms0azA2OW9pNjk2bWMza2ZscGloOSIsImV2ZW50X2lkIjoiYWM3YWNjMDgtNTVkOC00YTI5LTkwY2YtZjg2MzA2MTllZmM2IiwidG9rZW5fdXNlIjoiaWQiLCJhdXRoX3RpbWUiOjE2OTY5NzE5OTIsImV4cCI6MTY5NzI1NjA1NCwiaWF0IjoxNjk3MTY5NjU0LCJqdGkiOiI3YmM3ZWE1OS0yNjNjLTQ2NTctYjIyOS00NWI0NTVkNTI4MTgiLCJlbWFpbCI6ImFiZHVsbGF0aWYuYWtzdUBhYmV5aXMuY29tIn0.UXsBzdcJLaRQdbfTlhO8289CORXN_1QOIElePV7ziWLLNqsSb1_CXfgEW0l7iPH9rBPXn7MYusTqD0Qp48EFrdVuXfxlnJK63d4pYihIObG1Anto7xHMKBb1am0WcfwNqlXM3Ns2A1Uzw0-RTvGksrTQmYlba-vQb44kHSueh2wRQrnFY7OiDpemTfb6A1-L4Ekg3A1hGrK4-HxjnJAgdXYjivMvFr-x4CDHIn3JqS8VOT4dtApHpAyWEL9N36UXzNXar4_trMmwO2Mhlh3N9pxVpoAL6gXqJSP3h1mNNzrFQRCd70bjk-x3ESVg7ODjqtwsViHXdNoxm-tny_EiGw\",\n  \"user-agent\": \"Mozilla/5.0 (Windows NT 10.0; Win64; x64) AppleWebKit/537.36 (KHTML, like Gecko) Cypress/13.3.1 Chrome/114.0.5735.289 Electron/25.8.4 Safari/537.36\",\n  \"accept\": \"*/*\",\n  \"accept-encoding\": \"gzip, deflate\",\n  \"content-type\": \"application/json\",\n  \"content-length\": 51\n}\nBody: {\"new_package_id\":\"price_1NyveXGRkOBpNhaCKR23bLoD\"}\n\n-----------------------------------------------------------\n\nThe response we got was:\n\nStatus: 400 - Bad Request\nHeaders: {\n  \"content-type\": \"application/json\",\n  \"content-length\": \"149\",\n  \"connection\": \"keep-alive\",\n  \"date\": \"Fri, 13 Oct 2023 04:00:57 GMT\",\n  \"x-amzn-requestid\": \"5597e818-9d3e-4a66-8433-01029ab493bb\",\n  \"x-amz-apigw-id\": \"MuMW5FiPoAMF6aQ=\",\n  \"x-amzn-trace-id\": \"Root=1-6528c0f8-330bbeb71ac283132dabc07d;Sampled=0;lineage=d08050fe:0\",\n  \"x-cache\": \"Error from cloudfront\",\n  \"via\": \"1.1 79edbcc14c21322a469003752cc30af0.cloudfront.net (CloudFront)\",\n  \"x-amz-cf-pop\": \"JFK52-P3\",\n  \"x-amz-cf-id\": \"p3VjqsJzrk_HMH5Co7YO6jUrmwQ2tPg7NgAdV27eHYnTBbYO0JnWWw==\"\n}\nBody: Could not determine which URL to request: Subscription instance has invalid ID: None, <class 'NoneType'>. ID should be of type `str` (or `unicode`)\n\n\nhttps://on.cypress.io/request\n    at <unknown> (http://localhost:57549/__cypress/runner/cypress_runner.js:133251:72)\n    at tryCatcher (http://localhost:57549/__cypress/runner/cypress_runner.js:1807:23)\n    at Promise._settlePromiseFromHandler (http://localhost:57549/__cypress/runner/cypress_runner.js:1519:31)\n    at Promise._settlePromise (http://localhost:57549/__cypress/runner/cypress_runner.js:1576:18)\n    at Promise._settlePromise0 (http://localhost:57549/__cypress/runner/cypress_runner.js:1621:10)\n    at Promise._settlePromises (http://localhost:57549/__cypress/runner/cypress_runner.js:1701:18)\n    at _drainQueueStep (http://localhost:57549/__cypress/runner/cypress_runner.js:2407:12)\n    at _drainQueue (http://localhost:57549/__cypress/runner/cypress_runner.js:2400:9)\n    at Async._drainQueues (http://localhost:57549/__cypress/runner/cypress_runner.js:2416:5)\n    at Async.drainQueues (http://localhost:57549/__cypress/runner/cypress_runner.js:2286:14)\nFrom Your Spec Code:\n    at Context.eval (cypress/integration/step_definitions/backend/aa_token_generate.cy.js:8:16)",
                "diff": null
              },
              "uuid": "7ae5212d-289c-41cc-90f1-c08554a57e2f",
              "parentUUID": "2c2addcd-88a3-45f6-9d1f-66ee9d910c18",
              "isHook": false,
              "skipped": false
            },
            {
              "title": "Upgrade or downgrade usersubscription to any tier (example #2)",
              "fullTitle": "Upgrade or downgrade usersubscription Upgrade or downgrade usersubscription to any tier (example #2)",
              "timedOut": null,
              "duration": 688,
              "state": "failed",
              "speed": null,
              "pass": false,
              "fail": true,
              "pending": false,
              "context": null,
              "code": "const state = window.testState;\nreturn cy\n  .then(() => state.onStartScenario(scenario, indexedSteps))\n  .then(() =>\n    resolveAndRunBeforeHooks.call(this, scenario.tags, state.feature.name)\n  )\n  .then(() =>\n    indexedSteps.forEach((step) =>\n      stepTest.call(this, state, step, rowData)\n    )\n  )\n  .then(() => state.onFinishScenario(scenario));",
              "err": {
                "message": "CypressError: `cy.request()` failed on:\n\nhttps://rmzwitktjd.execute-api.us-east-1.amazonaws.com/Prod/upgrade_downgrade_usersubscription\n\nThe response we received from your web server was:\n\n  > 400: Bad Request\n\nThis was considered a failure because the status code was not `2xx` or `3xx`.\n\nIf you do not want status codes to cause failures pass the option: `failOnStatusCode: false`\n\n-----------------------------------------------------------\n\nThe request we sent was:\n\nMethod: POST\nURL: https://rmzwitktjd.execute-api.us-east-1.amazonaws.com/Prod/upgrade_downgrade_usersubscription\nHeaders: {\n  \"Connection\": \"keep-alive\",\n  \"Authorization\": \"Bearer eyJraWQiOiJ6ZG0yZ2NvUkltVXBmODFNWk54QnlEN2tRMGpMUXpucnpLVjNpaUd0bTk0PSIsImFsZyI6IlJTMjU2In0.eyJzdWIiOiI0NGI4YzQxOC0yMGExLTcwZTAtZGVmYi0wMmRlZjUzZjkxOGMiLCJlbWFpbF92ZXJpZmllZCI6dHJ1ZSwiaXNzIjoiaHR0cHM6XC9cL2NvZ25pdG8taWRwLnVzLWVhc3QtMS5hbWF6b25hd3MuY29tXC91cy1lYXN0LTFfVWJDN0p0R2xZIiwiY29nbml0bzp1c2VybmFtZSI6IjQ0YjhjNDE4LTIwYTEtNzBlMC1kZWZiLTAyZGVmNTNmOTE4YyIsIm9yaWdpbl9qdGkiOiI1MGVmZDQ2ZS02ODI0LTQ3NjEtYWI5Ny1lYzJiOWFiMjY1YzAiLCJhdWQiOiI2MGh0Nms0azA2OW9pNjk2bWMza2ZscGloOSIsImV2ZW50X2lkIjoiYWM3YWNjMDgtNTVkOC00YTI5LTkwY2YtZjg2MzA2MTllZmM2IiwidG9rZW5fdXNlIjoiaWQiLCJhdXRoX3RpbWUiOjE2OTY5NzE5OTIsImV4cCI6MTY5NzI1NjA1OCwiaWF0IjoxNjk3MTY5NjU4LCJqdGkiOiI2ZGJmZmY4NS04NGE5LTQ1YWQtYWMxYi0wMGNiMTU5ZGZmNTYiLCJlbWFpbCI6ImFiZHVsbGF0aWYuYWtzdUBhYmV5aXMuY29tIn0.LfodJd_QrUmfmFfJJd8NmtwCDjgNpAYq3-dqJ37-Jw8MSmG2OS4hhLFMkkwS1jXE7J4-DrDvjn6SjPJhxa__ved0DV979yr3xzbalWpIBtBmqDUdDHkGORW3xblUUGj3VMrmFBsRBGXVtdSd3BedfMKzyAz8zpjoiGuOUpjtgab8M0i612Dp-0lTp1u0_A6TQ1IbDAIMbPkVYbFgDaGRhEH0ZYcrHFslx8-tKU4bEghib7UyPXYHeq8dVcQG91NU2iM1ZK5L33Q2TSMVq9G5wUHkxb5HoHteAvVpdiztofDHhIEOZD8i6ZLigXPZPaiBs2dO9qQiAQ-YsWVla0Vp6w\",\n  \"user-agent\": \"Mozilla/5.0 (Windows NT 10.0; Win64; x64) AppleWebKit/537.36 (KHTML, like Gecko) Cypress/13.3.1 Chrome/114.0.5735.289 Electron/25.8.4 Safari/537.36\",\n  \"accept\": \"*/*\",\n  \"accept-encoding\": \"gzip, deflate\",\n  \"content-type\": \"application/json\",\n  \"content-length\": 51\n}\nBody: {\"new_package_id\":\"price_1NyvhhGRkOBpNhaCbeUTjqoE\"}\n\n-----------------------------------------------------------\n\nThe response we got was:\n\nStatus: 400 - Bad Request\nHeaders: {\n  \"content-type\": \"application/json\",\n  \"content-length\": \"149\",\n  \"connection\": \"keep-alive\",\n  \"date\": \"Fri, 13 Oct 2023 04:00:58 GMT\",\n  \"x-amzn-requestid\": \"0cb184da-5551-4f1a-b5bd-f99a758a383b\",\n  \"x-amz-apigw-id\": \"MuMXOHYrIAMFzWg=\",\n  \"x-amzn-trace-id\": \"Root=1-6528c0fa-27c389ac6bee24d321f409d7;Sampled=0;lineage=d08050fe:0\",\n  \"x-cache\": \"Error from cloudfront\",\n  \"via\": \"1.1 79edbcc14c21322a469003752cc30af0.cloudfront.net (CloudFront)\",\n  \"x-amz-cf-pop\": \"JFK52-P3\",\n  \"x-amz-cf-id\": \"eN4lZpVQXUrRC0QdHTbyg1taWSxsXW1uOd7a5An1CSNDeJLjD4zGiQ==\"\n}\nBody: Could not determine which URL to request: Subscription instance has invalid ID: None, <class 'NoneType'>. ID should be of type `str` (or `unicode`)\n\n\nhttps://on.cypress.io/request",
                "estack": "CypressError: `cy.request()` failed on:\n\nhttps://rmzwitktjd.execute-api.us-east-1.amazonaws.com/Prod/upgrade_downgrade_usersubscription\n\nThe response we received from your web server was:\n\n  > 400: Bad Request\n\nThis was considered a failure because the status code was not `2xx` or `3xx`.\n\nIf you do not want status codes to cause failures pass the option: `failOnStatusCode: false`\n\n-----------------------------------------------------------\n\nThe request we sent was:\n\nMethod: POST\nURL: https://rmzwitktjd.execute-api.us-east-1.amazonaws.com/Prod/upgrade_downgrade_usersubscription\nHeaders: {\n  \"Connection\": \"keep-alive\",\n  \"Authorization\": \"Bearer eyJraWQiOiJ6ZG0yZ2NvUkltVXBmODFNWk54QnlEN2tRMGpMUXpucnpLVjNpaUd0bTk0PSIsImFsZyI6IlJTMjU2In0.eyJzdWIiOiI0NGI4YzQxOC0yMGExLTcwZTAtZGVmYi0wMmRlZjUzZjkxOGMiLCJlbWFpbF92ZXJpZmllZCI6dHJ1ZSwiaXNzIjoiaHR0cHM6XC9cL2NvZ25pdG8taWRwLnVzLWVhc3QtMS5hbWF6b25hd3MuY29tXC91cy1lYXN0LTFfVWJDN0p0R2xZIiwiY29nbml0bzp1c2VybmFtZSI6IjQ0YjhjNDE4LTIwYTEtNzBlMC1kZWZiLTAyZGVmNTNmOTE4YyIsIm9yaWdpbl9qdGkiOiI1MGVmZDQ2ZS02ODI0LTQ3NjEtYWI5Ny1lYzJiOWFiMjY1YzAiLCJhdWQiOiI2MGh0Nms0azA2OW9pNjk2bWMza2ZscGloOSIsImV2ZW50X2lkIjoiYWM3YWNjMDgtNTVkOC00YTI5LTkwY2YtZjg2MzA2MTllZmM2IiwidG9rZW5fdXNlIjoiaWQiLCJhdXRoX3RpbWUiOjE2OTY5NzE5OTIsImV4cCI6MTY5NzI1NjA1OCwiaWF0IjoxNjk3MTY5NjU4LCJqdGkiOiI2ZGJmZmY4NS04NGE5LTQ1YWQtYWMxYi0wMGNiMTU5ZGZmNTYiLCJlbWFpbCI6ImFiZHVsbGF0aWYuYWtzdUBhYmV5aXMuY29tIn0.LfodJd_QrUmfmFfJJd8NmtwCDjgNpAYq3-dqJ37-Jw8MSmG2OS4hhLFMkkwS1jXE7J4-DrDvjn6SjPJhxa__ved0DV979yr3xzbalWpIBtBmqDUdDHkGORW3xblUUGj3VMrmFBsRBGXVtdSd3BedfMKzyAz8zpjoiGuOUpjtgab8M0i612Dp-0lTp1u0_A6TQ1IbDAIMbPkVYbFgDaGRhEH0ZYcrHFslx8-tKU4bEghib7UyPXYHeq8dVcQG91NU2iM1ZK5L33Q2TSMVq9G5wUHkxb5HoHteAvVpdiztofDHhIEOZD8i6ZLigXPZPaiBs2dO9qQiAQ-YsWVla0Vp6w\",\n  \"user-agent\": \"Mozilla/5.0 (Windows NT 10.0; Win64; x64) AppleWebKit/537.36 (KHTML, like Gecko) Cypress/13.3.1 Chrome/114.0.5735.289 Electron/25.8.4 Safari/537.36\",\n  \"accept\": \"*/*\",\n  \"accept-encoding\": \"gzip, deflate\",\n  \"content-type\": \"application/json\",\n  \"content-length\": 51\n}\nBody: {\"new_package_id\":\"price_1NyvhhGRkOBpNhaCbeUTjqoE\"}\n\n-----------------------------------------------------------\n\nThe response we got was:\n\nStatus: 400 - Bad Request\nHeaders: {\n  \"content-type\": \"application/json\",\n  \"content-length\": \"149\",\n  \"connection\": \"keep-alive\",\n  \"date\": \"Fri, 13 Oct 2023 04:00:58 GMT\",\n  \"x-amzn-requestid\": \"0cb184da-5551-4f1a-b5bd-f99a758a383b\",\n  \"x-amz-apigw-id\": \"MuMXOHYrIAMFzWg=\",\n  \"x-amzn-trace-id\": \"Root=1-6528c0fa-27c389ac6bee24d321f409d7;Sampled=0;lineage=d08050fe:0\",\n  \"x-cache\": \"Error from cloudfront\",\n  \"via\": \"1.1 79edbcc14c21322a469003752cc30af0.cloudfront.net (CloudFront)\",\n  \"x-amz-cf-pop\": \"JFK52-P3\",\n  \"x-amz-cf-id\": \"eN4lZpVQXUrRC0QdHTbyg1taWSxsXW1uOd7a5An1CSNDeJLjD4zGiQ==\"\n}\nBody: Could not determine which URL to request: Subscription instance has invalid ID: None, <class 'NoneType'>. ID should be of type `str` (or `unicode`)\n\n\nhttps://on.cypress.io/request\n    at <unknown> (http://localhost:57549/__cypress/runner/cypress_runner.js:133251:72)\n    at tryCatcher (http://localhost:57549/__cypress/runner/cypress_runner.js:1807:23)\n    at Promise._settlePromiseFromHandler (http://localhost:57549/__cypress/runner/cypress_runner.js:1519:31)\n    at Promise._settlePromise (http://localhost:57549/__cypress/runner/cypress_runner.js:1576:18)\n    at Promise._settlePromise0 (http://localhost:57549/__cypress/runner/cypress_runner.js:1621:10)\n    at Promise._settlePromises (http://localhost:57549/__cypress/runner/cypress_runner.js:1701:18)\n    at _drainQueueStep (http://localhost:57549/__cypress/runner/cypress_runner.js:2407:12)\n    at _drainQueue (http://localhost:57549/__cypress/runner/cypress_runner.js:2400:9)\n    at Async._drainQueues (http://localhost:57549/__cypress/runner/cypress_runner.js:2416:5)\n    at Async.drainQueues (http://localhost:57549/__cypress/runner/cypress_runner.js:2286:14)\nFrom Your Spec Code:\n    at Context.eval (cypress/integration/step_definitions/backend/aa_token_generate.cy.js:8:16)",
                "diff": null
              },
              "uuid": "52f1962a-8d63-4a11-ba60-5d1a9eeb334a",
              "parentUUID": "2c2addcd-88a3-45f6-9d1f-66ee9d910c18",
              "isHook": false,
              "skipped": false
            },
            {
              "title": "Upgrade or downgrade usersubscription to any tier (example #3)",
              "fullTitle": "Upgrade or downgrade usersubscription Upgrade or downgrade usersubscription to any tier (example #3)",
              "timedOut": null,
              "duration": 809,
              "state": "failed",
              "speed": null,
              "pass": false,
              "fail": true,
              "pending": false,
              "context": null,
              "code": "const state = window.testState;\nreturn cy\n  .then(() => state.onStartScenario(scenario, indexedSteps))\n  .then(() =>\n    resolveAndRunBeforeHooks.call(this, scenario.tags, state.feature.name)\n  )\n  .then(() =>\n    indexedSteps.forEach((step) =>\n      stepTest.call(this, state, step, rowData)\n    )\n  )\n  .then(() => state.onFinishScenario(scenario));",
              "err": {
                "message": "CypressError: `cy.request()` failed on:\n\nhttps://rmzwitktjd.execute-api.us-east-1.amazonaws.com/Prod/upgrade_downgrade_usersubscription\n\nThe response we received from your web server was:\n\n  > 400: Bad Request\n\nThis was considered a failure because the status code was not `2xx` or `3xx`.\n\nIf you do not want status codes to cause failures pass the option: `failOnStatusCode: false`\n\n-----------------------------------------------------------\n\nThe request we sent was:\n\nMethod: POST\nURL: https://rmzwitktjd.execute-api.us-east-1.amazonaws.com/Prod/upgrade_downgrade_usersubscription\nHeaders: {\n  \"Connection\": \"keep-alive\",\n  \"Authorization\": \"Bearer eyJraWQiOiJ6ZG0yZ2NvUkltVXBmODFNWk54QnlEN2tRMGpMUXpucnpLVjNpaUd0bTk0PSIsImFsZyI6IlJTMjU2In0.eyJzdWIiOiI0NGI4YzQxOC0yMGExLTcwZTAtZGVmYi0wMmRlZjUzZjkxOGMiLCJlbWFpbF92ZXJpZmllZCI6dHJ1ZSwiaXNzIjoiaHR0cHM6XC9cL2NvZ25pdG8taWRwLnVzLWVhc3QtMS5hbWF6b25hd3MuY29tXC91cy1lYXN0LTFfVWJDN0p0R2xZIiwiY29nbml0bzp1c2VybmFtZSI6IjQ0YjhjNDE4LTIwYTEtNzBlMC1kZWZiLTAyZGVmNTNmOTE4YyIsIm9yaWdpbl9qdGkiOiI1MGVmZDQ2ZS02ODI0LTQ3NjEtYWI5Ny1lYzJiOWFiMjY1YzAiLCJhdWQiOiI2MGh0Nms0azA2OW9pNjk2bWMza2ZscGloOSIsImV2ZW50X2lkIjoiYWM3YWNjMDgtNTVkOC00YTI5LTkwY2YtZjg2MzA2MTllZmM2IiwidG9rZW5fdXNlIjoiaWQiLCJhdXRoX3RpbWUiOjE2OTY5NzE5OTIsImV4cCI6MTY5NzI1NjA1OSwiaWF0IjoxNjk3MTY5NjU5LCJqdGkiOiI0NmU4NzVkMi1hMTAyLTRkMzItODRjMy03NmUwNjVjZmY1ODQiLCJlbWFpbCI6ImFiZHVsbGF0aWYuYWtzdUBhYmV5aXMuY29tIn0.UapaPi7dJvUFo8tByl7XzNKf96n_VKPAxwTg5PrXBifG8stNzwYzxyLkPWN8xZa_CGdmfbBJ66EiCGjcV5AHiAMgciVRVHvtLHi8JIcR9wX0CuiUhw7dH1-GoBtT0sbqeCh_JDuyS_Y6XcrqH4CiyrP8TbY6i3M_7Y0akiB5oTaEE5S9b1dHdFUQdwVIfytuCPPtmZcmTAp9ubt1hHIbQYiFk0uf6sDz7uj7hDp9lLbe3tlSD_ru3jcmmn_Ae1gJd10rMUg0t5hiIQNdFsW00BRkLCBQgCfZeQ7ziLyBWwJetcK0amGdodr2UijnJWPXW2wn96ZKOnyVwLhstpsWdg\",\n  \"user-agent\": \"Mozilla/5.0 (Windows NT 10.0; Win64; x64) AppleWebKit/537.36 (KHTML, like Gecko) Cypress/13.3.1 Chrome/114.0.5735.289 Electron/25.8.4 Safari/537.36\",\n  \"accept\": \"*/*\",\n  \"accept-encoding\": \"gzip, deflate\",\n  \"content-type\": \"application/json\",\n  \"content-length\": 51\n}\nBody: {\"new_package_id\":\"price_1NyveXGRkOBpNhaCKR23bLoD\"}\n\n-----------------------------------------------------------\n\nThe response we got was:\n\nStatus: 400 - Bad Request\nHeaders: {\n  \"content-type\": \"application/json\",\n  \"content-length\": \"149\",\n  \"connection\": \"keep-alive\",\n  \"date\": \"Fri, 13 Oct 2023 04:00:59 GMT\",\n  \"x-amzn-requestid\": \"1e444bfe-cd86-4638-b43a-ed12fcd11552\",\n  \"x-amz-apigw-id\": \"MuMXWEKGoAMFghw=\",\n  \"x-amzn-trace-id\": \"Root=1-6528c0fb-0aa3ec6a32b1b71874a9ab62;Sampled=0;lineage=d08050fe:0\",\n  \"x-cache\": \"Error from cloudfront\",\n  \"via\": \"1.1 79edbcc14c21322a469003752cc30af0.cloudfront.net (CloudFront)\",\n  \"x-amz-cf-pop\": \"JFK52-P3\",\n  \"x-amz-cf-id\": \"oYMUGGpthTB7XTC5DHxnM3pUojyKHlbzsdNNCrBsuM0YgizeYBtvSw==\"\n}\nBody: Could not determine which URL to request: Subscription instance has invalid ID: None, <class 'NoneType'>. ID should be of type `str` (or `unicode`)\n\n\nhttps://on.cypress.io/request",
                "estack": "CypressError: `cy.request()` failed on:\n\nhttps://rmzwitktjd.execute-api.us-east-1.amazonaws.com/Prod/upgrade_downgrade_usersubscription\n\nThe response we received from your web server was:\n\n  > 400: Bad Request\n\nThis was considered a failure because the status code was not `2xx` or `3xx`.\n\nIf you do not want status codes to cause failures pass the option: `failOnStatusCode: false`\n\n-----------------------------------------------------------\n\nThe request we sent was:\n\nMethod: POST\nURL: https://rmzwitktjd.execute-api.us-east-1.amazonaws.com/Prod/upgrade_downgrade_usersubscription\nHeaders: {\n  \"Connection\": \"keep-alive\",\n  \"Authorization\": \"Bearer eyJraWQiOiJ6ZG0yZ2NvUkltVXBmODFNWk54QnlEN2tRMGpMUXpucnpLVjNpaUd0bTk0PSIsImFsZyI6IlJTMjU2In0.eyJzdWIiOiI0NGI4YzQxOC0yMGExLTcwZTAtZGVmYi0wMmRlZjUzZjkxOGMiLCJlbWFpbF92ZXJpZmllZCI6dHJ1ZSwiaXNzIjoiaHR0cHM6XC9cL2NvZ25pdG8taWRwLnVzLWVhc3QtMS5hbWF6b25hd3MuY29tXC91cy1lYXN0LTFfVWJDN0p0R2xZIiwiY29nbml0bzp1c2VybmFtZSI6IjQ0YjhjNDE4LTIwYTEtNzBlMC1kZWZiLTAyZGVmNTNmOTE4YyIsIm9yaWdpbl9qdGkiOiI1MGVmZDQ2ZS02ODI0LTQ3NjEtYWI5Ny1lYzJiOWFiMjY1YzAiLCJhdWQiOiI2MGh0Nms0azA2OW9pNjk2bWMza2ZscGloOSIsImV2ZW50X2lkIjoiYWM3YWNjMDgtNTVkOC00YTI5LTkwY2YtZjg2MzA2MTllZmM2IiwidG9rZW5fdXNlIjoiaWQiLCJhdXRoX3RpbWUiOjE2OTY5NzE5OTIsImV4cCI6MTY5NzI1NjA1OSwiaWF0IjoxNjk3MTY5NjU5LCJqdGkiOiI0NmU4NzVkMi1hMTAyLTRkMzItODRjMy03NmUwNjVjZmY1ODQiLCJlbWFpbCI6ImFiZHVsbGF0aWYuYWtzdUBhYmV5aXMuY29tIn0.UapaPi7dJvUFo8tByl7XzNKf96n_VKPAxwTg5PrXBifG8stNzwYzxyLkPWN8xZa_CGdmfbBJ66EiCGjcV5AHiAMgciVRVHvtLHi8JIcR9wX0CuiUhw7dH1-GoBtT0sbqeCh_JDuyS_Y6XcrqH4CiyrP8TbY6i3M_7Y0akiB5oTaEE5S9b1dHdFUQdwVIfytuCPPtmZcmTAp9ubt1hHIbQYiFk0uf6sDz7uj7hDp9lLbe3tlSD_ru3jcmmn_Ae1gJd10rMUg0t5hiIQNdFsW00BRkLCBQgCfZeQ7ziLyBWwJetcK0amGdodr2UijnJWPXW2wn96ZKOnyVwLhstpsWdg\",\n  \"user-agent\": \"Mozilla/5.0 (Windows NT 10.0; Win64; x64) AppleWebKit/537.36 (KHTML, like Gecko) Cypress/13.3.1 Chrome/114.0.5735.289 Electron/25.8.4 Safari/537.36\",\n  \"accept\": \"*/*\",\n  \"accept-encoding\": \"gzip, deflate\",\n  \"content-type\": \"application/json\",\n  \"content-length\": 51\n}\nBody: {\"new_package_id\":\"price_1NyveXGRkOBpNhaCKR23bLoD\"}\n\n-----------------------------------------------------------\n\nThe response we got was:\n\nStatus: 400 - Bad Request\nHeaders: {\n  \"content-type\": \"application/json\",\n  \"content-length\": \"149\",\n  \"connection\": \"keep-alive\",\n  \"date\": \"Fri, 13 Oct 2023 04:00:59 GMT\",\n  \"x-amzn-requestid\": \"1e444bfe-cd86-4638-b43a-ed12fcd11552\",\n  \"x-amz-apigw-id\": \"MuMXWEKGoAMFghw=\",\n  \"x-amzn-trace-id\": \"Root=1-6528c0fb-0aa3ec6a32b1b71874a9ab62;Sampled=0;lineage=d08050fe:0\",\n  \"x-cache\": \"Error from cloudfront\",\n  \"via\": \"1.1 79edbcc14c21322a469003752cc30af0.cloudfront.net (CloudFront)\",\n  \"x-amz-cf-pop\": \"JFK52-P3\",\n  \"x-amz-cf-id\": \"oYMUGGpthTB7XTC5DHxnM3pUojyKHlbzsdNNCrBsuM0YgizeYBtvSw==\"\n}\nBody: Could not determine which URL to request: Subscription instance has invalid ID: None, <class 'NoneType'>. ID should be of type `str` (or `unicode`)\n\n\nhttps://on.cypress.io/request\n    at <unknown> (http://localhost:57549/__cypress/runner/cypress_runner.js:133251:72)\n    at tryCatcher (http://localhost:57549/__cypress/runner/cypress_runner.js:1807:23)\n    at Promise._settlePromiseFromHandler (http://localhost:57549/__cypress/runner/cypress_runner.js:1519:31)\n    at Promise._settlePromise (http://localhost:57549/__cypress/runner/cypress_runner.js:1576:18)\n    at Promise._settlePromise0 (http://localhost:57549/__cypress/runner/cypress_runner.js:1621:10)\n    at Promise._settlePromises (http://localhost:57549/__cypress/runner/cypress_runner.js:1701:18)\n    at _drainQueueStep (http://localhost:57549/__cypress/runner/cypress_runner.js:2407:12)\n    at _drainQueue (http://localhost:57549/__cypress/runner/cypress_runner.js:2400:9)\n    at Async._drainQueues (http://localhost:57549/__cypress/runner/cypress_runner.js:2416:5)\n    at Async.drainQueues (http://localhost:57549/__cypress/runner/cypress_runner.js:2286:14)\nFrom Your Spec Code:\n    at Context.eval (cypress/integration/step_definitions/backend/aa_token_generate.cy.js:8:16)",
                "diff": null
              },
              "uuid": "95fe37e2-af3c-4971-9015-f3b450e60b14",
              "parentUUID": "2c2addcd-88a3-45f6-9d1f-66ee9d910c18",
              "isHook": false,
              "skipped": false
            }
          ],
          "suites": [],
          "passes": [],
          "failures": [
            "7ae5212d-289c-41cc-90f1-c08554a57e2f",
            "52f1962a-8d63-4a11-ba60-5d1a9eeb334a",
            "95fe37e2-af3c-4971-9015-f3b450e60b14"
          ],
          "pending": [],
          "skipped": [],
          "duration": 5216,
          "root": false,
          "rootEmpty": false,
          "_timeout": 2000
        }
      ],
      "passes": [],
      "failures": [],
      "pending": [],
      "skipped": [],
      "duration": 0,
      "root": true,
      "rootEmpty": true,
      "_timeout": 2000
    }
  ],
  "meta": {
    "mocha": {
      "version": "7.0.1"
    },
    "mochawesome": {
      "options": {
        "quiet": true,
        "reportFilename": "mochawesome",
        "saveHtml": true,
        "saveJson": true,
        "consoleReporter": "spec",
        "useInlineDiffs": false,
        "code": true
      },
      "version": "7.1.3"
    },
    "marge": {
      "options": {
        "jsonDir": "cypress/reports/mochawesome.json",
        "overwrite": false,
        "html": true,
        "quiet": true
      },
      "version": "6.2.0"
    }
  }
}