{
  "stats": {
    "suites": 1,
    "tests": 3,
    "passes": 0,
    "pending": 0,
    "failures": 3,
    "start": "2023-10-14T22:46:40.268Z",
    "end": "2023-10-14T22:46:43.228Z",
    "duration": 2960,
    "testsRegistered": 3,
    "passPercent": 0,
    "pendingPercent": 0,
    "other": 0,
    "hasOther": false,
    "skipped": 0,
    "hasSkipped": false
  },
  "results": [
    {
      "uuid": "f748d06b-c6e6-44f8-a691-6a859bdbc4e4",
      "title": "",
      "fullFile": "cypress\\e2e\\features\\backend\\aa_upgrade_downgrade_usersubscription.feature",
      "file": "cypress\\e2e\\features\\backend\\aa_upgrade_downgrade_usersubscription.feature",
      "beforeHooks": [],
      "afterHooks": [],
      "tests": [],
      "suites": [
        {
          "uuid": "43ca8201-6390-4481-9940-4855c040c2d2",
          "title": "Upgrade or downgrade usersubscription",
          "fullFile": "",
          "file": "",
          "beforeHooks": [],
          "afterHooks": [],
          "tests": [
            {
              "title": "Upgrade or downgrade usersubscription to any tier (example #1)",
              "fullTitle": "Upgrade or downgrade usersubscription Upgrade or downgrade usersubscription to any tier (example #1)",
              "timedOut": null,
              "duration": 1356,
              "state": "failed",
              "speed": null,
              "pass": false,
              "fail": true,
              "pending": false,
              "context": null,
              "code": "const state = window.testState;\nreturn cy\n  .then(() => state.onStartScenario(scenario, indexedSteps))\n  .then(() =>\n    resolveAndRunBeforeHooks.call(this, scenario.tags, state.feature.name)\n  )\n  .then(() =>\n    indexedSteps.forEach((step) =>\n      stepTest.call(this, state, step, rowData)\n    )\n  )\n  .then(() => state.onFinishScenario(scenario));",
              "err": {
                "message": "CypressError: `cy.request()` failed on:\n\nhttps://rmzwitktjd.execute-api.us-east-1.amazonaws.com/Prod/upgrade_downgrade_usersubscription\n\nThe response we received from your web server was:\n\n  > 400: Bad Request\n\nThis was considered a failure because the status code was not `2xx` or `3xx`.\n\nIf you do not want status codes to cause failures pass the option: `failOnStatusCode: false`\n\n-----------------------------------------------------------\n\nThe request we sent was:\n\nMethod: POST\nURL: https://rmzwitktjd.execute-api.us-east-1.amazonaws.com/Prod/upgrade_downgrade_usersubscription\nHeaders: {\n  \"Connection\": \"keep-alive\",\n  \"Authorization\": \"Bearer eyJraWQiOiJ6ZG0yZ2NvUkltVXBmODFNWk54QnlEN2tRMGpMUXpucnpLVjNpaUd0bTk0PSIsImFsZyI6IlJTMjU2In0.eyJzdWIiOiI0NGI4YzQxOC0yMGExLTcwZTAtZGVmYi0wMmRlZjUzZjkxOGMiLCJlbWFpbF92ZXJpZmllZCI6dHJ1ZSwiaXNzIjoiaHR0cHM6XC9cL2NvZ25pdG8taWRwLnVzLWVhc3QtMS5hbWF6b25hd3MuY29tXC91cy1lYXN0LTFfVWJDN0p0R2xZIiwiY29nbml0bzp1c2VybmFtZSI6IjQ0YjhjNDE4LTIwYTEtNzBlMC1kZWZiLTAyZGVmNTNmOTE4YyIsIm9yaWdpbl9qdGkiOiI1MGVmZDQ2ZS02ODI0LTQ3NjEtYWI5Ny1lYzJiOWFiMjY1YzAiLCJhdWQiOiI2MGh0Nms0azA2OW9pNjk2bWMza2ZscGloOSIsImV2ZW50X2lkIjoiYWM3YWNjMDgtNTVkOC00YTI5LTkwY2YtZjg2MzA2MTllZmM2IiwidG9rZW5fdXNlIjoiaWQiLCJhdXRoX3RpbWUiOjE2OTY5NzE5OTIsImV4cCI6MTY5NzQxMDAwMCwiaWF0IjoxNjk3MzIzNjAwLCJqdGkiOiIyMTczNTU5YS00ZDUyLTQzMGMtODAyMy01NTFkMDY4NWQ1NzgiLCJlbWFpbCI6ImFiZHVsbGF0aWYuYWtzdUBhYmV5aXMuY29tIn0.YQjWsaVchOMd-cNDvcB-5g0ahMPSNTL4Ea1OdpO8fs9ViXxnRsxyGwUWm5nfjj59DGUbU0r8cgqEooQojEwEiMYRUaMFX-QqTlXxeQWbDKxfIi2-8fOeKF_u0whJJB9PTbg11syZm-zvVjTJyuQV_AWyaFOYaR6VQyO_3IXqFvCSzEcQ1GMhDSYoMUihuN98Aq4-lOBAub50jYJ874uWaWJJQujA0bgDCZ2cThG92_2kmqcSi19t2-CztkbcqMokll-1TVcAcbuLnSl5i5awuTL0UuH3L0P1wSNqnsIIDEJ8z2MsPyoz4rfa7ltsmAp8SAYkedYqsDWkCAWxEhJ_nQ\",\n  \"user-agent\": \"Mozilla/5.0 (Windows NT 10.0; Win64; x64) AppleWebKit/537.36 (KHTML, like Gecko) Cypress/13.3.1 Chrome/114.0.5735.289 Electron/25.8.4 Safari/537.36\",\n  \"accept\": \"*/*\",\n  \"accept-encoding\": \"gzip, deflate\",\n  \"content-type\": \"application/json\",\n  \"content-length\": 51\n}\nBody: {\"new_package_id\":\"price_1NyveXGRkOBpNhaCKR23bLoD\"}\n\n-----------------------------------------------------------\n\nThe response we got was:\n\nStatus: 400 - Bad Request\nHeaders: {\n  \"content-type\": \"application/json\",\n  \"content-length\": \"149\",\n  \"connection\": \"keep-alive\",\n  \"date\": \"Sat, 14 Oct 2023 22:46:41 GMT\",\n  \"x-amzn-requestid\": \"288d2fd4-8589-40f0-94af-23bb023902f0\",\n  \"x-amz-apigw-id\": \"M0EMvHq4oAMFYuw=\",\n  \"x-amzn-trace-id\": \"Root=1-652b1a51-29d1cabe21276faf5cc3e168;Sampled=0;lineage=d08050fe:0\",\n  \"x-cache\": \"Error from cloudfront\",\n  \"via\": \"1.1 17eb4ce9c34597b3328325a19f8138fe.cloudfront.net (CloudFront)\",\n  \"x-amz-cf-pop\": \"JFK50-P6\",\n  \"x-amz-cf-id\": \"THvN8N1Jaw97z2-jPMuj9LudnfCZ-o_jQ3rBB7K_HcisYCIPO2-4hA==\"\n}\nBody: Could not determine which URL to request: Subscription instance has invalid ID: None, <class 'NoneType'>. ID should be of type `str` (or `unicode`)\n\n\nhttps://on.cypress.io/request",
                "estack": "CypressError: `cy.request()` failed on:\n\nhttps://rmzwitktjd.execute-api.us-east-1.amazonaws.com/Prod/upgrade_downgrade_usersubscription\n\nThe response we received from your web server was:\n\n  > 400: Bad Request\n\nThis was considered a failure because the status code was not `2xx` or `3xx`.\n\nIf you do not want status codes to cause failures pass the option: `failOnStatusCode: false`\n\n-----------------------------------------------------------\n\nThe request we sent was:\n\nMethod: POST\nURL: https://rmzwitktjd.execute-api.us-east-1.amazonaws.com/Prod/upgrade_downgrade_usersubscription\nHeaders: {\n  \"Connection\": \"keep-alive\",\n  \"Authorization\": \"Bearer eyJraWQiOiJ6ZG0yZ2NvUkltVXBmODFNWk54QnlEN2tRMGpMUXpucnpLVjNpaUd0bTk0PSIsImFsZyI6IlJTMjU2In0.eyJzdWIiOiI0NGI4YzQxOC0yMGExLTcwZTAtZGVmYi0wMmRlZjUzZjkxOGMiLCJlbWFpbF92ZXJpZmllZCI6dHJ1ZSwiaXNzIjoiaHR0cHM6XC9cL2NvZ25pdG8taWRwLnVzLWVhc3QtMS5hbWF6b25hd3MuY29tXC91cy1lYXN0LTFfVWJDN0p0R2xZIiwiY29nbml0bzp1c2VybmFtZSI6IjQ0YjhjNDE4LTIwYTEtNzBlMC1kZWZiLTAyZGVmNTNmOTE4YyIsIm9yaWdpbl9qdGkiOiI1MGVmZDQ2ZS02ODI0LTQ3NjEtYWI5Ny1lYzJiOWFiMjY1YzAiLCJhdWQiOiI2MGh0Nms0azA2OW9pNjk2bWMza2ZscGloOSIsImV2ZW50X2lkIjoiYWM3YWNjMDgtNTVkOC00YTI5LTkwY2YtZjg2MzA2MTllZmM2IiwidG9rZW5fdXNlIjoiaWQiLCJhdXRoX3RpbWUiOjE2OTY5NzE5OTIsImV4cCI6MTY5NzQxMDAwMCwiaWF0IjoxNjk3MzIzNjAwLCJqdGkiOiIyMTczNTU5YS00ZDUyLTQzMGMtODAyMy01NTFkMDY4NWQ1NzgiLCJlbWFpbCI6ImFiZHVsbGF0aWYuYWtzdUBhYmV5aXMuY29tIn0.YQjWsaVchOMd-cNDvcB-5g0ahMPSNTL4Ea1OdpO8fs9ViXxnRsxyGwUWm5nfjj59DGUbU0r8cgqEooQojEwEiMYRUaMFX-QqTlXxeQWbDKxfIi2-8fOeKF_u0whJJB9PTbg11syZm-zvVjTJyuQV_AWyaFOYaR6VQyO_3IXqFvCSzEcQ1GMhDSYoMUihuN98Aq4-lOBAub50jYJ874uWaWJJQujA0bgDCZ2cThG92_2kmqcSi19t2-CztkbcqMokll-1TVcAcbuLnSl5i5awuTL0UuH3L0P1wSNqnsIIDEJ8z2MsPyoz4rfa7ltsmAp8SAYkedYqsDWkCAWxEhJ_nQ\",\n  \"user-agent\": \"Mozilla/5.0 (Windows NT 10.0; Win64; x64) AppleWebKit/537.36 (KHTML, like Gecko) Cypress/13.3.1 Chrome/114.0.5735.289 Electron/25.8.4 Safari/537.36\",\n  \"accept\": \"*/*\",\n  \"accept-encoding\": \"gzip, deflate\",\n  \"content-type\": \"application/json\",\n  \"content-length\": 51\n}\nBody: {\"new_package_id\":\"price_1NyveXGRkOBpNhaCKR23bLoD\"}\n\n-----------------------------------------------------------\n\nThe response we got was:\n\nStatus: 400 - Bad Request\nHeaders: {\n  \"content-type\": \"application/json\",\n  \"content-length\": \"149\",\n  \"connection\": \"keep-alive\",\n  \"date\": \"Sat, 14 Oct 2023 22:46:41 GMT\",\n  \"x-amzn-requestid\": \"288d2fd4-8589-40f0-94af-23bb023902f0\",\n  \"x-amz-apigw-id\": \"M0EMvHq4oAMFYuw=\",\n  \"x-amzn-trace-id\": \"Root=1-652b1a51-29d1cabe21276faf5cc3e168;Sampled=0;lineage=d08050fe:0\",\n  \"x-cache\": \"Error from cloudfront\",\n  \"via\": \"1.1 17eb4ce9c34597b3328325a19f8138fe.cloudfront.net (CloudFront)\",\n  \"x-amz-cf-pop\": \"JFK50-P6\",\n  \"x-amz-cf-id\": \"THvN8N1Jaw97z2-jPMuj9LudnfCZ-o_jQ3rBB7K_HcisYCIPO2-4hA==\"\n}\nBody: Could not determine which URL to request: Subscription instance has invalid ID: None, <class 'NoneType'>. ID should be of type `str` (or `unicode`)\n\n\nhttps://on.cypress.io/request\n    at <unknown> (http://localhost:59368/__cypress/runner/cypress_runner.js:133251:72)\n    at tryCatcher (http://localhost:59368/__cypress/runner/cypress_runner.js:1807:23)\n    at Promise._settlePromiseFromHandler (http://localhost:59368/__cypress/runner/cypress_runner.js:1519:31)\n    at Promise._settlePromise (http://localhost:59368/__cypress/runner/cypress_runner.js:1576:18)\n    at Promise._settlePromise0 (http://localhost:59368/__cypress/runner/cypress_runner.js:1621:10)\n    at Promise._settlePromises (http://localhost:59368/__cypress/runner/cypress_runner.js:1701:18)\n    at _drainQueueStep (http://localhost:59368/__cypress/runner/cypress_runner.js:2407:12)\n    at _drainQueue (http://localhost:59368/__cypress/runner/cypress_runner.js:2400:9)\n    at Async._drainQueues (http://localhost:59368/__cypress/runner/cypress_runner.js:2416:5)\n    at Async.drainQueues (http://localhost:59368/__cypress/runner/cypress_runner.js:2286:14)\nFrom Your Spec Code:\n    at Context.eval (cypress/integration/step_definitions/backend/aa_token_generate.cy.js:8:16)",
                "diff": null
              },
              "uuid": "342db5fd-7dab-4baa-954f-5b62e18cad96",
              "parentUUID": "43ca8201-6390-4481-9940-4855c040c2d2",
              "isHook": false,
              "skipped": false
            },
            {
              "title": "Upgrade or downgrade usersubscription to any tier (example #2)",
              "fullTitle": "Upgrade or downgrade usersubscription Upgrade or downgrade usersubscription to any tier (example #2)",
              "timedOut": null,
              "duration": 687,
              "state": "failed",
              "speed": null,
              "pass": false,
              "fail": true,
              "pending": false,
              "context": null,
              "code": "const state = window.testState;\nreturn cy\n  .then(() => state.onStartScenario(scenario, indexedSteps))\n  .then(() =>\n    resolveAndRunBeforeHooks.call(this, scenario.tags, state.feature.name)\n  )\n  .then(() =>\n    indexedSteps.forEach((step) =>\n      stepTest.call(this, state, step, rowData)\n    )\n  )\n  .then(() => state.onFinishScenario(scenario));",
              "err": {
                "message": "CypressError: `cy.request()` failed on:\n\nhttps://rmzwitktjd.execute-api.us-east-1.amazonaws.com/Prod/upgrade_downgrade_usersubscription\n\nThe response we received from your web server was:\n\n  > 400: Bad Request\n\nThis was considered a failure because the status code was not `2xx` or `3xx`.\n\nIf you do not want status codes to cause failures pass the option: `failOnStatusCode: false`\n\n-----------------------------------------------------------\n\nThe request we sent was:\n\nMethod: POST\nURL: https://rmzwitktjd.execute-api.us-east-1.amazonaws.com/Prod/upgrade_downgrade_usersubscription\nHeaders: {\n  \"Connection\": \"keep-alive\",\n  \"Authorization\": \"Bearer eyJraWQiOiJ6ZG0yZ2NvUkltVXBmODFNWk54QnlEN2tRMGpMUXpucnpLVjNpaUd0bTk0PSIsImFsZyI6IlJTMjU2In0.eyJzdWIiOiI0NGI4YzQxOC0yMGExLTcwZTAtZGVmYi0wMmRlZjUzZjkxOGMiLCJlbWFpbF92ZXJpZmllZCI6dHJ1ZSwiaXNzIjoiaHR0cHM6XC9cL2NvZ25pdG8taWRwLnVzLWVhc3QtMS5hbWF6b25hd3MuY29tXC91cy1lYXN0LTFfVWJDN0p0R2xZIiwiY29nbml0bzp1c2VybmFtZSI6IjQ0YjhjNDE4LTIwYTEtNzBlMC1kZWZiLTAyZGVmNTNmOTE4YyIsIm9yaWdpbl9qdGkiOiI1MGVmZDQ2ZS02ODI0LTQ3NjEtYWI5Ny1lYzJiOWFiMjY1YzAiLCJhdWQiOiI2MGh0Nms0azA2OW9pNjk2bWMza2ZscGloOSIsImV2ZW50X2lkIjoiYWM3YWNjMDgtNTVkOC00YTI5LTkwY2YtZjg2MzA2MTllZmM2IiwidG9rZW5fdXNlIjoiaWQiLCJhdXRoX3RpbWUiOjE2OTY5NzE5OTIsImV4cCI6MTY5NzQxMDAwMSwiaWF0IjoxNjk3MzIzNjAxLCJqdGkiOiI3OTc0MWY4NC0yNzk0LTQ1NmUtODczYi1kMzYxMTA5OTMzMDUiLCJlbWFpbCI6ImFiZHVsbGF0aWYuYWtzdUBhYmV5aXMuY29tIn0.X8K9BTVlHZ6TweJ0UBgzIiHFFzcOTi5S5OY6YNNssIAlrs9Kj5xB85Fb1LU-wLUpjbyrQfMdmqBDWsPfbAOQd-c4eOTF13wM2AROff1q-lW_Q4GwyjpwW-xLKxu7Nr1SzvC6ABAj3CRfLeDZANmbR_wQj5HFsUgOR9I3Gh791VMlEcNMvDpkYemYdtfoWW6NacbFtNRYAyWtZ6XxZPjOaRDdziZSPhjsKi4P0C8BQ-6-zH4jcY2ZjjeT8927x7iOLtcDPYF8zZQ9HH2W_yGYz-SjitU-0ptyzK2TFFgVGYfvzyA98TXGHhkihbmgY15rJB0mM5eaSGkSqGH8UngEqA\",\n  \"user-agent\": \"Mozilla/5.0 (Windows NT 10.0; Win64; x64) AppleWebKit/537.36 (KHTML, like Gecko) Cypress/13.3.1 Chrome/114.0.5735.289 Electron/25.8.4 Safari/537.36\",\n  \"accept\": \"*/*\",\n  \"accept-encoding\": \"gzip, deflate\",\n  \"content-type\": \"application/json\",\n  \"content-length\": 51\n}\nBody: {\"new_package_id\":\"price_1NyvhhGRkOBpNhaCbeUTjqoE\"}\n\n-----------------------------------------------------------\n\nThe response we got was:\n\nStatus: 400 - Bad Request\nHeaders: {\n  \"content-type\": \"application/json\",\n  \"content-length\": \"149\",\n  \"connection\": \"keep-alive\",\n  \"date\": \"Sat, 14 Oct 2023 22:46:42 GMT\",\n  \"x-amzn-requestid\": \"92c1a5d0-5aa1-4863-be3a-7d1cadb307e3\",\n  \"x-amz-apigw-id\": \"M0EM4FnAIAMFlow=\",\n  \"x-amzn-trace-id\": \"Root=1-652b1a52-5b3e181d4d77fdaa6537db7e;Sampled=0;lineage=d08050fe:0\",\n  \"x-cache\": \"Error from cloudfront\",\n  \"via\": \"1.1 17eb4ce9c34597b3328325a19f8138fe.cloudfront.net (CloudFront)\",\n  \"x-amz-cf-pop\": \"JFK50-P6\",\n  \"x-amz-cf-id\": \"5sZ_GlKHliu84EJPCqK0EDT5E-MfnVAqBvUhKMKiV702hUlMohniBg==\"\n}\nBody: Could not determine which URL to request: Subscription instance has invalid ID: None, <class 'NoneType'>. ID should be of type `str` (or `unicode`)\n\n\nhttps://on.cypress.io/request",
                "estack": "CypressError: `cy.request()` failed on:\n\nhttps://rmzwitktjd.execute-api.us-east-1.amazonaws.com/Prod/upgrade_downgrade_usersubscription\n\nThe response we received from your web server was:\n\n  > 400: Bad Request\n\nThis was considered a failure because the status code was not `2xx` or `3xx`.\n\nIf you do not want status codes to cause failures pass the option: `failOnStatusCode: false`\n\n-----------------------------------------------------------\n\nThe request we sent was:\n\nMethod: POST\nURL: https://rmzwitktjd.execute-api.us-east-1.amazonaws.com/Prod/upgrade_downgrade_usersubscription\nHeaders: {\n  \"Connection\": \"keep-alive\",\n  \"Authorization\": \"Bearer eyJraWQiOiJ6ZG0yZ2NvUkltVXBmODFNWk54QnlEN2tRMGpMUXpucnpLVjNpaUd0bTk0PSIsImFsZyI6IlJTMjU2In0.eyJzdWIiOiI0NGI4YzQxOC0yMGExLTcwZTAtZGVmYi0wMmRlZjUzZjkxOGMiLCJlbWFpbF92ZXJpZmllZCI6dHJ1ZSwiaXNzIjoiaHR0cHM6XC9cL2NvZ25pdG8taWRwLnVzLWVhc3QtMS5hbWF6b25hd3MuY29tXC91cy1lYXN0LTFfVWJDN0p0R2xZIiwiY29nbml0bzp1c2VybmFtZSI6IjQ0YjhjNDE4LTIwYTEtNzBlMC1kZWZiLTAyZGVmNTNmOTE4YyIsIm9yaWdpbl9qdGkiOiI1MGVmZDQ2ZS02ODI0LTQ3NjEtYWI5Ny1lYzJiOWFiMjY1YzAiLCJhdWQiOiI2MGh0Nms0azA2OW9pNjk2bWMza2ZscGloOSIsImV2ZW50X2lkIjoiYWM3YWNjMDgtNTVkOC00YTI5LTkwY2YtZjg2MzA2MTllZmM2IiwidG9rZW5fdXNlIjoiaWQiLCJhdXRoX3RpbWUiOjE2OTY5NzE5OTIsImV4cCI6MTY5NzQxMDAwMSwiaWF0IjoxNjk3MzIzNjAxLCJqdGkiOiI3OTc0MWY4NC0yNzk0LTQ1NmUtODczYi1kMzYxMTA5OTMzMDUiLCJlbWFpbCI6ImFiZHVsbGF0aWYuYWtzdUBhYmV5aXMuY29tIn0.X8K9BTVlHZ6TweJ0UBgzIiHFFzcOTi5S5OY6YNNssIAlrs9Kj5xB85Fb1LU-wLUpjbyrQfMdmqBDWsPfbAOQd-c4eOTF13wM2AROff1q-lW_Q4GwyjpwW-xLKxu7Nr1SzvC6ABAj3CRfLeDZANmbR_wQj5HFsUgOR9I3Gh791VMlEcNMvDpkYemYdtfoWW6NacbFtNRYAyWtZ6XxZPjOaRDdziZSPhjsKi4P0C8BQ-6-zH4jcY2ZjjeT8927x7iOLtcDPYF8zZQ9HH2W_yGYz-SjitU-0ptyzK2TFFgVGYfvzyA98TXGHhkihbmgY15rJB0mM5eaSGkSqGH8UngEqA\",\n  \"user-agent\": \"Mozilla/5.0 (Windows NT 10.0; Win64; x64) AppleWebKit/537.36 (KHTML, like Gecko) Cypress/13.3.1 Chrome/114.0.5735.289 Electron/25.8.4 Safari/537.36\",\n  \"accept\": \"*/*\",\n  \"accept-encoding\": \"gzip, deflate\",\n  \"content-type\": \"application/json\",\n  \"content-length\": 51\n}\nBody: {\"new_package_id\":\"price_1NyvhhGRkOBpNhaCbeUTjqoE\"}\n\n-----------------------------------------------------------\n\nThe response we got was:\n\nStatus: 400 - Bad Request\nHeaders: {\n  \"content-type\": \"application/json\",\n  \"content-length\": \"149\",\n  \"connection\": \"keep-alive\",\n  \"date\": \"Sat, 14 Oct 2023 22:46:42 GMT\",\n  \"x-amzn-requestid\": \"92c1a5d0-5aa1-4863-be3a-7d1cadb307e3\",\n  \"x-amz-apigw-id\": \"M0EM4FnAIAMFlow=\",\n  \"x-amzn-trace-id\": \"Root=1-652b1a52-5b3e181d4d77fdaa6537db7e;Sampled=0;lineage=d08050fe:0\",\n  \"x-cache\": \"Error from cloudfront\",\n  \"via\": \"1.1 17eb4ce9c34597b3328325a19f8138fe.cloudfront.net (CloudFront)\",\n  \"x-amz-cf-pop\": \"JFK50-P6\",\n  \"x-amz-cf-id\": \"5sZ_GlKHliu84EJPCqK0EDT5E-MfnVAqBvUhKMKiV702hUlMohniBg==\"\n}\nBody: Could not determine which URL to request: Subscription instance has invalid ID: None, <class 'NoneType'>. ID should be of type `str` (or `unicode`)\n\n\nhttps://on.cypress.io/request\n    at <unknown> (http://localhost:59368/__cypress/runner/cypress_runner.js:133251:72)\n    at tryCatcher (http://localhost:59368/__cypress/runner/cypress_runner.js:1807:23)\n    at Promise._settlePromiseFromHandler (http://localhost:59368/__cypress/runner/cypress_runner.js:1519:31)\n    at Promise._settlePromise (http://localhost:59368/__cypress/runner/cypress_runner.js:1576:18)\n    at Promise._settlePromise0 (http://localhost:59368/__cypress/runner/cypress_runner.js:1621:10)\n    at Promise._settlePromises (http://localhost:59368/__cypress/runner/cypress_runner.js:1701:18)\n    at _drainQueueStep (http://localhost:59368/__cypress/runner/cypress_runner.js:2407:12)\n    at _drainQueue (http://localhost:59368/__cypress/runner/cypress_runner.js:2400:9)\n    at Async._drainQueues (http://localhost:59368/__cypress/runner/cypress_runner.js:2416:5)\n    at Async.drainQueues (http://localhost:59368/__cypress/runner/cypress_runner.js:2286:14)\nFrom Your Spec Code:\n    at Context.eval (cypress/integration/step_definitions/backend/aa_token_generate.cy.js:8:16)",
                "diff": null
              },
              "uuid": "cda9a513-8925-4e19-80e6-3b0c6f0771b0",
              "parentUUID": "43ca8201-6390-4481-9940-4855c040c2d2",
              "isHook": false,
              "skipped": false
            },
            {
              "title": "Upgrade or downgrade usersubscription to any tier (example #3)",
              "fullTitle": "Upgrade or downgrade usersubscription Upgrade or downgrade usersubscription to any tier (example #3)",
              "timedOut": null,
              "duration": 691,
              "state": "failed",
              "speed": null,
              "pass": false,
              "fail": true,
              "pending": false,
              "context": null,
              "code": "const state = window.testState;\nreturn cy\n  .then(() => state.onStartScenario(scenario, indexedSteps))\n  .then(() =>\n    resolveAndRunBeforeHooks.call(this, scenario.tags, state.feature.name)\n  )\n  .then(() =>\n    indexedSteps.forEach((step) =>\n      stepTest.call(this, state, step, rowData)\n    )\n  )\n  .then(() => state.onFinishScenario(scenario));",
              "err": {
                "message": "CypressError: `cy.request()` failed on:\n\nhttps://rmzwitktjd.execute-api.us-east-1.amazonaws.com/Prod/upgrade_downgrade_usersubscription\n\nThe response we received from your web server was:\n\n  > 400: Bad Request\n\nThis was considered a failure because the status code was not `2xx` or `3xx`.\n\nIf you do not want status codes to cause failures pass the option: `failOnStatusCode: false`\n\n-----------------------------------------------------------\n\nThe request we sent was:\n\nMethod: POST\nURL: https://rmzwitktjd.execute-api.us-east-1.amazonaws.com/Prod/upgrade_downgrade_usersubscription\nHeaders: {\n  \"Connection\": \"keep-alive\",\n  \"Authorization\": \"Bearer eyJraWQiOiJ6ZG0yZ2NvUkltVXBmODFNWk54QnlEN2tRMGpMUXpucnpLVjNpaUd0bTk0PSIsImFsZyI6IlJTMjU2In0.eyJzdWIiOiI0NGI4YzQxOC0yMGExLTcwZTAtZGVmYi0wMmRlZjUzZjkxOGMiLCJlbWFpbF92ZXJpZmllZCI6dHJ1ZSwiaXNzIjoiaHR0cHM6XC9cL2NvZ25pdG8taWRwLnVzLWVhc3QtMS5hbWF6b25hd3MuY29tXC91cy1lYXN0LTFfVWJDN0p0R2xZIiwiY29nbml0bzp1c2VybmFtZSI6IjQ0YjhjNDE4LTIwYTEtNzBlMC1kZWZiLTAyZGVmNTNmOTE4YyIsIm9yaWdpbl9qdGkiOiI1MGVmZDQ2ZS02ODI0LTQ3NjEtYWI5Ny1lYzJiOWFiMjY1YzAiLCJhdWQiOiI2MGh0Nms0azA2OW9pNjk2bWMza2ZscGloOSIsImV2ZW50X2lkIjoiYWM3YWNjMDgtNTVkOC00YTI5LTkwY2YtZjg2MzA2MTllZmM2IiwidG9rZW5fdXNlIjoiaWQiLCJhdXRoX3RpbWUiOjE2OTY5NzE5OTIsImV4cCI6MTY5NzQxMDAwMiwiaWF0IjoxNjk3MzIzNjAyLCJqdGkiOiIwNmRiZmVmNi1mZGE2LTQxNTItOGIyNi1mYjgyZWE0ZThhOTUiLCJlbWFpbCI6ImFiZHVsbGF0aWYuYWtzdUBhYmV5aXMuY29tIn0.ivY6esBN_oJ3KJcVGpQrQkTs2e9pwATnXe-8O3Qkx0yTXgYYedmVhMQSe6fXKzF0pUXRGqCYBWanNioROXnZKXnPMR4sQyh8YSq0szJoI_nXkv07HKgSZ0YiDWj548r4rxP4bX-EHOdux5MYTYRnU4Dm7vCmhnIuDAx24ujVtAVECppt37scYWpMIzNNJQbsy_iDNWPaIyj7htpKGpSQUxHeksX3ayZ31uj274S0fTn8OU3VSEPoS3_R36LiiagdReEciQ4okRrohOfjcPTrO-wjvsz-QX9DA4uCRFxWBcz4QQ2brb9FbumRtrYgUncmYtmG_3LRplFUSBRBKj1afg\",\n  \"user-agent\": \"Mozilla/5.0 (Windows NT 10.0; Win64; x64) AppleWebKit/537.36 (KHTML, like Gecko) Cypress/13.3.1 Chrome/114.0.5735.289 Electron/25.8.4 Safari/537.36\",\n  \"accept\": \"*/*\",\n  \"accept-encoding\": \"gzip, deflate\",\n  \"content-type\": \"application/json\",\n  \"content-length\": 51\n}\nBody: {\"new_package_id\":\"price_1NyveXGRkOBpNhaCKR23bLoD\"}\n\n-----------------------------------------------------------\n\nThe response we got was:\n\nStatus: 400 - Bad Request\nHeaders: {\n  \"content-type\": \"application/json\",\n  \"content-length\": \"149\",\n  \"connection\": \"keep-alive\",\n  \"date\": \"Sat, 14 Oct 2023 22:46:42 GMT\",\n  \"x-amzn-requestid\": \"095e5911-d650-4144-bf66-307fcd4d4b5c\",\n  \"x-amz-apigw-id\": \"M0ENAHbBIAMFaOw=\",\n  \"x-amzn-trace-id\": \"Root=1-652b1a52-30e34d90207c12ee61716df1;Sampled=0;lineage=d08050fe:0\",\n  \"x-cache\": \"Error from cloudfront\",\n  \"via\": \"1.1 17eb4ce9c34597b3328325a19f8138fe.cloudfront.net (CloudFront)\",\n  \"x-amz-cf-pop\": \"JFK50-P6\",\n  \"x-amz-cf-id\": \"d-VH6x3zKYVtqFREAEdJyJaVybaU0v5TRhPslif-7uc7wRQuhj4e7Q==\"\n}\nBody: Could not determine which URL to request: Subscription instance has invalid ID: None, <class 'NoneType'>. ID should be of type `str` (or `unicode`)\n\n\nhttps://on.cypress.io/request",
                "estack": "CypressError: `cy.request()` failed on:\n\nhttps://rmzwitktjd.execute-api.us-east-1.amazonaws.com/Prod/upgrade_downgrade_usersubscription\n\nThe response we received from your web server was:\n\n  > 400: Bad Request\n\nThis was considered a failure because the status code was not `2xx` or `3xx`.\n\nIf you do not want status codes to cause failures pass the option: `failOnStatusCode: false`\n\n-----------------------------------------------------------\n\nThe request we sent was:\n\nMethod: POST\nURL: https://rmzwitktjd.execute-api.us-east-1.amazonaws.com/Prod/upgrade_downgrade_usersubscription\nHeaders: {\n  \"Connection\": \"keep-alive\",\n  \"Authorization\": \"Bearer eyJraWQiOiJ6ZG0yZ2NvUkltVXBmODFNWk54QnlEN2tRMGpMUXpucnpLVjNpaUd0bTk0PSIsImFsZyI6IlJTMjU2In0.eyJzdWIiOiI0NGI4YzQxOC0yMGExLTcwZTAtZGVmYi0wMmRlZjUzZjkxOGMiLCJlbWFpbF92ZXJpZmllZCI6dHJ1ZSwiaXNzIjoiaHR0cHM6XC9cL2NvZ25pdG8taWRwLnVzLWVhc3QtMS5hbWF6b25hd3MuY29tXC91cy1lYXN0LTFfVWJDN0p0R2xZIiwiY29nbml0bzp1c2VybmFtZSI6IjQ0YjhjNDE4LTIwYTEtNzBlMC1kZWZiLTAyZGVmNTNmOTE4YyIsIm9yaWdpbl9qdGkiOiI1MGVmZDQ2ZS02ODI0LTQ3NjEtYWI5Ny1lYzJiOWFiMjY1YzAiLCJhdWQiOiI2MGh0Nms0azA2OW9pNjk2bWMza2ZscGloOSIsImV2ZW50X2lkIjoiYWM3YWNjMDgtNTVkOC00YTI5LTkwY2YtZjg2MzA2MTllZmM2IiwidG9rZW5fdXNlIjoiaWQiLCJhdXRoX3RpbWUiOjE2OTY5NzE5OTIsImV4cCI6MTY5NzQxMDAwMiwiaWF0IjoxNjk3MzIzNjAyLCJqdGkiOiIwNmRiZmVmNi1mZGE2LTQxNTItOGIyNi1mYjgyZWE0ZThhOTUiLCJlbWFpbCI6ImFiZHVsbGF0aWYuYWtzdUBhYmV5aXMuY29tIn0.ivY6esBN_oJ3KJcVGpQrQkTs2e9pwATnXe-8O3Qkx0yTXgYYedmVhMQSe6fXKzF0pUXRGqCYBWanNioROXnZKXnPMR4sQyh8YSq0szJoI_nXkv07HKgSZ0YiDWj548r4rxP4bX-EHOdux5MYTYRnU4Dm7vCmhnIuDAx24ujVtAVECppt37scYWpMIzNNJQbsy_iDNWPaIyj7htpKGpSQUxHeksX3ayZ31uj274S0fTn8OU3VSEPoS3_R36LiiagdReEciQ4okRrohOfjcPTrO-wjvsz-QX9DA4uCRFxWBcz4QQ2brb9FbumRtrYgUncmYtmG_3LRplFUSBRBKj1afg\",\n  \"user-agent\": \"Mozilla/5.0 (Windows NT 10.0; Win64; x64) AppleWebKit/537.36 (KHTML, like Gecko) Cypress/13.3.1 Chrome/114.0.5735.289 Electron/25.8.4 Safari/537.36\",\n  \"accept\": \"*/*\",\n  \"accept-encoding\": \"gzip, deflate\",\n  \"content-type\": \"application/json\",\n  \"content-length\": 51\n}\nBody: {\"new_package_id\":\"price_1NyveXGRkOBpNhaCKR23bLoD\"}\n\n-----------------------------------------------------------\n\nThe response we got was:\n\nStatus: 400 - Bad Request\nHeaders: {\n  \"content-type\": \"application/json\",\n  \"content-length\": \"149\",\n  \"connection\": \"keep-alive\",\n  \"date\": \"Sat, 14 Oct 2023 22:46:42 GMT\",\n  \"x-amzn-requestid\": \"095e5911-d650-4144-bf66-307fcd4d4b5c\",\n  \"x-amz-apigw-id\": \"M0ENAHbBIAMFaOw=\",\n  \"x-amzn-trace-id\": \"Root=1-652b1a52-30e34d90207c12ee61716df1;Sampled=0;lineage=d08050fe:0\",\n  \"x-cache\": \"Error from cloudfront\",\n  \"via\": \"1.1 17eb4ce9c34597b3328325a19f8138fe.cloudfront.net (CloudFront)\",\n  \"x-amz-cf-pop\": \"JFK50-P6\",\n  \"x-amz-cf-id\": \"d-VH6x3zKYVtqFREAEdJyJaVybaU0v5TRhPslif-7uc7wRQuhj4e7Q==\"\n}\nBody: Could not determine which URL to request: Subscription instance has invalid ID: None, <class 'NoneType'>. ID should be of type `str` (or `unicode`)\n\n\nhttps://on.cypress.io/request\n    at <unknown> (http://localhost:59368/__cypress/runner/cypress_runner.js:133251:72)\n    at tryCatcher (http://localhost:59368/__cypress/runner/cypress_runner.js:1807:23)\n    at Promise._settlePromiseFromHandler (http://localhost:59368/__cypress/runner/cypress_runner.js:1519:31)\n    at Promise._settlePromise (http://localhost:59368/__cypress/runner/cypress_runner.js:1576:18)\n    at Promise._settlePromise0 (http://localhost:59368/__cypress/runner/cypress_runner.js:1621:10)\n    at Promise._settlePromises (http://localhost:59368/__cypress/runner/cypress_runner.js:1701:18)\n    at _drainQueueStep (http://localhost:59368/__cypress/runner/cypress_runner.js:2407:12)\n    at _drainQueue (http://localhost:59368/__cypress/runner/cypress_runner.js:2400:9)\n    at Async._drainQueues (http://localhost:59368/__cypress/runner/cypress_runner.js:2416:5)\n    at Async.drainQueues (http://localhost:59368/__cypress/runner/cypress_runner.js:2286:14)\nFrom Your Spec Code:\n    at Context.eval (cypress/integration/step_definitions/backend/aa_token_generate.cy.js:8:16)",
                "diff": null
              },
              "uuid": "aa38bc16-b30e-40bc-8bad-1fd25e03d269",
              "parentUUID": "43ca8201-6390-4481-9940-4855c040c2d2",
              "isHook": false,
              "skipped": false
            }
          ],
          "suites": [],
          "passes": [],
          "failures": [
            "342db5fd-7dab-4baa-954f-5b62e18cad96",
            "cda9a513-8925-4e19-80e6-3b0c6f0771b0",
            "aa38bc16-b30e-40bc-8bad-1fd25e03d269"
          ],
          "pending": [],
          "skipped": [],
          "duration": 2734,
          "root": false,
          "rootEmpty": false,
          "_timeout": 2000
        }
      ],
      "passes": [],
      "failures": [],
      "pending": [],
      "skipped": [],
      "duration": 0,
      "root": true,
      "rootEmpty": true,
      "_timeout": 2000
    }
  ],
  "meta": {
    "mocha": {
      "version": "7.0.1"
    },
    "mochawesome": {
      "options": {
        "quiet": true,
        "reportFilename": "mochawesome",
        "saveHtml": true,
        "saveJson": true,
        "consoleReporter": "spec",
        "useInlineDiffs": false,
        "code": true
      },
      "version": "7.1.3"
    },
    "marge": {
      "options": {
        "jsonDir": "cypress/reports/mochawesome.json",
        "overwrite": false,
        "html": true,
        "quiet": true
      },
      "version": "6.2.0"
    }
  }
}