{
  "stats": {
    "suites": 1,
    "tests": 3,
    "passes": 0,
    "pending": 0,
    "failures": 3,
    "start": "2023-10-14T22:24:31.761Z",
    "end": "2023-10-14T22:24:41.298Z",
    "duration": 9537,
    "testsRegistered": 3,
    "passPercent": 0,
    "pendingPercent": 0,
    "other": 0,
    "hasOther": false,
    "skipped": 0,
    "hasSkipped": false
  },
  "results": [
    {
      "uuid": "086e54f9-ec2a-42f5-853d-b24d6eced6f2",
      "title": "",
      "fullFile": "cypress\\e2e\\features\\backend\\aa_upgrade_downgrade_usersubscription.feature",
      "file": "cypress\\e2e\\features\\backend\\aa_upgrade_downgrade_usersubscription.feature",
      "beforeHooks": [],
      "afterHooks": [],
      "tests": [],
      "suites": [
        {
          "uuid": "9fd10e53-fdbb-447f-9830-3dda58b39026",
          "title": "Upgrade or downgrade usersubscription",
          "fullFile": "",
          "file": "",
          "beforeHooks": [],
          "afterHooks": [],
          "tests": [
            {
              "title": "Upgrade or downgrade usersubscription to any tier (example #1)",
              "fullTitle": "Upgrade or downgrade usersubscription Upgrade or downgrade usersubscription to any tier (example #1)",
              "timedOut": null,
              "duration": 7958,
              "state": "failed",
              "speed": null,
              "pass": false,
              "fail": true,
              "pending": false,
              "context": null,
              "code": "const state = window.testState;\nreturn cy\n  .then(() => state.onStartScenario(scenario, indexedSteps))\n  .then(() =>\n    resolveAndRunBeforeHooks.call(this, scenario.tags, state.feature.name)\n  )\n  .then(() =>\n    indexedSteps.forEach((step) =>\n      stepTest.call(this, state, step, rowData)\n    )\n  )\n  .then(() => state.onFinishScenario(scenario));",
              "err": {
                "message": "CypressError: `cy.request()` failed on:\n\nhttps://rmzwitktjd.execute-api.us-east-1.amazonaws.com/Prod/upgrade_downgrade_usersubscription\n\nThe response we received from your web server was:\n\n  > 400: Bad Request\n\nThis was considered a failure because the status code was not `2xx` or `3xx`.\n\nIf you do not want status codes to cause failures pass the option: `failOnStatusCode: false`\n\n-----------------------------------------------------------\n\nThe request we sent was:\n\nMethod: POST\nURL: https://rmzwitktjd.execute-api.us-east-1.amazonaws.com/Prod/upgrade_downgrade_usersubscription\nHeaders: {\n  \"Connection\": \"keep-alive\",\n  \"Authorization\": \"Bearer eyJraWQiOiJ6ZG0yZ2NvUkltVXBmODFNWk54QnlEN2tRMGpMUXpucnpLVjNpaUd0bTk0PSIsImFsZyI6IlJTMjU2In0.eyJzdWIiOiI0NGI4YzQxOC0yMGExLTcwZTAtZGVmYi0wMmRlZjUzZjkxOGMiLCJlbWFpbF92ZXJpZmllZCI6dHJ1ZSwiaXNzIjoiaHR0cHM6XC9cL2NvZ25pdG8taWRwLnVzLWVhc3QtMS5hbWF6b25hd3MuY29tXC91cy1lYXN0LTFfVWJDN0p0R2xZIiwiY29nbml0bzp1c2VybmFtZSI6IjQ0YjhjNDE4LTIwYTEtNzBlMC1kZWZiLTAyZGVmNTNmOTE4YyIsIm9yaWdpbl9qdGkiOiI1MGVmZDQ2ZS02ODI0LTQ3NjEtYWI5Ny1lYzJiOWFiMjY1YzAiLCJhdWQiOiI2MGh0Nms0azA2OW9pNjk2bWMza2ZscGloOSIsImV2ZW50X2lkIjoiYWM3YWNjMDgtNTVkOC00YTI5LTkwY2YtZjg2MzA2MTllZmM2IiwidG9rZW5fdXNlIjoiaWQiLCJhdXRoX3RpbWUiOjE2OTY5NzE5OTIsImV4cCI6MTY5NzQwODY3NiwiaWF0IjoxNjk3MzIyMjc2LCJqdGkiOiI1NWU1ODI2Yy0yYWNjLTRlODEtOTdhNS1mODg0ZDA2NzEzNzgiLCJlbWFpbCI6ImFiZHVsbGF0aWYuYWtzdUBhYmV5aXMuY29tIn0.XywbvitoRHvSnHO9z3Zb9U1WwssyoP5lNj8_O1efJdBQhALMEDV26-0PrU--f940tN3JeiwXyLKyXvaPQpSlaURGK6an1xV05-z735TaC8x4RT8G6iy52uRfX0PvGTcYfiqbBmzUnpvQUqFQtDgBdpMpgR_XNkGSe66kSkN4sr9NgOmrOZIRgJ-cMVwXuUA8wfkpzPotQDNThd3CSJ9ti0-7UKn4hdTFfTNtrDNt0IAm2_9NQYDwlJbwGUqutKfHvjiiyRDk4NM0AcOAj08naDw-fr7KNALyhOTE7ZbLiJPyLzK3lblzfTBKbW2Un3C7rNCXCRGwDahDBvBh12o2wA\",\n  \"user-agent\": \"Mozilla/5.0 (Windows NT 10.0; Win64; x64) AppleWebKit/537.36 (KHTML, like Gecko) Cypress/13.3.1 Chrome/114.0.5735.289 Electron/25.8.4 Safari/537.36\",\n  \"accept\": \"*/*\",\n  \"accept-encoding\": \"gzip, deflate\",\n  \"content-type\": \"application/json\",\n  \"content-length\": 51\n}\nBody: {\"new_package_id\":\"price_1NyveXGRkOBpNhaCKR23bLoD\"}\n\n-----------------------------------------------------------\n\nThe response we got was:\n\nStatus: 400 - Bad Request\nHeaders: {\n  \"content-type\": \"application/json\",\n  \"content-length\": \"149\",\n  \"connection\": \"keep-alive\",\n  \"date\": \"Sat, 14 Oct 2023 22:24:39 GMT\",\n  \"x-amzn-requestid\": \"8561a31c-a0ce-4c15-9445-22c9cb3a51b2\",\n  \"x-amz-apigw-id\": \"M0A-BHSXIAMFo2A=\",\n  \"x-amzn-trace-id\": \"Root=1-652b1526-4d00071816a2ce812867f7ba;Sampled=0;lineage=d08050fe:0\",\n  \"x-cache\": \"Error from cloudfront\",\n  \"via\": \"1.1 3ce8b408dfcacf1e62d9fe4b346a6a62.cloudfront.net (CloudFront)\",\n  \"x-amz-cf-pop\": \"JFK50-P6\",\n  \"x-amz-cf-id\": \"fAxbCUOrmbQqJI2xeZ0oVw54dmnZbJAyMUwuhEcxEB8JgtH2iol8dQ==\"\n}\nBody: Could not determine which URL to request: Subscription instance has invalid ID: None, <class 'NoneType'>. ID should be of type `str` (or `unicode`)\n\n\nhttps://on.cypress.io/request",
                "estack": "CypressError: `cy.request()` failed on:\n\nhttps://rmzwitktjd.execute-api.us-east-1.amazonaws.com/Prod/upgrade_downgrade_usersubscription\n\nThe response we received from your web server was:\n\n  > 400: Bad Request\n\nThis was considered a failure because the status code was not `2xx` or `3xx`.\n\nIf you do not want status codes to cause failures pass the option: `failOnStatusCode: false`\n\n-----------------------------------------------------------\n\nThe request we sent was:\n\nMethod: POST\nURL: https://rmzwitktjd.execute-api.us-east-1.amazonaws.com/Prod/upgrade_downgrade_usersubscription\nHeaders: {\n  \"Connection\": \"keep-alive\",\n  \"Authorization\": \"Bearer eyJraWQiOiJ6ZG0yZ2NvUkltVXBmODFNWk54QnlEN2tRMGpMUXpucnpLVjNpaUd0bTk0PSIsImFsZyI6IlJTMjU2In0.eyJzdWIiOiI0NGI4YzQxOC0yMGExLTcwZTAtZGVmYi0wMmRlZjUzZjkxOGMiLCJlbWFpbF92ZXJpZmllZCI6dHJ1ZSwiaXNzIjoiaHR0cHM6XC9cL2NvZ25pdG8taWRwLnVzLWVhc3QtMS5hbWF6b25hd3MuY29tXC91cy1lYXN0LTFfVWJDN0p0R2xZIiwiY29nbml0bzp1c2VybmFtZSI6IjQ0YjhjNDE4LTIwYTEtNzBlMC1kZWZiLTAyZGVmNTNmOTE4YyIsIm9yaWdpbl9qdGkiOiI1MGVmZDQ2ZS02ODI0LTQ3NjEtYWI5Ny1lYzJiOWFiMjY1YzAiLCJhdWQiOiI2MGh0Nms0azA2OW9pNjk2bWMza2ZscGloOSIsImV2ZW50X2lkIjoiYWM3YWNjMDgtNTVkOC00YTI5LTkwY2YtZjg2MzA2MTllZmM2IiwidG9rZW5fdXNlIjoiaWQiLCJhdXRoX3RpbWUiOjE2OTY5NzE5OTIsImV4cCI6MTY5NzQwODY3NiwiaWF0IjoxNjk3MzIyMjc2LCJqdGkiOiI1NWU1ODI2Yy0yYWNjLTRlODEtOTdhNS1mODg0ZDA2NzEzNzgiLCJlbWFpbCI6ImFiZHVsbGF0aWYuYWtzdUBhYmV5aXMuY29tIn0.XywbvitoRHvSnHO9z3Zb9U1WwssyoP5lNj8_O1efJdBQhALMEDV26-0PrU--f940tN3JeiwXyLKyXvaPQpSlaURGK6an1xV05-z735TaC8x4RT8G6iy52uRfX0PvGTcYfiqbBmzUnpvQUqFQtDgBdpMpgR_XNkGSe66kSkN4sr9NgOmrOZIRgJ-cMVwXuUA8wfkpzPotQDNThd3CSJ9ti0-7UKn4hdTFfTNtrDNt0IAm2_9NQYDwlJbwGUqutKfHvjiiyRDk4NM0AcOAj08naDw-fr7KNALyhOTE7ZbLiJPyLzK3lblzfTBKbW2Un3C7rNCXCRGwDahDBvBh12o2wA\",\n  \"user-agent\": \"Mozilla/5.0 (Windows NT 10.0; Win64; x64) AppleWebKit/537.36 (KHTML, like Gecko) Cypress/13.3.1 Chrome/114.0.5735.289 Electron/25.8.4 Safari/537.36\",\n  \"accept\": \"*/*\",\n  \"accept-encoding\": \"gzip, deflate\",\n  \"content-type\": \"application/json\",\n  \"content-length\": 51\n}\nBody: {\"new_package_id\":\"price_1NyveXGRkOBpNhaCKR23bLoD\"}\n\n-----------------------------------------------------------\n\nThe response we got was:\n\nStatus: 400 - Bad Request\nHeaders: {\n  \"content-type\": \"application/json\",\n  \"content-length\": \"149\",\n  \"connection\": \"keep-alive\",\n  \"date\": \"Sat, 14 Oct 2023 22:24:39 GMT\",\n  \"x-amzn-requestid\": \"8561a31c-a0ce-4c15-9445-22c9cb3a51b2\",\n  \"x-amz-apigw-id\": \"M0A-BHSXIAMFo2A=\",\n  \"x-amzn-trace-id\": \"Root=1-652b1526-4d00071816a2ce812867f7ba;Sampled=0;lineage=d08050fe:0\",\n  \"x-cache\": \"Error from cloudfront\",\n  \"via\": \"1.1 3ce8b408dfcacf1e62d9fe4b346a6a62.cloudfront.net (CloudFront)\",\n  \"x-amz-cf-pop\": \"JFK50-P6\",\n  \"x-amz-cf-id\": \"fAxbCUOrmbQqJI2xeZ0oVw54dmnZbJAyMUwuhEcxEB8JgtH2iol8dQ==\"\n}\nBody: Could not determine which URL to request: Subscription instance has invalid ID: None, <class 'NoneType'>. ID should be of type `str` (or `unicode`)\n\n\nhttps://on.cypress.io/request\n    at <unknown> (http://localhost:59087/__cypress/runner/cypress_runner.js:133251:72)\n    at tryCatcher (http://localhost:59087/__cypress/runner/cypress_runner.js:1807:23)\n    at Promise._settlePromiseFromHandler (http://localhost:59087/__cypress/runner/cypress_runner.js:1519:31)\n    at Promise._settlePromise (http://localhost:59087/__cypress/runner/cypress_runner.js:1576:18)\n    at Promise._settlePromise0 (http://localhost:59087/__cypress/runner/cypress_runner.js:1621:10)\n    at Promise._settlePromises (http://localhost:59087/__cypress/runner/cypress_runner.js:1701:18)\n    at _drainQueueStep (http://localhost:59087/__cypress/runner/cypress_runner.js:2407:12)\n    at _drainQueue (http://localhost:59087/__cypress/runner/cypress_runner.js:2400:9)\n    at Async._drainQueues (http://localhost:59087/__cypress/runner/cypress_runner.js:2416:5)\n    at Async.drainQueues (http://localhost:59087/__cypress/runner/cypress_runner.js:2286:14)\nFrom Your Spec Code:\n    at Context.eval (cypress/integration/step_definitions/backend/aa_token_generate.cy.js:8:16)",
                "diff": null
              },
              "uuid": "d09f65e4-f28e-4f88-9387-b815e1f464aa",
              "parentUUID": "9fd10e53-fdbb-447f-9830-3dda58b39026",
              "isHook": false,
              "skipped": false
            },
            {
              "title": "Upgrade or downgrade usersubscription to any tier (example #2)",
              "fullTitle": "Upgrade or downgrade usersubscription Upgrade or downgrade usersubscription to any tier (example #2)",
              "timedOut": null,
              "duration": 700,
              "state": "failed",
              "speed": null,
              "pass": false,
              "fail": true,
              "pending": false,
              "context": null,
              "code": "const state = window.testState;\nreturn cy\n  .then(() => state.onStartScenario(scenario, indexedSteps))\n  .then(() =>\n    resolveAndRunBeforeHooks.call(this, scenario.tags, state.feature.name)\n  )\n  .then(() =>\n    indexedSteps.forEach((step) =>\n      stepTest.call(this, state, step, rowData)\n    )\n  )\n  .then(() => state.onFinishScenario(scenario));",
              "err": {
                "message": "CypressError: `cy.request()` failed on:\n\nhttps://rmzwitktjd.execute-api.us-east-1.amazonaws.com/Prod/upgrade_downgrade_usersubscription\n\nThe response we received from your web server was:\n\n  > 400: Bad Request\n\nThis was considered a failure because the status code was not `2xx` or `3xx`.\n\nIf you do not want status codes to cause failures pass the option: `failOnStatusCode: false`\n\n-----------------------------------------------------------\n\nThe request we sent was:\n\nMethod: POST\nURL: https://rmzwitktjd.execute-api.us-east-1.amazonaws.com/Prod/upgrade_downgrade_usersubscription\nHeaders: {\n  \"Connection\": \"keep-alive\",\n  \"Authorization\": \"Bearer eyJraWQiOiJ6ZG0yZ2NvUkltVXBmODFNWk54QnlEN2tRMGpMUXpucnpLVjNpaUd0bTk0PSIsImFsZyI6IlJTMjU2In0.eyJzdWIiOiI0NGI4YzQxOC0yMGExLTcwZTAtZGVmYi0wMmRlZjUzZjkxOGMiLCJlbWFpbF92ZXJpZmllZCI6dHJ1ZSwiaXNzIjoiaHR0cHM6XC9cL2NvZ25pdG8taWRwLnVzLWVhc3QtMS5hbWF6b25hd3MuY29tXC91cy1lYXN0LTFfVWJDN0p0R2xZIiwiY29nbml0bzp1c2VybmFtZSI6IjQ0YjhjNDE4LTIwYTEtNzBlMC1kZWZiLTAyZGVmNTNmOTE4YyIsIm9yaWdpbl9qdGkiOiI1MGVmZDQ2ZS02ODI0LTQ3NjEtYWI5Ny1lYzJiOWFiMjY1YzAiLCJhdWQiOiI2MGh0Nms0azA2OW9pNjk2bWMza2ZscGloOSIsImV2ZW50X2lkIjoiYWM3YWNjMDgtNTVkOC00YTI5LTkwY2YtZjg2MzA2MTllZmM2IiwidG9rZW5fdXNlIjoiaWQiLCJhdXRoX3RpbWUiOjE2OTY5NzE5OTIsImV4cCI6MTY5NzQwODY3OSwiaWF0IjoxNjk3MzIyMjgwLCJqdGkiOiI0ODM1YWU5Ni02ZmY3LTRlNzYtYjZlMy0yYWM5OGYxNTY4ZjQiLCJlbWFpbCI6ImFiZHVsbGF0aWYuYWtzdUBhYmV5aXMuY29tIn0.RGnqkBksnY9FCC6eGTlnKrB8CDykWYwqxqKSYHmOb90hwJ4RKUlLu9niwEkCu4EJhAixZ8y6r2kU-h64-vI9aj9n_W8bJeTU6MH8tv5vHyECIpDQrY7wQsXm7iiqYN7d-G2o15E7dsWuDgTvyvp_WipsbYecstEs3WsvNifei-p0NGGsBCH9JeR11piVl2su_PA3C6i0gTApWdNxWGdwHc7TAuWeggVOzIW2JdEq9XJ7SldNfVXc9AAwke2QhynOJgLnxUqxJ8S9Hr10ElWf1hV3AScJME6pXpsmceu1PIIAyS5u0EFclmFjyZXvx9OA2KZRDllSa16THwzY3x5LbA\",\n  \"user-agent\": \"Mozilla/5.0 (Windows NT 10.0; Win64; x64) AppleWebKit/537.36 (KHTML, like Gecko) Cypress/13.3.1 Chrome/114.0.5735.289 Electron/25.8.4 Safari/537.36\",\n  \"accept\": \"*/*\",\n  \"accept-encoding\": \"gzip, deflate\",\n  \"content-type\": \"application/json\",\n  \"content-length\": 51\n}\nBody: {\"new_package_id\":\"price_1NyvhhGRkOBpNhaCbeUTjqoE\"}\n\n-----------------------------------------------------------\n\nThe response we got was:\n\nStatus: 400 - Bad Request\nHeaders: {\n  \"content-type\": \"application/json\",\n  \"content-length\": \"149\",\n  \"connection\": \"keep-alive\",\n  \"date\": \"Sat, 14 Oct 2023 22:24:40 GMT\",\n  \"x-amzn-requestid\": \"204b1c5e-85fb-4f23-9d6b-c74e389e357a\",\n  \"x-amz-apigw-id\": \"M0A-VHE2oAMFrMg=\",\n  \"x-amzn-trace-id\": \"Root=1-652b1528-3abe5b630b5a4fe47bb17654;Sampled=0;lineage=d08050fe:0\",\n  \"x-cache\": \"Error from cloudfront\",\n  \"via\": \"1.1 3ce8b408dfcacf1e62d9fe4b346a6a62.cloudfront.net (CloudFront)\",\n  \"x-amz-cf-pop\": \"JFK50-P6\",\n  \"x-amz-cf-id\": \"sk1psOeXGsrhnRhUUSBau9KGfta9sdJrHIZngYAk-y-7RmgMhAFEEA==\"\n}\nBody: Could not determine which URL to request: Subscription instance has invalid ID: None, <class 'NoneType'>. ID should be of type `str` (or `unicode`)\n\n\nhttps://on.cypress.io/request",
                "estack": "CypressError: `cy.request()` failed on:\n\nhttps://rmzwitktjd.execute-api.us-east-1.amazonaws.com/Prod/upgrade_downgrade_usersubscription\n\nThe response we received from your web server was:\n\n  > 400: Bad Request\n\nThis was considered a failure because the status code was not `2xx` or `3xx`.\n\nIf you do not want status codes to cause failures pass the option: `failOnStatusCode: false`\n\n-----------------------------------------------------------\n\nThe request we sent was:\n\nMethod: POST\nURL: https://rmzwitktjd.execute-api.us-east-1.amazonaws.com/Prod/upgrade_downgrade_usersubscription\nHeaders: {\n  \"Connection\": \"keep-alive\",\n  \"Authorization\": \"Bearer eyJraWQiOiJ6ZG0yZ2NvUkltVXBmODFNWk54QnlEN2tRMGpMUXpucnpLVjNpaUd0bTk0PSIsImFsZyI6IlJTMjU2In0.eyJzdWIiOiI0NGI4YzQxOC0yMGExLTcwZTAtZGVmYi0wMmRlZjUzZjkxOGMiLCJlbWFpbF92ZXJpZmllZCI6dHJ1ZSwiaXNzIjoiaHR0cHM6XC9cL2NvZ25pdG8taWRwLnVzLWVhc3QtMS5hbWF6b25hd3MuY29tXC91cy1lYXN0LTFfVWJDN0p0R2xZIiwiY29nbml0bzp1c2VybmFtZSI6IjQ0YjhjNDE4LTIwYTEtNzBlMC1kZWZiLTAyZGVmNTNmOTE4YyIsIm9yaWdpbl9qdGkiOiI1MGVmZDQ2ZS02ODI0LTQ3NjEtYWI5Ny1lYzJiOWFiMjY1YzAiLCJhdWQiOiI2MGh0Nms0azA2OW9pNjk2bWMza2ZscGloOSIsImV2ZW50X2lkIjoiYWM3YWNjMDgtNTVkOC00YTI5LTkwY2YtZjg2MzA2MTllZmM2IiwidG9rZW5fdXNlIjoiaWQiLCJhdXRoX3RpbWUiOjE2OTY5NzE5OTIsImV4cCI6MTY5NzQwODY3OSwiaWF0IjoxNjk3MzIyMjgwLCJqdGkiOiI0ODM1YWU5Ni02ZmY3LTRlNzYtYjZlMy0yYWM5OGYxNTY4ZjQiLCJlbWFpbCI6ImFiZHVsbGF0aWYuYWtzdUBhYmV5aXMuY29tIn0.RGnqkBksnY9FCC6eGTlnKrB8CDykWYwqxqKSYHmOb90hwJ4RKUlLu9niwEkCu4EJhAixZ8y6r2kU-h64-vI9aj9n_W8bJeTU6MH8tv5vHyECIpDQrY7wQsXm7iiqYN7d-G2o15E7dsWuDgTvyvp_WipsbYecstEs3WsvNifei-p0NGGsBCH9JeR11piVl2su_PA3C6i0gTApWdNxWGdwHc7TAuWeggVOzIW2JdEq9XJ7SldNfVXc9AAwke2QhynOJgLnxUqxJ8S9Hr10ElWf1hV3AScJME6pXpsmceu1PIIAyS5u0EFclmFjyZXvx9OA2KZRDllSa16THwzY3x5LbA\",\n  \"user-agent\": \"Mozilla/5.0 (Windows NT 10.0; Win64; x64) AppleWebKit/537.36 (KHTML, like Gecko) Cypress/13.3.1 Chrome/114.0.5735.289 Electron/25.8.4 Safari/537.36\",\n  \"accept\": \"*/*\",\n  \"accept-encoding\": \"gzip, deflate\",\n  \"content-type\": \"application/json\",\n  \"content-length\": 51\n}\nBody: {\"new_package_id\":\"price_1NyvhhGRkOBpNhaCbeUTjqoE\"}\n\n-----------------------------------------------------------\n\nThe response we got was:\n\nStatus: 400 - Bad Request\nHeaders: {\n  \"content-type\": \"application/json\",\n  \"content-length\": \"149\",\n  \"connection\": \"keep-alive\",\n  \"date\": \"Sat, 14 Oct 2023 22:24:40 GMT\",\n  \"x-amzn-requestid\": \"204b1c5e-85fb-4f23-9d6b-c74e389e357a\",\n  \"x-amz-apigw-id\": \"M0A-VHE2oAMFrMg=\",\n  \"x-amzn-trace-id\": \"Root=1-652b1528-3abe5b630b5a4fe47bb17654;Sampled=0;lineage=d08050fe:0\",\n  \"x-cache\": \"Error from cloudfront\",\n  \"via\": \"1.1 3ce8b408dfcacf1e62d9fe4b346a6a62.cloudfront.net (CloudFront)\",\n  \"x-amz-cf-pop\": \"JFK50-P6\",\n  \"x-amz-cf-id\": \"sk1psOeXGsrhnRhUUSBau9KGfta9sdJrHIZngYAk-y-7RmgMhAFEEA==\"\n}\nBody: Could not determine which URL to request: Subscription instance has invalid ID: None, <class 'NoneType'>. ID should be of type `str` (or `unicode`)\n\n\nhttps://on.cypress.io/request\n    at <unknown> (http://localhost:59087/__cypress/runner/cypress_runner.js:133251:72)\n    at tryCatcher (http://localhost:59087/__cypress/runner/cypress_runner.js:1807:23)\n    at Promise._settlePromiseFromHandler (http://localhost:59087/__cypress/runner/cypress_runner.js:1519:31)\n    at Promise._settlePromise (http://localhost:59087/__cypress/runner/cypress_runner.js:1576:18)\n    at Promise._settlePromise0 (http://localhost:59087/__cypress/runner/cypress_runner.js:1621:10)\n    at Promise._settlePromises (http://localhost:59087/__cypress/runner/cypress_runner.js:1701:18)\n    at _drainQueueStep (http://localhost:59087/__cypress/runner/cypress_runner.js:2407:12)\n    at _drainQueue (http://localhost:59087/__cypress/runner/cypress_runner.js:2400:9)\n    at Async._drainQueues (http://localhost:59087/__cypress/runner/cypress_runner.js:2416:5)\n    at Async.drainQueues (http://localhost:59087/__cypress/runner/cypress_runner.js:2286:14)\nFrom Your Spec Code:\n    at Context.eval (cypress/integration/step_definitions/backend/aa_token_generate.cy.js:8:16)",
                "diff": null
              },
              "uuid": "f76909fe-6971-49a3-a2a9-d2ec80c9ef24",
              "parentUUID": "9fd10e53-fdbb-447f-9830-3dda58b39026",
              "isHook": false,
              "skipped": false
            },
            {
              "title": "Upgrade or downgrade usersubscription to any tier (example #3)",
              "fullTitle": "Upgrade or downgrade usersubscription Upgrade or downgrade usersubscription to any tier (example #3)",
              "timedOut": null,
              "duration": 651,
              "state": "failed",
              "speed": null,
              "pass": false,
              "fail": true,
              "pending": false,
              "context": null,
              "code": "const state = window.testState;\nreturn cy\n  .then(() => state.onStartScenario(scenario, indexedSteps))\n  .then(() =>\n    resolveAndRunBeforeHooks.call(this, scenario.tags, state.feature.name)\n  )\n  .then(() =>\n    indexedSteps.forEach((step) =>\n      stepTest.call(this, state, step, rowData)\n    )\n  )\n  .then(() => state.onFinishScenario(scenario));",
              "err": {
                "message": "CypressError: `cy.request()` failed on:\n\nhttps://rmzwitktjd.execute-api.us-east-1.amazonaws.com/Prod/upgrade_downgrade_usersubscription\n\nThe response we received from your web server was:\n\n  > 400: Bad Request\n\nThis was considered a failure because the status code was not `2xx` or `3xx`.\n\nIf you do not want status codes to cause failures pass the option: `failOnStatusCode: false`\n\n-----------------------------------------------------------\n\nThe request we sent was:\n\nMethod: POST\nURL: https://rmzwitktjd.execute-api.us-east-1.amazonaws.com/Prod/upgrade_downgrade_usersubscription\nHeaders: {\n  \"Connection\": \"keep-alive\",\n  \"Authorization\": \"Bearer eyJraWQiOiJ6ZG0yZ2NvUkltVXBmODFNWk54QnlEN2tRMGpMUXpucnpLVjNpaUd0bTk0PSIsImFsZyI6IlJTMjU2In0.eyJzdWIiOiI0NGI4YzQxOC0yMGExLTcwZTAtZGVmYi0wMmRlZjUzZjkxOGMiLCJlbWFpbF92ZXJpZmllZCI6dHJ1ZSwiaXNzIjoiaHR0cHM6XC9cL2NvZ25pdG8taWRwLnVzLWVhc3QtMS5hbWF6b25hd3MuY29tXC91cy1lYXN0LTFfVWJDN0p0R2xZIiwiY29nbml0bzp1c2VybmFtZSI6IjQ0YjhjNDE4LTIwYTEtNzBlMC1kZWZiLTAyZGVmNTNmOTE4YyIsIm9yaWdpbl9qdGkiOiI1MGVmZDQ2ZS02ODI0LTQ3NjEtYWI5Ny1lYzJiOWFiMjY1YzAiLCJhdWQiOiI2MGh0Nms0azA2OW9pNjk2bWMza2ZscGloOSIsImV2ZW50X2lkIjoiYWM3YWNjMDgtNTVkOC00YTI5LTkwY2YtZjg2MzA2MTllZmM2IiwidG9rZW5fdXNlIjoiaWQiLCJhdXRoX3RpbWUiOjE2OTY5NzE5OTIsImV4cCI6MTY5NzQwODY4MCwiaWF0IjoxNjk3MzIyMjgwLCJqdGkiOiJhZjgyNmY2Mi0zMWJkLTRhZDEtOTIzNS1hZWMyZWVkM2EyMzEiLCJlbWFpbCI6ImFiZHVsbGF0aWYuYWtzdUBhYmV5aXMuY29tIn0.f1ezW3m5yvsHrP4cWCA0gq4O7B97BvkehKM2Pp2yIkgYHmcTtlg8ayEcpr6JgSwzL_xL-pgI4jFIQSHNwlwP_sEiuRDhzI8wth7je-QLyLb1HoDiJPzRhhnDOjk3h2JiHOkOff0TIV-sYFMPy6mGbIPTPVtbAZtFrACYGLYinC-55MsR9fxTnAV_6gm0zFUUSse6fSE1wjk5mPULgHEVCentiphpEyuW3l8cg1OIrkANL0Q0vyjVYoK-DbFKRAE334ph8P29shjIEPSVXS562WSTTq1Lgx_a7g_-_Preb7xHyKyobIeHsusnP9KMf7YsPHUmv3uw86xhCoONDLahhA\",\n  \"user-agent\": \"Mozilla/5.0 (Windows NT 10.0; Win64; x64) AppleWebKit/537.36 (KHTML, like Gecko) Cypress/13.3.1 Chrome/114.0.5735.289 Electron/25.8.4 Safari/537.36\",\n  \"accept\": \"*/*\",\n  \"accept-encoding\": \"gzip, deflate\",\n  \"content-type\": \"application/json\",\n  \"content-length\": 51\n}\nBody: {\"new_package_id\":\"price_1NyveXGRkOBpNhaCKR23bLoD\"}\n\n-----------------------------------------------------------\n\nThe response we got was:\n\nStatus: 400 - Bad Request\nHeaders: {\n  \"content-type\": \"application/json\",\n  \"content-length\": \"149\",\n  \"connection\": \"keep-alive\",\n  \"date\": \"Sat, 14 Oct 2023 22:24:41 GMT\",\n  \"x-amzn-requestid\": \"be6a146f-0683-4d82-bdeb-8dbe23559c04\",\n  \"x-amz-apigw-id\": \"M0A-dE0MIAMFT9A=\",\n  \"x-amzn-trace-id\": \"Root=1-652b1529-6524798b2556b1b8274e375c;Sampled=0;lineage=d08050fe:0\",\n  \"x-cache\": \"Error from cloudfront\",\n  \"via\": \"1.1 3ce8b408dfcacf1e62d9fe4b346a6a62.cloudfront.net (CloudFront)\",\n  \"x-amz-cf-pop\": \"JFK50-P6\",\n  \"x-amz-cf-id\": \"XUAOSdqmwyqGWdklT-CjmiofHwSX5CsVkLD3fCGHTWQX_5lssLl1Jg==\"\n}\nBody: Could not determine which URL to request: Subscription instance has invalid ID: None, <class 'NoneType'>. ID should be of type `str` (or `unicode`)\n\n\nhttps://on.cypress.io/request",
                "estack": "CypressError: `cy.request()` failed on:\n\nhttps://rmzwitktjd.execute-api.us-east-1.amazonaws.com/Prod/upgrade_downgrade_usersubscription\n\nThe response we received from your web server was:\n\n  > 400: Bad Request\n\nThis was considered a failure because the status code was not `2xx` or `3xx`.\n\nIf you do not want status codes to cause failures pass the option: `failOnStatusCode: false`\n\n-----------------------------------------------------------\n\nThe request we sent was:\n\nMethod: POST\nURL: https://rmzwitktjd.execute-api.us-east-1.amazonaws.com/Prod/upgrade_downgrade_usersubscription\nHeaders: {\n  \"Connection\": \"keep-alive\",\n  \"Authorization\": \"Bearer eyJraWQiOiJ6ZG0yZ2NvUkltVXBmODFNWk54QnlEN2tRMGpMUXpucnpLVjNpaUd0bTk0PSIsImFsZyI6IlJTMjU2In0.eyJzdWIiOiI0NGI4YzQxOC0yMGExLTcwZTAtZGVmYi0wMmRlZjUzZjkxOGMiLCJlbWFpbF92ZXJpZmllZCI6dHJ1ZSwiaXNzIjoiaHR0cHM6XC9cL2NvZ25pdG8taWRwLnVzLWVhc3QtMS5hbWF6b25hd3MuY29tXC91cy1lYXN0LTFfVWJDN0p0R2xZIiwiY29nbml0bzp1c2VybmFtZSI6IjQ0YjhjNDE4LTIwYTEtNzBlMC1kZWZiLTAyZGVmNTNmOTE4YyIsIm9yaWdpbl9qdGkiOiI1MGVmZDQ2ZS02ODI0LTQ3NjEtYWI5Ny1lYzJiOWFiMjY1YzAiLCJhdWQiOiI2MGh0Nms0azA2OW9pNjk2bWMza2ZscGloOSIsImV2ZW50X2lkIjoiYWM3YWNjMDgtNTVkOC00YTI5LTkwY2YtZjg2MzA2MTllZmM2IiwidG9rZW5fdXNlIjoiaWQiLCJhdXRoX3RpbWUiOjE2OTY5NzE5OTIsImV4cCI6MTY5NzQwODY4MCwiaWF0IjoxNjk3MzIyMjgwLCJqdGkiOiJhZjgyNmY2Mi0zMWJkLTRhZDEtOTIzNS1hZWMyZWVkM2EyMzEiLCJlbWFpbCI6ImFiZHVsbGF0aWYuYWtzdUBhYmV5aXMuY29tIn0.f1ezW3m5yvsHrP4cWCA0gq4O7B97BvkehKM2Pp2yIkgYHmcTtlg8ayEcpr6JgSwzL_xL-pgI4jFIQSHNwlwP_sEiuRDhzI8wth7je-QLyLb1HoDiJPzRhhnDOjk3h2JiHOkOff0TIV-sYFMPy6mGbIPTPVtbAZtFrACYGLYinC-55MsR9fxTnAV_6gm0zFUUSse6fSE1wjk5mPULgHEVCentiphpEyuW3l8cg1OIrkANL0Q0vyjVYoK-DbFKRAE334ph8P29shjIEPSVXS562WSTTq1Lgx_a7g_-_Preb7xHyKyobIeHsusnP9KMf7YsPHUmv3uw86xhCoONDLahhA\",\n  \"user-agent\": \"Mozilla/5.0 (Windows NT 10.0; Win64; x64) AppleWebKit/537.36 (KHTML, like Gecko) Cypress/13.3.1 Chrome/114.0.5735.289 Electron/25.8.4 Safari/537.36\",\n  \"accept\": \"*/*\",\n  \"accept-encoding\": \"gzip, deflate\",\n  \"content-type\": \"application/json\",\n  \"content-length\": 51\n}\nBody: {\"new_package_id\":\"price_1NyveXGRkOBpNhaCKR23bLoD\"}\n\n-----------------------------------------------------------\n\nThe response we got was:\n\nStatus: 400 - Bad Request\nHeaders: {\n  \"content-type\": \"application/json\",\n  \"content-length\": \"149\",\n  \"connection\": \"keep-alive\",\n  \"date\": \"Sat, 14 Oct 2023 22:24:41 GMT\",\n  \"x-amzn-requestid\": \"be6a146f-0683-4d82-bdeb-8dbe23559c04\",\n  \"x-amz-apigw-id\": \"M0A-dE0MIAMFT9A=\",\n  \"x-amzn-trace-id\": \"Root=1-652b1529-6524798b2556b1b8274e375c;Sampled=0;lineage=d08050fe:0\",\n  \"x-cache\": \"Error from cloudfront\",\n  \"via\": \"1.1 3ce8b408dfcacf1e62d9fe4b346a6a62.cloudfront.net (CloudFront)\",\n  \"x-amz-cf-pop\": \"JFK50-P6\",\n  \"x-amz-cf-id\": \"XUAOSdqmwyqGWdklT-CjmiofHwSX5CsVkLD3fCGHTWQX_5lssLl1Jg==\"\n}\nBody: Could not determine which URL to request: Subscription instance has invalid ID: None, <class 'NoneType'>. ID should be of type `str` (or `unicode`)\n\n\nhttps://on.cypress.io/request\n    at <unknown> (http://localhost:59087/__cypress/runner/cypress_runner.js:133251:72)\n    at tryCatcher (http://localhost:59087/__cypress/runner/cypress_runner.js:1807:23)\n    at Promise._settlePromiseFromHandler (http://localhost:59087/__cypress/runner/cypress_runner.js:1519:31)\n    at Promise._settlePromise (http://localhost:59087/__cypress/runner/cypress_runner.js:1576:18)\n    at Promise._settlePromise0 (http://localhost:59087/__cypress/runner/cypress_runner.js:1621:10)\n    at Promise._settlePromises (http://localhost:59087/__cypress/runner/cypress_runner.js:1701:18)\n    at _drainQueueStep (http://localhost:59087/__cypress/runner/cypress_runner.js:2407:12)\n    at _drainQueue (http://localhost:59087/__cypress/runner/cypress_runner.js:2400:9)\n    at Async._drainQueues (http://localhost:59087/__cypress/runner/cypress_runner.js:2416:5)\n    at Async.drainQueues (http://localhost:59087/__cypress/runner/cypress_runner.js:2286:14)\nFrom Your Spec Code:\n    at Context.eval (cypress/integration/step_definitions/backend/aa_token_generate.cy.js:8:16)",
                "diff": null
              },
              "uuid": "2aa6241e-8fbd-4afd-821d-c987ec6413c1",
              "parentUUID": "9fd10e53-fdbb-447f-9830-3dda58b39026",
              "isHook": false,
              "skipped": false
            }
          ],
          "suites": [],
          "passes": [],
          "failures": [
            "d09f65e4-f28e-4f88-9387-b815e1f464aa",
            "f76909fe-6971-49a3-a2a9-d2ec80c9ef24",
            "2aa6241e-8fbd-4afd-821d-c987ec6413c1"
          ],
          "pending": [],
          "skipped": [],
          "duration": 9309,
          "root": false,
          "rootEmpty": false,
          "_timeout": 2000
        }
      ],
      "passes": [],
      "failures": [],
      "pending": [],
      "skipped": [],
      "duration": 0,
      "root": true,
      "rootEmpty": true,
      "_timeout": 2000
    }
  ],
  "meta": {
    "mocha": {
      "version": "7.0.1"
    },
    "mochawesome": {
      "options": {
        "quiet": true,
        "reportFilename": "mochawesome",
        "saveHtml": true,
        "saveJson": true,
        "consoleReporter": "spec",
        "useInlineDiffs": false,
        "code": true
      },
      "version": "7.1.3"
    },
    "marge": {
      "options": {
        "jsonDir": "cypress/reports/mochawesome.json",
        "overwrite": false,
        "html": true,
        "quiet": true
      },
      "version": "6.2.0"
    }
  }
}