{
  "stats": {
    "suites": 1,
    "tests": 3,
    "passes": 0,
    "pending": 0,
    "failures": 3,
    "start": "2023-10-14T22:09:13.358Z",
    "end": "2023-10-14T22:09:19.724Z",
    "duration": 6366,
    "testsRegistered": 3,
    "passPercent": 0,
    "pendingPercent": 0,
    "other": 0,
    "hasOther": false,
    "skipped": 0,
    "hasSkipped": false
  },
  "results": [
    {
      "uuid": "48be8fc2-165c-4b0d-9a9b-d6fe447707aa",
      "title": "",
      "fullFile": "cypress\\e2e\\features\\backend\\aa_upgrade_downgrade_usersubscription.feature",
      "file": "cypress\\e2e\\features\\backend\\aa_upgrade_downgrade_usersubscription.feature",
      "beforeHooks": [],
      "afterHooks": [],
      "tests": [],
      "suites": [
        {
          "uuid": "01e529eb-e545-402c-94b0-adc3bc10f649",
          "title": "Upgrade or downgrade usersubscription",
          "fullFile": "",
          "file": "",
          "beforeHooks": [],
          "afterHooks": [],
          "tests": [
            {
              "title": "Upgrade or downgrade usersubscription to any tier (example #1)",
              "fullTitle": "Upgrade or downgrade usersubscription Upgrade or downgrade usersubscription to any tier (example #1)",
              "timedOut": null,
              "duration": 4786,
              "state": "failed",
              "speed": null,
              "pass": false,
              "fail": true,
              "pending": false,
              "context": null,
              "code": "const state = window.testState;\nreturn cy\n  .then(() => state.onStartScenario(scenario, indexedSteps))\n  .then(() =>\n    resolveAndRunBeforeHooks.call(this, scenario.tags, state.feature.name)\n  )\n  .then(() =>\n    indexedSteps.forEach((step) =>\n      stepTest.call(this, state, step, rowData)\n    )\n  )\n  .then(() => state.onFinishScenario(scenario));",
              "err": {
                "message": "CypressError: `cy.request()` failed on:\n\nhttps://rmzwitktjd.execute-api.us-east-1.amazonaws.com/Prod/upgrade_downgrade_usersubscription\n\nThe response we received from your web server was:\n\n  > 400: Bad Request\n\nThis was considered a failure because the status code was not `2xx` or `3xx`.\n\nIf you do not want status codes to cause failures pass the option: `failOnStatusCode: false`\n\n-----------------------------------------------------------\n\nThe request we sent was:\n\nMethod: POST\nURL: https://rmzwitktjd.execute-api.us-east-1.amazonaws.com/Prod/upgrade_downgrade_usersubscription\nHeaders: {\n  \"Connection\": \"keep-alive\",\n  \"Authorization\": \"Bearer eyJraWQiOiJ6ZG0yZ2NvUkltVXBmODFNWk54QnlEN2tRMGpMUXpucnpLVjNpaUd0bTk0PSIsImFsZyI6IlJTMjU2In0.eyJzdWIiOiI0NGI4YzQxOC0yMGExLTcwZTAtZGVmYi0wMmRlZjUzZjkxOGMiLCJlbWFpbF92ZXJpZmllZCI6dHJ1ZSwiaXNzIjoiaHR0cHM6XC9cL2NvZ25pdG8taWRwLnVzLWVhc3QtMS5hbWF6b25hd3MuY29tXC91cy1lYXN0LTFfVWJDN0p0R2xZIiwiY29nbml0bzp1c2VybmFtZSI6IjQ0YjhjNDE4LTIwYTEtNzBlMC1kZWZiLTAyZGVmNTNmOTE4YyIsIm9yaWdpbl9qdGkiOiI1MGVmZDQ2ZS02ODI0LTQ3NjEtYWI5Ny1lYzJiOWFiMjY1YzAiLCJhdWQiOiI2MGh0Nms0azA2OW9pNjk2bWMza2ZscGloOSIsImV2ZW50X2lkIjoiYWM3YWNjMDgtNTVkOC00YTI5LTkwY2YtZjg2MzA2MTllZmM2IiwidG9rZW5fdXNlIjoiaWQiLCJhdXRoX3RpbWUiOjE2OTY5NzE5OTIsImV4cCI6MTY5NzQwNzc1NCwiaWF0IjoxNjk3MzIxMzU0LCJqdGkiOiIwOWQ1MjcwMC00ZDY2LTRjMzctYjU0NS1hYTJhMDIyOThjMDUiLCJlbWFpbCI6ImFiZHVsbGF0aWYuYWtzdUBhYmV5aXMuY29tIn0.1Of_gulbpcDcPA02CJQlTOHNCoKv9GGffdB-MxCpEQ6GztUwBBde5E5l4uzDnzsALwOA5F3kmjJvRylaVR_wsVV0mYMwiuc2DrRS0WtL7dJ8Uzf82VFQgcMS3pPjvE6dhDoPEfl-VmLfj89IqDyGqHD1Daf-FQulDJE1XTnMaiCGJ6Ax-EjY8k3j7W3Os1CdB2evOm2CvXbRECaeNlS5mDpwBoJ7LvvMeRmsLwuMnUl16UIyfXXWxUKdW53K1DqE984N61wg4xh5fbsGwSMHWTJ_ortE6zTojOYVPE5Je4EjJ-chGMG147NROThYN4On5wjLpnn-o9ZunpTjSsLQZA\",\n  \"user-agent\": \"Mozilla/5.0 (Windows NT 10.0; Win64; x64) AppleWebKit/537.36 (KHTML, like Gecko) Cypress/13.3.1 Chrome/114.0.5735.289 Electron/25.8.4 Safari/537.36\",\n  \"accept\": \"*/*\",\n  \"accept-encoding\": \"gzip, deflate\",\n  \"content-type\": \"application/json\",\n  \"content-length\": 51\n}\nBody: {\"new_package_id\":\"price_1NyveXGRkOBpNhaCKR23bLoD\"}\n\n-----------------------------------------------------------\n\nThe response we got was:\n\nStatus: 400 - Bad Request\nHeaders: {\n  \"content-type\": \"application/json\",\n  \"content-length\": \"149\",\n  \"connection\": \"keep-alive\",\n  \"date\": \"Sat, 14 Oct 2023 22:09:17 GMT\",\n  \"x-amzn-requestid\": \"bf6dc5f7-7899-4b96-b791-d6db4817dcbb\",\n  \"x-amz-apigw-id\": \"Mz-uAHlcoAMF_8g=\",\n  \"x-amzn-trace-id\": \"Root=1-652b118c-0cd8a8ad3b1b2f3c57ef7063;Sampled=0;lineage=d08050fe:0\",\n  \"x-cache\": \"Error from cloudfront\",\n  \"via\": \"1.1 2f276f8b7ce92ba7a0844268d20c32ba.cloudfront.net (CloudFront)\",\n  \"x-amz-cf-pop\": \"JFK50-P6\",\n  \"x-amz-cf-id\": \"lTaTsa5M3tty9sMzVMdd-nYsuGSvDg6rofVvcz9H7LsKy5KG0WtYBg==\"\n}\nBody: Could not determine which URL to request: Subscription instance has invalid ID: None, <class 'NoneType'>. ID should be of type `str` (or `unicode`)\n\n\nhttps://on.cypress.io/request",
                "estack": "CypressError: `cy.request()` failed on:\n\nhttps://rmzwitktjd.execute-api.us-east-1.amazonaws.com/Prod/upgrade_downgrade_usersubscription\n\nThe response we received from your web server was:\n\n  > 400: Bad Request\n\nThis was considered a failure because the status code was not `2xx` or `3xx`.\n\nIf you do not want status codes to cause failures pass the option: `failOnStatusCode: false`\n\n-----------------------------------------------------------\n\nThe request we sent was:\n\nMethod: POST\nURL: https://rmzwitktjd.execute-api.us-east-1.amazonaws.com/Prod/upgrade_downgrade_usersubscription\nHeaders: {\n  \"Connection\": \"keep-alive\",\n  \"Authorization\": \"Bearer eyJraWQiOiJ6ZG0yZ2NvUkltVXBmODFNWk54QnlEN2tRMGpMUXpucnpLVjNpaUd0bTk0PSIsImFsZyI6IlJTMjU2In0.eyJzdWIiOiI0NGI4YzQxOC0yMGExLTcwZTAtZGVmYi0wMmRlZjUzZjkxOGMiLCJlbWFpbF92ZXJpZmllZCI6dHJ1ZSwiaXNzIjoiaHR0cHM6XC9cL2NvZ25pdG8taWRwLnVzLWVhc3QtMS5hbWF6b25hd3MuY29tXC91cy1lYXN0LTFfVWJDN0p0R2xZIiwiY29nbml0bzp1c2VybmFtZSI6IjQ0YjhjNDE4LTIwYTEtNzBlMC1kZWZiLTAyZGVmNTNmOTE4YyIsIm9yaWdpbl9qdGkiOiI1MGVmZDQ2ZS02ODI0LTQ3NjEtYWI5Ny1lYzJiOWFiMjY1YzAiLCJhdWQiOiI2MGh0Nms0azA2OW9pNjk2bWMza2ZscGloOSIsImV2ZW50X2lkIjoiYWM3YWNjMDgtNTVkOC00YTI5LTkwY2YtZjg2MzA2MTllZmM2IiwidG9rZW5fdXNlIjoiaWQiLCJhdXRoX3RpbWUiOjE2OTY5NzE5OTIsImV4cCI6MTY5NzQwNzc1NCwiaWF0IjoxNjk3MzIxMzU0LCJqdGkiOiIwOWQ1MjcwMC00ZDY2LTRjMzctYjU0NS1hYTJhMDIyOThjMDUiLCJlbWFpbCI6ImFiZHVsbGF0aWYuYWtzdUBhYmV5aXMuY29tIn0.1Of_gulbpcDcPA02CJQlTOHNCoKv9GGffdB-MxCpEQ6GztUwBBde5E5l4uzDnzsALwOA5F3kmjJvRylaVR_wsVV0mYMwiuc2DrRS0WtL7dJ8Uzf82VFQgcMS3pPjvE6dhDoPEfl-VmLfj89IqDyGqHD1Daf-FQulDJE1XTnMaiCGJ6Ax-EjY8k3j7W3Os1CdB2evOm2CvXbRECaeNlS5mDpwBoJ7LvvMeRmsLwuMnUl16UIyfXXWxUKdW53K1DqE984N61wg4xh5fbsGwSMHWTJ_ortE6zTojOYVPE5Je4EjJ-chGMG147NROThYN4On5wjLpnn-o9ZunpTjSsLQZA\",\n  \"user-agent\": \"Mozilla/5.0 (Windows NT 10.0; Win64; x64) AppleWebKit/537.36 (KHTML, like Gecko) Cypress/13.3.1 Chrome/114.0.5735.289 Electron/25.8.4 Safari/537.36\",\n  \"accept\": \"*/*\",\n  \"accept-encoding\": \"gzip, deflate\",\n  \"content-type\": \"application/json\",\n  \"content-length\": 51\n}\nBody: {\"new_package_id\":\"price_1NyveXGRkOBpNhaCKR23bLoD\"}\n\n-----------------------------------------------------------\n\nThe response we got was:\n\nStatus: 400 - Bad Request\nHeaders: {\n  \"content-type\": \"application/json\",\n  \"content-length\": \"149\",\n  \"connection\": \"keep-alive\",\n  \"date\": \"Sat, 14 Oct 2023 22:09:17 GMT\",\n  \"x-amzn-requestid\": \"bf6dc5f7-7899-4b96-b791-d6db4817dcbb\",\n  \"x-amz-apigw-id\": \"Mz-uAHlcoAMF_8g=\",\n  \"x-amzn-trace-id\": \"Root=1-652b118c-0cd8a8ad3b1b2f3c57ef7063;Sampled=0;lineage=d08050fe:0\",\n  \"x-cache\": \"Error from cloudfront\",\n  \"via\": \"1.1 2f276f8b7ce92ba7a0844268d20c32ba.cloudfront.net (CloudFront)\",\n  \"x-amz-cf-pop\": \"JFK50-P6\",\n  \"x-amz-cf-id\": \"lTaTsa5M3tty9sMzVMdd-nYsuGSvDg6rofVvcz9H7LsKy5KG0WtYBg==\"\n}\nBody: Could not determine which URL to request: Subscription instance has invalid ID: None, <class 'NoneType'>. ID should be of type `str` (or `unicode`)\n\n\nhttps://on.cypress.io/request\n    at <unknown> (http://localhost:58922/__cypress/runner/cypress_runner.js:133251:72)\n    at tryCatcher (http://localhost:58922/__cypress/runner/cypress_runner.js:1807:23)\n    at Promise._settlePromiseFromHandler (http://localhost:58922/__cypress/runner/cypress_runner.js:1519:31)\n    at Promise._settlePromise (http://localhost:58922/__cypress/runner/cypress_runner.js:1576:18)\n    at Promise._settlePromise0 (http://localhost:58922/__cypress/runner/cypress_runner.js:1621:10)\n    at Promise._settlePromises (http://localhost:58922/__cypress/runner/cypress_runner.js:1701:18)\n    at _drainQueueStep (http://localhost:58922/__cypress/runner/cypress_runner.js:2407:12)\n    at _drainQueue (http://localhost:58922/__cypress/runner/cypress_runner.js:2400:9)\n    at Async._drainQueues (http://localhost:58922/__cypress/runner/cypress_runner.js:2416:5)\n    at Async.drainQueues (http://localhost:58922/__cypress/runner/cypress_runner.js:2286:14)\nFrom Your Spec Code:\n    at Context.eval (cypress/integration/step_definitions/backend/aa_token_generate.cy.js:8:16)",
                "diff": null
              },
              "uuid": "db750809-ae35-41a9-a399-e6f89188ba56",
              "parentUUID": "01e529eb-e545-402c-94b0-adc3bc10f649",
              "isHook": false,
              "skipped": false
            },
            {
              "title": "Upgrade or downgrade usersubscription to any tier (example #2)",
              "fullTitle": "Upgrade or downgrade usersubscription Upgrade or downgrade usersubscription to any tier (example #2)",
              "timedOut": null,
              "duration": 659,
              "state": "failed",
              "speed": null,
              "pass": false,
              "fail": true,
              "pending": false,
              "context": null,
              "code": "const state = window.testState;\nreturn cy\n  .then(() => state.onStartScenario(scenario, indexedSteps))\n  .then(() =>\n    resolveAndRunBeforeHooks.call(this, scenario.tags, state.feature.name)\n  )\n  .then(() =>\n    indexedSteps.forEach((step) =>\n      stepTest.call(this, state, step, rowData)\n    )\n  )\n  .then(() => state.onFinishScenario(scenario));",
              "err": {
                "message": "CypressError: `cy.request()` failed on:\n\nhttps://rmzwitktjd.execute-api.us-east-1.amazonaws.com/Prod/upgrade_downgrade_usersubscription\n\nThe response we received from your web server was:\n\n  > 400: Bad Request\n\nThis was considered a failure because the status code was not `2xx` or `3xx`.\n\nIf you do not want status codes to cause failures pass the option: `failOnStatusCode: false`\n\n-----------------------------------------------------------\n\nThe request we sent was:\n\nMethod: POST\nURL: https://rmzwitktjd.execute-api.us-east-1.amazonaws.com/Prod/upgrade_downgrade_usersubscription\nHeaders: {\n  \"Connection\": \"keep-alive\",\n  \"Authorization\": \"Bearer eyJraWQiOiJ6ZG0yZ2NvUkltVXBmODFNWk54QnlEN2tRMGpMUXpucnpLVjNpaUd0bTk0PSIsImFsZyI6IlJTMjU2In0.eyJzdWIiOiI0NGI4YzQxOC0yMGExLTcwZTAtZGVmYi0wMmRlZjUzZjkxOGMiLCJlbWFpbF92ZXJpZmllZCI6dHJ1ZSwiaXNzIjoiaHR0cHM6XC9cL2NvZ25pdG8taWRwLnVzLWVhc3QtMS5hbWF6b25hd3MuY29tXC91cy1lYXN0LTFfVWJDN0p0R2xZIiwiY29nbml0bzp1c2VybmFtZSI6IjQ0YjhjNDE4LTIwYTEtNzBlMC1kZWZiLTAyZGVmNTNmOTE4YyIsIm9yaWdpbl9qdGkiOiI1MGVmZDQ2ZS02ODI0LTQ3NjEtYWI5Ny1lYzJiOWFiMjY1YzAiLCJhdWQiOiI2MGh0Nms0azA2OW9pNjk2bWMza2ZscGloOSIsImV2ZW50X2lkIjoiYWM3YWNjMDgtNTVkOC00YTI5LTkwY2YtZjg2MzA2MTllZmM2IiwidG9rZW5fdXNlIjoiaWQiLCJhdXRoX3RpbWUiOjE2OTY5NzE5OTIsImV4cCI6MTY5NzQwNzc1OCwiaWF0IjoxNjk3MzIxMzU4LCJqdGkiOiI5NjhkNDk0Zi1mYmYzLTQ4OTMtYTM4YS04NjgxZDczZjY2ZDEiLCJlbWFpbCI6ImFiZHVsbGF0aWYuYWtzdUBhYmV5aXMuY29tIn0.A1ORZpvgPGGbn_6cjGCtYQApZ8BQwaKgxx6z35bM5PMFzTiREhjkdfcBEhwumFkNnlsym2cyc-u_LtNaowW02LW2op6cGAGTQs_4l-a3P6qUK-xBtht9zhAjCHlNRa7wDGOIA6l8GEtv46BSIMo_ABF_p9qQF_6w77NAi9IMdlJOHoCxpXot30HIwAt5cbdevj3TTgmkJNkpv5us5HdFsQgDIzhxKdyZ8At9hs_TOEn1VEgkaY9TNdAVbm_LDGavHG4L0zGzu1zvYctwo_Dezif5dT-hrC4ZrGZeYPnyvdwkQJdFYqZB50WXBfb3Lg96x2ahyDSr15mLqrwzLKXecw\",\n  \"user-agent\": \"Mozilla/5.0 (Windows NT 10.0; Win64; x64) AppleWebKit/537.36 (KHTML, like Gecko) Cypress/13.3.1 Chrome/114.0.5735.289 Electron/25.8.4 Safari/537.36\",\n  \"accept\": \"*/*\",\n  \"accept-encoding\": \"gzip, deflate\",\n  \"content-type\": \"application/json\",\n  \"content-length\": 51\n}\nBody: {\"new_package_id\":\"price_1NyvhhGRkOBpNhaCbeUTjqoE\"}\n\n-----------------------------------------------------------\n\nThe response we got was:\n\nStatus: 400 - Bad Request\nHeaders: {\n  \"content-type\": \"application/json\",\n  \"content-length\": \"149\",\n  \"connection\": \"keep-alive\",\n  \"date\": \"Sat, 14 Oct 2023 22:09:18 GMT\",\n  \"x-amzn-requestid\": \"d78adcc9-6add-4823-ad70-da1b2df59b7d\",\n  \"x-amz-apigw-id\": \"Mz-uVH4_IAMFXDQ=\",\n  \"x-amzn-trace-id\": \"Root=1-652b118e-7e9576bf4a645a5b4ca2deaa;Sampled=0;lineage=d08050fe:0\",\n  \"x-cache\": \"Error from cloudfront\",\n  \"via\": \"1.1 2f276f8b7ce92ba7a0844268d20c32ba.cloudfront.net (CloudFront)\",\n  \"x-amz-cf-pop\": \"JFK50-P6\",\n  \"x-amz-cf-id\": \"2-SsGwZinDuFZp47-9vAcH1wq_hHz_TLfWV8b1mBWN9xVjSaQrdvwQ==\"\n}\nBody: Could not determine which URL to request: Subscription instance has invalid ID: None, <class 'NoneType'>. ID should be of type `str` (or `unicode`)\n\n\nhttps://on.cypress.io/request",
                "estack": "CypressError: `cy.request()` failed on:\n\nhttps://rmzwitktjd.execute-api.us-east-1.amazonaws.com/Prod/upgrade_downgrade_usersubscription\n\nThe response we received from your web server was:\n\n  > 400: Bad Request\n\nThis was considered a failure because the status code was not `2xx` or `3xx`.\n\nIf you do not want status codes to cause failures pass the option: `failOnStatusCode: false`\n\n-----------------------------------------------------------\n\nThe request we sent was:\n\nMethod: POST\nURL: https://rmzwitktjd.execute-api.us-east-1.amazonaws.com/Prod/upgrade_downgrade_usersubscription\nHeaders: {\n  \"Connection\": \"keep-alive\",\n  \"Authorization\": \"Bearer eyJraWQiOiJ6ZG0yZ2NvUkltVXBmODFNWk54QnlEN2tRMGpMUXpucnpLVjNpaUd0bTk0PSIsImFsZyI6IlJTMjU2In0.eyJzdWIiOiI0NGI4YzQxOC0yMGExLTcwZTAtZGVmYi0wMmRlZjUzZjkxOGMiLCJlbWFpbF92ZXJpZmllZCI6dHJ1ZSwiaXNzIjoiaHR0cHM6XC9cL2NvZ25pdG8taWRwLnVzLWVhc3QtMS5hbWF6b25hd3MuY29tXC91cy1lYXN0LTFfVWJDN0p0R2xZIiwiY29nbml0bzp1c2VybmFtZSI6IjQ0YjhjNDE4LTIwYTEtNzBlMC1kZWZiLTAyZGVmNTNmOTE4YyIsIm9yaWdpbl9qdGkiOiI1MGVmZDQ2ZS02ODI0LTQ3NjEtYWI5Ny1lYzJiOWFiMjY1YzAiLCJhdWQiOiI2MGh0Nms0azA2OW9pNjk2bWMza2ZscGloOSIsImV2ZW50X2lkIjoiYWM3YWNjMDgtNTVkOC00YTI5LTkwY2YtZjg2MzA2MTllZmM2IiwidG9rZW5fdXNlIjoiaWQiLCJhdXRoX3RpbWUiOjE2OTY5NzE5OTIsImV4cCI6MTY5NzQwNzc1OCwiaWF0IjoxNjk3MzIxMzU4LCJqdGkiOiI5NjhkNDk0Zi1mYmYzLTQ4OTMtYTM4YS04NjgxZDczZjY2ZDEiLCJlbWFpbCI6ImFiZHVsbGF0aWYuYWtzdUBhYmV5aXMuY29tIn0.A1ORZpvgPGGbn_6cjGCtYQApZ8BQwaKgxx6z35bM5PMFzTiREhjkdfcBEhwumFkNnlsym2cyc-u_LtNaowW02LW2op6cGAGTQs_4l-a3P6qUK-xBtht9zhAjCHlNRa7wDGOIA6l8GEtv46BSIMo_ABF_p9qQF_6w77NAi9IMdlJOHoCxpXot30HIwAt5cbdevj3TTgmkJNkpv5us5HdFsQgDIzhxKdyZ8At9hs_TOEn1VEgkaY9TNdAVbm_LDGavHG4L0zGzu1zvYctwo_Dezif5dT-hrC4ZrGZeYPnyvdwkQJdFYqZB50WXBfb3Lg96x2ahyDSr15mLqrwzLKXecw\",\n  \"user-agent\": \"Mozilla/5.0 (Windows NT 10.0; Win64; x64) AppleWebKit/537.36 (KHTML, like Gecko) Cypress/13.3.1 Chrome/114.0.5735.289 Electron/25.8.4 Safari/537.36\",\n  \"accept\": \"*/*\",\n  \"accept-encoding\": \"gzip, deflate\",\n  \"content-type\": \"application/json\",\n  \"content-length\": 51\n}\nBody: {\"new_package_id\":\"price_1NyvhhGRkOBpNhaCbeUTjqoE\"}\n\n-----------------------------------------------------------\n\nThe response we got was:\n\nStatus: 400 - Bad Request\nHeaders: {\n  \"content-type\": \"application/json\",\n  \"content-length\": \"149\",\n  \"connection\": \"keep-alive\",\n  \"date\": \"Sat, 14 Oct 2023 22:09:18 GMT\",\n  \"x-amzn-requestid\": \"d78adcc9-6add-4823-ad70-da1b2df59b7d\",\n  \"x-amz-apigw-id\": \"Mz-uVH4_IAMFXDQ=\",\n  \"x-amzn-trace-id\": \"Root=1-652b118e-7e9576bf4a645a5b4ca2deaa;Sampled=0;lineage=d08050fe:0\",\n  \"x-cache\": \"Error from cloudfront\",\n  \"via\": \"1.1 2f276f8b7ce92ba7a0844268d20c32ba.cloudfront.net (CloudFront)\",\n  \"x-amz-cf-pop\": \"JFK50-P6\",\n  \"x-amz-cf-id\": \"2-SsGwZinDuFZp47-9vAcH1wq_hHz_TLfWV8b1mBWN9xVjSaQrdvwQ==\"\n}\nBody: Could not determine which URL to request: Subscription instance has invalid ID: None, <class 'NoneType'>. ID should be of type `str` (or `unicode`)\n\n\nhttps://on.cypress.io/request\n    at <unknown> (http://localhost:58922/__cypress/runner/cypress_runner.js:133251:72)\n    at tryCatcher (http://localhost:58922/__cypress/runner/cypress_runner.js:1807:23)\n    at Promise._settlePromiseFromHandler (http://localhost:58922/__cypress/runner/cypress_runner.js:1519:31)\n    at Promise._settlePromise (http://localhost:58922/__cypress/runner/cypress_runner.js:1576:18)\n    at Promise._settlePromise0 (http://localhost:58922/__cypress/runner/cypress_runner.js:1621:10)\n    at Promise._settlePromises (http://localhost:58922/__cypress/runner/cypress_runner.js:1701:18)\n    at _drainQueueStep (http://localhost:58922/__cypress/runner/cypress_runner.js:2407:12)\n    at _drainQueue (http://localhost:58922/__cypress/runner/cypress_runner.js:2400:9)\n    at Async._drainQueues (http://localhost:58922/__cypress/runner/cypress_runner.js:2416:5)\n    at Async.drainQueues (http://localhost:58922/__cypress/runner/cypress_runner.js:2286:14)\nFrom Your Spec Code:\n    at Context.eval (cypress/integration/step_definitions/backend/aa_token_generate.cy.js:8:16)",
                "diff": null
              },
              "uuid": "31c03c6e-5bc6-490b-bb31-29fc7ac9db06",
              "parentUUID": "01e529eb-e545-402c-94b0-adc3bc10f649",
              "isHook": false,
              "skipped": false
            },
            {
              "title": "Upgrade or downgrade usersubscription to any tier (example #3)",
              "fullTitle": "Upgrade or downgrade usersubscription Upgrade or downgrade usersubscription to any tier (example #3)",
              "timedOut": null,
              "duration": 720,
              "state": "failed",
              "speed": null,
              "pass": false,
              "fail": true,
              "pending": false,
              "context": null,
              "code": "const state = window.testState;\nreturn cy\n  .then(() => state.onStartScenario(scenario, indexedSteps))\n  .then(() =>\n    resolveAndRunBeforeHooks.call(this, scenario.tags, state.feature.name)\n  )\n  .then(() =>\n    indexedSteps.forEach((step) =>\n      stepTest.call(this, state, step, rowData)\n    )\n  )\n  .then(() => state.onFinishScenario(scenario));",
              "err": {
                "message": "CypressError: `cy.request()` failed on:\n\nhttps://rmzwitktjd.execute-api.us-east-1.amazonaws.com/Prod/upgrade_downgrade_usersubscription\n\nThe response we received from your web server was:\n\n  > 400: Bad Request\n\nThis was considered a failure because the status code was not `2xx` or `3xx`.\n\nIf you do not want status codes to cause failures pass the option: `failOnStatusCode: false`\n\n-----------------------------------------------------------\n\nThe request we sent was:\n\nMethod: POST\nURL: https://rmzwitktjd.execute-api.us-east-1.amazonaws.com/Prod/upgrade_downgrade_usersubscription\nHeaders: {\n  \"Connection\": \"keep-alive\",\n  \"Authorization\": \"Bearer eyJraWQiOiJ6ZG0yZ2NvUkltVXBmODFNWk54QnlEN2tRMGpMUXpucnpLVjNpaUd0bTk0PSIsImFsZyI6IlJTMjU2In0.eyJzdWIiOiI0NGI4YzQxOC0yMGExLTcwZTAtZGVmYi0wMmRlZjUzZjkxOGMiLCJlbWFpbF92ZXJpZmllZCI6dHJ1ZSwiaXNzIjoiaHR0cHM6XC9cL2NvZ25pdG8taWRwLnVzLWVhc3QtMS5hbWF6b25hd3MuY29tXC91cy1lYXN0LTFfVWJDN0p0R2xZIiwiY29nbml0bzp1c2VybmFtZSI6IjQ0YjhjNDE4LTIwYTEtNzBlMC1kZWZiLTAyZGVmNTNmOTE4YyIsIm9yaWdpbl9qdGkiOiI1MGVmZDQ2ZS02ODI0LTQ3NjEtYWI5Ny1lYzJiOWFiMjY1YzAiLCJhdWQiOiI2MGh0Nms0azA2OW9pNjk2bWMza2ZscGloOSIsImV2ZW50X2lkIjoiYWM3YWNjMDgtNTVkOC00YTI5LTkwY2YtZjg2MzA2MTllZmM2IiwidG9rZW5fdXNlIjoiaWQiLCJhdXRoX3RpbWUiOjE2OTY5NzE5OTIsImV4cCI6MTY5NzQwNzc1OSwiaWF0IjoxNjk3MzIxMzU5LCJqdGkiOiI1NDY3YTQwZi1iN2U1LTRmM2YtOGYxYS05NjQyZDM5OWUxZDEiLCJlbWFpbCI6ImFiZHVsbGF0aWYuYWtzdUBhYmV5aXMuY29tIn0.m1gaPoV18KGWIUmM9Le_fYm7G2HhhHOWJcYoxXlxhvr38wgQOcW8DMmX0tHOiOz4l99_DK5s2t7A8P87-dozqUsVksDb7JgdnnleyvAQUxCE-f0mpEh31AAzxCOdfhCcvwBPYY0MUntsagd4aW_bW7nbHTVyvoiGwQpRqZRccBOd1WdCCcfgChFXbHkfdgzquUr8wY3W1H5O1etzoaomUJlIrLwM7GXX2r-EJWEthflq4baLp4tqbEsvXDheZrMx1kxHctXjueJ29Fu51T22lYHZErWD-9dYyBmKzmWKQ0JVRvtzJnAIp789lz1LSLZMKJIDUNK10chHGg0_NCk9yQ\",\n  \"user-agent\": \"Mozilla/5.0 (Windows NT 10.0; Win64; x64) AppleWebKit/537.36 (KHTML, like Gecko) Cypress/13.3.1 Chrome/114.0.5735.289 Electron/25.8.4 Safari/537.36\",\n  \"accept\": \"*/*\",\n  \"accept-encoding\": \"gzip, deflate\",\n  \"content-type\": \"application/json\",\n  \"content-length\": 51\n}\nBody: {\"new_package_id\":\"price_1NyveXGRkOBpNhaCKR23bLoD\"}\n\n-----------------------------------------------------------\n\nThe response we got was:\n\nStatus: 400 - Bad Request\nHeaders: {\n  \"content-type\": \"application/json\",\n  \"content-length\": \"149\",\n  \"connection\": \"keep-alive\",\n  \"date\": \"Sat, 14 Oct 2023 22:09:19 GMT\",\n  \"x-amzn-requestid\": \"3144952b-5f1c-499c-9fad-f00f68ffdca4\",\n  \"x-amz-apigw-id\": \"Mz-udG_7IAMFwOw=\",\n  \"x-amzn-trace-id\": \"Root=1-652b118f-61178e5e4ec32a2e23bfde2a;Sampled=0;lineage=d08050fe:0\",\n  \"x-cache\": \"Error from cloudfront\",\n  \"via\": \"1.1 2f276f8b7ce92ba7a0844268d20c32ba.cloudfront.net (CloudFront)\",\n  \"x-amz-cf-pop\": \"JFK50-P6\",\n  \"x-amz-cf-id\": \"2DcpWFpIsAWqqwtk067YhnprxhV9pl5dpQHSb2ub61DedDOmFPmEeQ==\"\n}\nBody: Could not determine which URL to request: Subscription instance has invalid ID: None, <class 'NoneType'>. ID should be of type `str` (or `unicode`)\n\n\nhttps://on.cypress.io/request",
                "estack": "CypressError: `cy.request()` failed on:\n\nhttps://rmzwitktjd.execute-api.us-east-1.amazonaws.com/Prod/upgrade_downgrade_usersubscription\n\nThe response we received from your web server was:\n\n  > 400: Bad Request\n\nThis was considered a failure because the status code was not `2xx` or `3xx`.\n\nIf you do not want status codes to cause failures pass the option: `failOnStatusCode: false`\n\n-----------------------------------------------------------\n\nThe request we sent was:\n\nMethod: POST\nURL: https://rmzwitktjd.execute-api.us-east-1.amazonaws.com/Prod/upgrade_downgrade_usersubscription\nHeaders: {\n  \"Connection\": \"keep-alive\",\n  \"Authorization\": \"Bearer eyJraWQiOiJ6ZG0yZ2NvUkltVXBmODFNWk54QnlEN2tRMGpMUXpucnpLVjNpaUd0bTk0PSIsImFsZyI6IlJTMjU2In0.eyJzdWIiOiI0NGI4YzQxOC0yMGExLTcwZTAtZGVmYi0wMmRlZjUzZjkxOGMiLCJlbWFpbF92ZXJpZmllZCI6dHJ1ZSwiaXNzIjoiaHR0cHM6XC9cL2NvZ25pdG8taWRwLnVzLWVhc3QtMS5hbWF6b25hd3MuY29tXC91cy1lYXN0LTFfVWJDN0p0R2xZIiwiY29nbml0bzp1c2VybmFtZSI6IjQ0YjhjNDE4LTIwYTEtNzBlMC1kZWZiLTAyZGVmNTNmOTE4YyIsIm9yaWdpbl9qdGkiOiI1MGVmZDQ2ZS02ODI0LTQ3NjEtYWI5Ny1lYzJiOWFiMjY1YzAiLCJhdWQiOiI2MGh0Nms0azA2OW9pNjk2bWMza2ZscGloOSIsImV2ZW50X2lkIjoiYWM3YWNjMDgtNTVkOC00YTI5LTkwY2YtZjg2MzA2MTllZmM2IiwidG9rZW5fdXNlIjoiaWQiLCJhdXRoX3RpbWUiOjE2OTY5NzE5OTIsImV4cCI6MTY5NzQwNzc1OSwiaWF0IjoxNjk3MzIxMzU5LCJqdGkiOiI1NDY3YTQwZi1iN2U1LTRmM2YtOGYxYS05NjQyZDM5OWUxZDEiLCJlbWFpbCI6ImFiZHVsbGF0aWYuYWtzdUBhYmV5aXMuY29tIn0.m1gaPoV18KGWIUmM9Le_fYm7G2HhhHOWJcYoxXlxhvr38wgQOcW8DMmX0tHOiOz4l99_DK5s2t7A8P87-dozqUsVksDb7JgdnnleyvAQUxCE-f0mpEh31AAzxCOdfhCcvwBPYY0MUntsagd4aW_bW7nbHTVyvoiGwQpRqZRccBOd1WdCCcfgChFXbHkfdgzquUr8wY3W1H5O1etzoaomUJlIrLwM7GXX2r-EJWEthflq4baLp4tqbEsvXDheZrMx1kxHctXjueJ29Fu51T22lYHZErWD-9dYyBmKzmWKQ0JVRvtzJnAIp789lz1LSLZMKJIDUNK10chHGg0_NCk9yQ\",\n  \"user-agent\": \"Mozilla/5.0 (Windows NT 10.0; Win64; x64) AppleWebKit/537.36 (KHTML, like Gecko) Cypress/13.3.1 Chrome/114.0.5735.289 Electron/25.8.4 Safari/537.36\",\n  \"accept\": \"*/*\",\n  \"accept-encoding\": \"gzip, deflate\",\n  \"content-type\": \"application/json\",\n  \"content-length\": 51\n}\nBody: {\"new_package_id\":\"price_1NyveXGRkOBpNhaCKR23bLoD\"}\n\n-----------------------------------------------------------\n\nThe response we got was:\n\nStatus: 400 - Bad Request\nHeaders: {\n  \"content-type\": \"application/json\",\n  \"content-length\": \"149\",\n  \"connection\": \"keep-alive\",\n  \"date\": \"Sat, 14 Oct 2023 22:09:19 GMT\",\n  \"x-amzn-requestid\": \"3144952b-5f1c-499c-9fad-f00f68ffdca4\",\n  \"x-amz-apigw-id\": \"Mz-udG_7IAMFwOw=\",\n  \"x-amzn-trace-id\": \"Root=1-652b118f-61178e5e4ec32a2e23bfde2a;Sampled=0;lineage=d08050fe:0\",\n  \"x-cache\": \"Error from cloudfront\",\n  \"via\": \"1.1 2f276f8b7ce92ba7a0844268d20c32ba.cloudfront.net (CloudFront)\",\n  \"x-amz-cf-pop\": \"JFK50-P6\",\n  \"x-amz-cf-id\": \"2DcpWFpIsAWqqwtk067YhnprxhV9pl5dpQHSb2ub61DedDOmFPmEeQ==\"\n}\nBody: Could not determine which URL to request: Subscription instance has invalid ID: None, <class 'NoneType'>. ID should be of type `str` (or `unicode`)\n\n\nhttps://on.cypress.io/request\n    at <unknown> (http://localhost:58922/__cypress/runner/cypress_runner.js:133251:72)\n    at tryCatcher (http://localhost:58922/__cypress/runner/cypress_runner.js:1807:23)\n    at Promise._settlePromiseFromHandler (http://localhost:58922/__cypress/runner/cypress_runner.js:1519:31)\n    at Promise._settlePromise (http://localhost:58922/__cypress/runner/cypress_runner.js:1576:18)\n    at Promise._settlePromise0 (http://localhost:58922/__cypress/runner/cypress_runner.js:1621:10)\n    at Promise._settlePromises (http://localhost:58922/__cypress/runner/cypress_runner.js:1701:18)\n    at _drainQueueStep (http://localhost:58922/__cypress/runner/cypress_runner.js:2407:12)\n    at _drainQueue (http://localhost:58922/__cypress/runner/cypress_runner.js:2400:9)\n    at Async._drainQueues (http://localhost:58922/__cypress/runner/cypress_runner.js:2416:5)\n    at Async.drainQueues (http://localhost:58922/__cypress/runner/cypress_runner.js:2286:14)\nFrom Your Spec Code:\n    at Context.eval (cypress/integration/step_definitions/backend/aa_token_generate.cy.js:8:16)",
                "diff": null
              },
              "uuid": "6fb9e7b1-1b55-4282-b748-be8bfe07aac7",
              "parentUUID": "01e529eb-e545-402c-94b0-adc3bc10f649",
              "isHook": false,
              "skipped": false
            }
          ],
          "suites": [],
          "passes": [],
          "failures": [
            "db750809-ae35-41a9-a399-e6f89188ba56",
            "31c03c6e-5bc6-490b-bb31-29fc7ac9db06",
            "6fb9e7b1-1b55-4282-b748-be8bfe07aac7"
          ],
          "pending": [],
          "skipped": [],
          "duration": 6165,
          "root": false,
          "rootEmpty": false,
          "_timeout": 2000
        }
      ],
      "passes": [],
      "failures": [],
      "pending": [],
      "skipped": [],
      "duration": 0,
      "root": true,
      "rootEmpty": true,
      "_timeout": 2000
    }
  ],
  "meta": {
    "mocha": {
      "version": "7.0.1"
    },
    "mochawesome": {
      "options": {
        "quiet": true,
        "reportFilename": "mochawesome",
        "saveHtml": true,
        "saveJson": true,
        "consoleReporter": "spec",
        "useInlineDiffs": false,
        "code": true
      },
      "version": "7.1.3"
    },
    "marge": {
      "options": {
        "jsonDir": "cypress/reports/mochawesome.json",
        "overwrite": false,
        "html": true,
        "quiet": true
      },
      "version": "6.2.0"
    }
  }
}